TN:
SF:/Library/Developer/CommandLineTools/SDKs/MacOSX.sdk/usr/include/_ctype.h
FN:135,137,isascii
FN:153,159,__istype
FN:267,269,isspace
FNDA:0,isascii
FNDA:0,__istype
FNDA:0,isspace
FNF:3
FNH:0
DA:135,0
DA:137,0
DA:153,0
DA:158,0
DA:159,0
DA:267,0
DA:269,0
LF:7
LH:0
end_of_record
TN:
SF:/Users/mac/rustmap-clone/c-code/which-2.21/bash.c
FN:121,146,getmaxgroups
FN:150,199,initialize_group_array
FN:205,234,group_member
FN:242,324,file_status
FN:331,333,absolute_program
FN:340,350,substring
FN:357,396,extract_colon_unit
FN:404,420,get_next_path_element
FN:426,437,make_full_pathname
FN:441,470,get_current_user_info
FN:473,475,sh_get_env_value
FN:478,482,sh_get_home_dir
FN:82,102,uidget
FNDA:2,getmaxgroups
FNDA:2,initialize_group_array
FNDA:2,group_member
FNDA:14,file_status
FNDA:2,absolute_program
FNDA:14,substring
FNDA:14,extract_colon_unit
FNDA:14,get_next_path_element
FNDA:14,make_full_pathname
FNDA:0,get_current_user_info
FNDA:0,sh_get_env_value
FNDA:0,sh_get_home_dir
FNDA:2,uidget
FNF:13
FNH:10
DA:82,2
DA:84,2
DA:86,2
DA:87,2
DA:89,2
DA:90,2
DA:91,2
DA:92,2
DA:93,2
DA:94,2
DA:95,2
DA:96,2
DA:97,2
DA:100,2
DA:101,2
DA:102,2
DA:121,2
DA:125,2
DA:126,0
DA:129,2
DA:142,2
DA:143,0
DA:145,2
DA:146,2
DA:150,2
DA:152,2
DA:154,2
DA:155,2
DA:157,2
DA:158,2
DA:161,2
DA:166,2
DA:168,0
DA:169,0
DA:170,0
DA:174,2
DA:175,2
DA:176,2
DA:177,2
DA:179,0
DA:180,0
DA:181,0
DA:182,0
DA:183,0
DA:188,2
DA:190,0
DA:191,0
DA:192,0
DA:193,0
DA:195,0
DA:196,0
DA:197,0
DA:198,0
DA:199,2
DA:205,2
DA:212,2
DA:216,2
DA:217,0
DA:220,2
DA:221,2
DA:224,2
DA:225,0
DA:228,34
DA:229,32
DA:230,0
DA:233,2
DA:234,2
DA:242,14
DA:244,14
DA:245,14
DA:248,14
DA:249,12
DA:253,2
DA:254,0
DA:256,2
DA:287,2
DA:289,0
DA:290,0
DA:291,0
DA:292,0
DA:296,2
DA:298,0
DA:299,0
DA:300,0
DA:301,0
DA:302,0
DA:305,2
DA:307,0
DA:308,0
DA:309,0
DA:310,0
DA:311,0
DA:316,2
DA:317,2
DA:318,2
DA:319,2
DA:322,2
DA:324,14
DA:331,2
DA:333,2
DA:340,14
DA:342,14
DA:343,14
DA:345,14
DA:346,14
DA:347,14
DA:348,14
DA:349,28
DA:350,14
DA:357,14
DA:359,14
DA:360,14
DA:362,14
DA:363,0
DA:365,14
DA:366,14
DA:367,0
DA:369,14
DA:376,14
DA:377,12
DA:379,338
DA:382,14
DA:384,14
DA:386,0
DA:387,0
DA:389,0
DA:390,0
DA:391,0
DA:393,14
DA:395,14
DA:396,14
DA:404,14
DA:406,14
DA:408,14
DA:410,14
DA:411,0
DA:413,14
DA:415,0
DA:416,0
DA:417,0
DA:419,14
DA:420,14
DA:426,14
DA:428,14
DA:429,14
DA:431,14
DA:432,14
DA:433,14
DA:434,14
DA:435,14
DA:436,28
DA:437,14
DA:441,0
DA:443,0
DA:446,0
DA:451,0
DA:453,0
DA:455,0
DA:456,0
DA:457,0
DA:458,0
DA:459,0
DA:460,0
DA:463,0
DA:464,0
DA:465,0
DA:466,0
DA:468,0
DA:469,0
DA:470,0
DA:473,0
DA:475,0
DA:478,0
DA:480,0
DA:481,0
DA:482,0
LF:176
LH:105
end_of_record
TN:
SF:/Users/mac/rustmap-clone/c-code/which-2.21/which.c
FN:168,193,get_current_working_directory
FN:195,245,path_clean_up
FN:262,286,func_search
FN:28,51,print_usage
FN:288,337,path_search
FN:339,407,process_alias
FN:429,675,main
FN:53,59,print_version
FN:61,64,print_fail
FN:678,687,xmalloc
FN:689,700,xrealloc
FN:77,163,find_command_in_path
FNDA:0,get_current_working_directory
FNDA:2,path_clean_up
FNDA:0,func_search
FNDA:0,print_usage
FNDA:2,path_search
FNDA:0,process_alias
FNDA:2,main
FNDA:0,print_version
FNDA:0,print_fail
FNDA:30,xmalloc
FNDA:2,xrealloc
FNDA:2,find_command_in_path
FNF:12
FNH:6
DA:28,0
DA:30,0
DA:31,0
DA:32,0
DA:33,0
DA:34,0
DA:35,0
DA:36,0
DA:37,0
DA:38,0
DA:39,0
DA:40,0
DA:41,0
DA:42,0
DA:43,0
DA:44,0
DA:45,0
DA:46,0
DA:47,0
DA:48,0
DA:49,0
DA:50,0
DA:51,0
DA:53,0
DA:55,0
DA:56,0
DA:57,0
DA:58,0
DA:59,0
DA:61,0
DA:63,0
DA:64,0
DA:77,2
DA:79,2
DA:80,2
DA:82,2
DA:84,2
DA:85,2
DA:88,0
DA:89,0
DA:91,0
DA:92,0
DA:94,0
DA:96,0
DA:97,0
DA:98,0
DA:99,0
DA:102,0
DA:103,0
DA:106,0
DA:107,0
DA:108,0
DA:109,0
DA:110,0
DA:112,16
DA:114,14
DA:116,14
DA:118,0
DA:119,0
DA:120,0
DA:122,14
DA:124,14
DA:125,0
DA:127,14
DA:129,0
DA:130,0
DA:131,0
DA:133,0
DA:135,0
DA:136,0
DA:138,0
DA:140,14
DA:142,0
DA:143,0
DA:146,14
DA:148,14
DA:149,14
DA:151,14
DA:153,14
DA:155,2
DA:156,2
DA:159,12
DA:160,14
DA:162,4
DA:163,2
DA:168,0
DA:170,0
DA:171,0
DA:173,0
DA:175,0
DA:176,0
DA:177,0
DA:178,0
DA:180,0
DA:182,0
DA:183,0
DA:186,0
DA:188,0
DA:190,0
DA:191,0
DA:192,0
DA:193,0
DA:195,2
DA:199,2
DA:200,2
DA:202,2
DA:204,2
DA:206,0
DA:207,0
DA:208,0
DA:209,0
DA:210,0
DA:212,2
DA:218,28
DA:219,28
DA:220,28
DA:221,0
DA:222,28
DA:224,0
DA:225,0
DA:227,0
DA:229,0
DA:230,0
DA:232,0
DA:233,0
DA:234,0
DA:235,0
DA:236,0
DA:237,0
DA:238,28
DA:239,28
DA:240,28
DA:241,28
DA:242,28
DA:244,2
DA:245,2
DA:262,0
DA:264,0
DA:265,0
DA:267,0
DA:269,0
DA:270,0
DA:271,0
DA:272,0
DA:273,0
DA:275,0
DA:276,0
DA:278,0
DA:279,0
DA:280,0
DA:281,0
DA:282,0
DA:283,0
DA:284,0
DA:285,0
DA:286,0
DA:288,2
DA:290,2
DA:291,2
DA:293,2
DA:295,2
DA:296,2
DA:297,2
DA:299,2
DA:300,2
DA:301,2
DA:303,2
DA:304,2
DA:305,2
DA:306,0
DA:307,2
DA:309,0
DA:310,0
DA:311,0
DA:312,2
DA:314,0
DA:316,0
DA:317,0
DA:318,0
DA:320,0
DA:322,0
DA:323,0
DA:324,0
DA:325,0
DA:326,2
DA:327,2
DA:328,2
DA:329,2
DA:331,0
DA:332,2
DA:333,2
DA:334,2
DA:336,4
DA:337,2
DA:339,0
DA:341,0
DA:342,0
DA:344,0
DA:345,0
DA:346,0
DA:347,0
DA:348,0
DA:349,0
DA:350,0
DA:351,0
DA:353,0
DA:355,0
DA:356,0
DA:358,0
DA:359,0
DA:361,0
DA:363,0
DA:364,0
DA:366,0
DA:367,0
DA:368,0
DA:369,0
DA:370,0
DA:371,0
DA:372,0
DA:373,0
DA:375,0
DA:377,0
DA:379,0
DA:380,0
DA:381,0
DA:382,0
DA:383,0
DA:385,0
DA:386,0
DA:387,0
DA:388,0
DA:389,0
DA:390,0
DA:391,0
DA:392,0
DA:393,0
DA:394,0
DA:396,0
DA:397,0
DA:399,0
DA:400,0
DA:402,0
DA:403,0
DA:405,0
DA:406,0
DA:407,0
DA:429,2
DA:431,2
DA:432,2
DA:434,2
DA:450,2
DA:451,2
DA:453,0
DA:456,0
DA:459,0
DA:460,0
DA:462,0
DA:463,0
DA:465,0
DA:466,0
DA:468,0
DA:469,0
DA:471,0
DA:472,0
DA:474,0
DA:475,0
DA:477,0
DA:478,0
DA:480,0
DA:481,0
DA:483,0
DA:484,0
DA:486,0
DA:487,0
DA:489,0
DA:491,0
DA:492,0
DA:494,0
DA:495,0
DA:498,0
DA:499,0
DA:503,2
DA:505,2
DA:506,0
DA:508,2
DA:510,0
DA:512,0
DA:513,0
DA:515,0
DA:516,0
DA:517,0
DA:518,0
DA:520,0
DA:521,0
DA:522,0
DA:523,0
DA:525,2
DA:526,0
DA:528,2
DA:529,0
DA:531,2
DA:532,2
DA:534,2
DA:536,0
DA:537,0
DA:540,2
DA:541,2
DA:543,0
DA:544,0
DA:546,0
DA:548,0
DA:549,0
DA:550,0
DA:552,0
DA:554,0
DA:555,0
DA:556,0
DA:569,0
DA:570,0
DA:571,0
DA:572,0
DA:574,0
DA:575,0
DA:576,0
DA:582,0
DA:583,0
DA:585,0
DA:586,0
DA:587,0
DA:588,0
DA:589,0
DA:590,0
DA:593,0
DA:594,0
DA:595,0
DA:597,0
DA:598,0
DA:599,0
DA:600,0
DA:601,0
DA:602,0
DA:604,0
DA:605,0
DA:607,0
DA:608,0
DA:610,0
DA:613,0
DA:615,0
DA:616,0
DA:617,0
DA:619,0
DA:620,0
DA:622,0
DA:624,0
DA:625,0
DA:626,0
DA:627,0
DA:628,0
DA:629,0
DA:630,0
DA:631,0
DA:632,0
DA:633,0
DA:634,0
DA:635,0
DA:637,0
DA:638,0
DA:639,0
DA:640,0
DA:641,0
DA:643,0
DA:644,0
DA:645,0
DA:646,0
DA:647,0
DA:648,0
DA:649,0
DA:651,0
DA:652,0
DA:653,0
DA:654,0
DA:655,0
DA:657,4
DA:659,2
DA:661,2
DA:662,0
DA:664,2
DA:665,0
DA:667,2
DA:669,0
DA:670,0
DA:671,0
DA:672,2
DA:674,2
DA:675,2
DA:678,30
DA:680,30
DA:681,30
DA:683,0
DA:684,0
DA:686,60
DA:687,30
DA:689,2
DA:691,2
DA:692,2
DA:693,0
DA:694,0
DA:696,0
DA:697,0
DA:699,0
DA:700,2
LF:412
LH:98
end_of_record
