TN:
SF:/Library/Developer/CommandLineTools/SDKs/MacOSX.sdk/usr/include/_ctype.h
FN:135,137,isascii
FN:153,159,__istype
FN:164,170,__isctype
FN:237,239,isdigit
FN:267,269,isspace
FNDA:0,isascii
FNDA:0,__istype
FNDA:0,__isctype
FNDA:0,isdigit
FNDA:0,isspace
FNF:5
FNH:0
DA:135,0
DA:137,0
DA:153,0
DA:158,0
DA:159,0
DA:164,0
DA:169,0
DA:170,0
DA:237,0
DA:239,0
DA:267,0
DA:269,0
LF:12
LH:0
end_of_record
TN:
SF:/Users/mac/rustmap-clone/c-code/bzip2-1.0.8/blocksort.c
FN:1031,1089,BZ2_blockSort
FN:212,329,fallbackSort
FN:32,59,fallbackSimpleSort
FN:347,469,mainGtU
FN:485,555,mainSimpleSort
FN:583,592,mmed3
FN:621,717,mainQSort3
FN:751,1011,mainSort
FN:93,180,fallbackQSort3
FNDA:37,BZ2_blockSort
FNDA:9,fallbackSort
FNDA:311796,fallbackSimpleSort
FNDA:3901141,mainGtU
FNDA:201625,mainSimpleSort
FNDA:99150,mmed3
FNDA:38907,mainQSort3
FNDA:37,mainSort
FNDA:1440,fallbackQSort3
FNF:9
FNH:9
DA:32,311796
DA:37,311796
DA:38,311796
DA:40,311796
DA:42,309321
DA:43,449190
DA:44,343098
DA:45,343098
DA:46,346932
DA:47,3834
DA:48,343098
DA:49,343098
DA:50,106092
DA:52,973026
DA:53,663705
DA:54,663705
DA:55,679185
DA:56,15480
DA:57,663705
DA:58,663705
DA:59,311796
DA:93,1440
DA:98,1440
DA:99,1440
DA:100,1440
DA:101,1440
DA:102,1440
DA:104,1440
DA:106,1440
DA:107,1440
DA:109,623628
DA:111,622188
DA:113,622188
DA:114,622188
DA:115,311796
DA:116,311796
DA:126,310392
DA:127,310392
DA:128,310392
DA:129,208161
DA:130,102807
DA:132,310392
DA:133,310392
DA:135,1525419
DA:136,28849707
DA:137,28849707
DA:138,28744929
DA:139,28744929
DA:140,16404975
DA:141,16404975
DA:142,16404975
DA:144,12339954
DA:145,10919313
DA:147,12359025
DA:148,12359025
DA:149,12048633
DA:150,12048633
DA:151,5805
DA:152,5805
DA:153,5805
DA:155,12042828
DA:156,10827801
DA:158,1525419
DA:159,1215027
DA:164,310392
DA:166,1105191
DA:167,316179
DA:169,310374
DA:170,310374
DA:172,310374
DA:173,104427
DA:174,104427
DA:175,104427
DA:176,205947
DA:177,205947
DA:180,1440
DA:212,9
DA:218,9
DA:219,9
DA:220,9
DA:221,9
DA:222,9
DA:223,9
DA:229,9
DA:230,0
DA:231,2322
DA:232,1082205
DA:233,2313
DA:234,2313
DA:236,1082205
DA:237,1082196
DA:238,1082196
DA:239,1082196
DA:240,1082196
DA:241,1082196
DA:243,9
DA:244,33840
DA:245,2313
DA:254,297
DA:255,288
DA:256,288
DA:257,288
DA:260,9
DA:261,153
DA:263,153
DA:264,0
DA:266,153
DA:267,18397485
DA:268,18397332
DA:269,18397332
DA:270,18397332
DA:271,18397332
DA:273,153
DA:274,153
DA:275,1593
DA:278,1593
DA:279,9540
DA:280,1593
DA:281,38034
DA:282,10404
DA:283,639
DA:284,1593
DA:285,1593
DA:286,12168
DA:287,1440
DA:288,536949
DA:289,12609
DA:290,684
DA:291,1440
DA:292,1440
DA:295,1440
DA:296,1440
DA:297,1440
DA:300,1440
DA:301,17186013
DA:302,17184573
DA:303,17184573
DA:304,17184573
DA:305,1440
DA:308,153
DA:309,0
DA:311,153
DA:312,153
DA:320,9
DA:321,0
DA:322,9
DA:323,1082205
DA:324,1083285
DA:325,1082196
DA:326,1082196
DA:327,1082196
DA:328,9
DA:329,9
DA:347,3901141
DA:354,3901141
DA:355,3901141
DA:356,3901141
DA:360,3901141
DA:361,3901141
DA:362,2361697
DA:364,2361697
DA:365,2361697
DA:366,1549554
DA:368,1549554
DA:369,1549554
DA:370,1132491
DA:372,1132491
DA:373,1132491
DA:374,845969
DA:376,845969
DA:377,845969
DA:378,643974
DA:380,643974
DA:381,643974
DA:382,516537
DA:384,516537
DA:385,516537
DA:386,420168
DA:388,420168
DA:389,420168
DA:390,335392
DA:392,335392
DA:393,335392
DA:394,272446
DA:396,272446
DA:397,272446
DA:398,222478
DA:400,222478
DA:401,222478
DA:402,183313
DA:404,183313
DA:405,183313
DA:406,153434
DA:408,153434
DA:410,153434
DA:412,10112419
DA:413,10112419
DA:414,10083505
DA:415,10083505
DA:416,10051821
DA:418,10051821
DA:419,10051821
DA:420,10035939
DA:421,10035939
DA:422,10023106
DA:424,10023106
DA:425,10023106
DA:426,10013253
DA:427,10013253
DA:428,10005267
DA:430,10005267
DA:431,10005267
DA:432,9996420
DA:433,9996420
DA:434,9991481
DA:436,9991481
DA:437,9991481
DA:438,9980687
DA:439,9980687
DA:440,9976733
DA:442,9976733
DA:443,9976733
DA:444,9971898
DA:445,9971898
DA:446,9968546
DA:448,9968546
DA:449,9968546
DA:450,9965097
DA:451,9965097
DA:452,9962805
DA:454,9962805
DA:455,9962805
DA:456,9960329
DA:457,9960329
DA:458,9958985
DA:460,9958985
DA:461,9958985
DA:463,9958985
DA:464,9958985
DA:465,9958985
DA:466,9958985
DA:468,0
DA:469,3901141
DA:485,201625
DA:494,201625
DA:495,201625
DA:497,201625
DA:498,201625
DA:500,163822
DA:501,476449
DA:502,163822
DA:504,476368
DA:505,312555
DA:507,312555
DA:508,949442
DA:511,949442
DA:512,860493
DA:513,860493
DA:514,1361313
DA:515,1361313
DA:517,720436
DA:518,720436
DA:519,720436
DA:521,860493
DA:522,860493
DA:525,860493
DA:526,732019
DA:527,732019
DA:528,1297994
DA:529,1297994
DA:531,717178
DA:532,717178
DA:533,717178
DA:535,732019
DA:536,732019
DA:539,732019
DA:540,636896
DA:541,636896
DA:542,1241834
DA:543,1241834
DA:545,722065
DA:546,722065
DA:547,722065
DA:549,636896
DA:550,636896
DA:552,636896
DA:554,312546
DA:555,201625
DA:583,99150
DA:585,99150
DA:586,99150
DA:587,99150
DA:588,36051
DA:589,36051
DA:590,36051
DA:591,198300
DA:592,99150
DA:621,38907
DA:630,38907
DA:631,38907
DA:633,38907
DA:634,38907
DA:635,38907
DA:637,38907
DA:638,38907
DA:639,38907
DA:641,38907
DA:642,38907
DA:644,339673
DA:646,300775
DA:648,300775
DA:649,300775
DA:650,99400
DA:651,201625
DA:652,201625
DA:653,201616
DA:656,99150
DA:657,198300
DA:658,99150
DA:659,99150
DA:661,99150
DA:662,99150
DA:664,676957
DA:665,7658456
DA:666,7658456
DA:667,7600883
DA:668,7600883
DA:669,5680330
DA:670,5680330
DA:672,1920553
DA:673,1301169
DA:675,3001870
DA:676,3001870
DA:677,2902720
DA:678,2902720
DA:679,1005670
DA:680,1005670
DA:682,1897050
DA:683,1319243
DA:685,676957
DA:686,577807
DA:691,99150
DA:692,17791
DA:693,17791
DA:696,745288
DA:697,710857
DA:699,81359
DA:700,81359
DA:702,81359
DA:703,81359
DA:704,81359
DA:706,81359
DA:707,81359
DA:708,81359
DA:713,81359
DA:714,81359
DA:715,81359
DA:717,38907
DA:751,37
DA:759,37
DA:760,37
DA:761,37
DA:762,37
DA:763,37
DA:764,37
DA:765,37
DA:766,37
DA:767,37
DA:770,2424906
DA:772,37
DA:773,37
DA:774,991800
DA:775,991763
DA:776,991763
DA:777,991763
DA:778,991763
DA:779,991763
DA:780,991763
DA:781,991763
DA:782,991763
DA:783,991763
DA:784,991763
DA:785,991763
DA:786,991763
DA:787,991763
DA:788,93
DA:789,56
DA:790,56
DA:791,56
DA:792,56
DA:795,1295
DA:796,1258
DA:797,1258
DA:798,1258
DA:800,37
DA:803,2424869
DA:805,37
DA:806,37
DA:807,991800
DA:808,991763
DA:809,991763
DA:810,991763
DA:811,991763
DA:812,991763
DA:813,991763
DA:814,991763
DA:815,991763
DA:816,991763
DA:817,991763
DA:818,991763
DA:819,991763
DA:820,991763
DA:821,991763
DA:822,991763
DA:823,991763
DA:824,991763
DA:825,93
DA:826,56
DA:827,56
DA:828,56
DA:829,56
DA:830,56
DA:837,9509
DA:838,9472
DA:839,9472
DA:840,9472
DA:843,37
DA:844,37
DA:845,185
DA:846,37
DA:847,185
DA:848,40922
DA:849,40737
DA:850,40737
DA:851,73860
DA:852,37389
DA:853,37389
DA:854,37389
DA:857,40737
DA:858,40737
DA:859,185
DA:860,37
DA:866,37
DA:868,9473
DA:876,9445
DA:886,2425997
DA:887,2416561
DA:888,2407116
DA:889,2407116
DA:890,1207644
DA:891,1207644
DA:892,1207644
DA:893,38907
DA:894,0
DA:897,38907
DA:898,38907
DA:899,38907
DA:901,38907
DA:902,38907
DA:903,38898
DA:904,1207644
DA:905,2407107
DA:906,2407107
DA:907,2416552
DA:909,9436
DA:919,2425052
DA:920,2415616
DA:921,2415616
DA:922,2415616
DA:923,1300227
DA:924,1290791
DA:925,1290791
DA:926,1290791
DA:927,601144
DA:928,1290791
DA:929,1605528
DA:930,1596092
DA:931,1596092
DA:932,1596092
DA:933,807803
DA:934,1596092
DA:937,9436
DA:946,2425052
DA:987,9436
DA:989,9436
DA:990,9408
DA:991,9408
DA:992,9408
DA:994,9408
DA:996,2681025
DA:997,2671617
DA:998,2671617
DA:999,2671617
DA:1000,2671617
DA:1001,1231
DA:1002,2671617
DA:1003,9408
DA:1004,9408
DA:1006,9436
DA:1008,28
DA:1009,0
DA:1011,37
DA:1031,37
DA:1033,37
DA:1034,37
DA:1035,37
DA:1036,37
DA:1037,37
DA:1038,37
DA:1039,37
DA:1040,37
DA:1041,37
DA:1042,37
DA:1044,37
DA:1045,0
DA:1046,0
DA:1052,37
DA:1053,37
DA:1054,37
DA:1063,37
DA:1064,37
DA:1065,37
DA:1066,37
DA:1068,37
DA:1069,37
DA:1070,0
DA:1075,37
DA:1076,9
DA:1077,0
DA:1079,9
DA:1080,9
DA:1083,37
DA:1084,3112281
DA:1085,3112281
DA:1086,37
DA:1088,37
DA:1089,37
LF:537
LH:526
end_of_record
TN:
SF:/Users/mac/rustmap-clone/c-code/bzip2-1.0.8/bzip2.c
FN:1038,1046,saveInputFileMetaInfo
FN:1050,1062,applySavedTimeInfoToOutputFile
FN:1065,1078,applySavedFileAttrToOutputFile
FN:1083,1089,containsDubiousChars
FN:1110,1117,hasSuffix
FN:1120,1128,mapSuffix
FN:1133,1309,compress
FN:1314,1507,uncompress
FN:1512,1596,testf
FN:1601,1621,license
FN:1626,1665,usage
FN:1670,1676,redundant
FN:1704,1711,myMalloc
FN:1716,1724,mkCell
FN:1729,1742,snocString
FN:1747,1770,addFlagsFromEnvVar
FN:1776,2031,main
FN:238,248,uInt64_from_UInt32s
FN:252,262,uInt64_to_double
FN:266,272,uInt64_isZero
FN:277,288,uInt64_qrm10
FN:295,309,uInt64_toAscii
FN:318,324,myfeof
FN:329,427,compressStream
FN:433,549,uncompressStream
FN:554,642,testStream
FN:651,654,setExit
FN:659,669,cadvise
FN:674,682,showFileNames
FN:687,740,cleanUpAndFail
FN:746,755,panic
FN:761,768,crcError
FN:774,785,compressedStreamEOF
FN:791,799,ioError
FN:805,810,mySignalCatcher
FN:816,866,mySIGSEGVorSIGBUScatcher
FN:872,878,outOfMemory
FN:884,893,configError
FN:908,914,pad
FN:919,935,copyFileName
FN:940,946,fileExists
FN:960,973,fopen_output_safely
FN:981,990,notAStandardFile
FN:998,1006,countHardLinks
FNDA:0,saveInputFileMetaInfo
FNDA:0,applySavedTimeInfoToOutputFile
FNDA:0,applySavedFileAttrToOutputFile
FNDA:0,containsDubiousChars
FNDA:112,hasSuffix
FNDA:0,mapSuffix
FNDA:28,compress
FNDA:15,uncompress
FNDA:0,testf
FNDA:0,license
FNDA:0,usage
FNDA:0,redundant
FNDA:86,myMalloc
FNDA:43,mkCell
FNDA:43,snocString
FNDA:86,addFlagsFromEnvVar
FNDA:43,main
FNDA:0,uInt64_from_UInt32s
FNDA:0,uInt64_to_double
FNDA:0,uInt64_isZero
FNDA:0,uInt64_qrm10
FNDA:0,uInt64_toAscii
FNDA:855,myfeof
FNDA:28,compressStream
FNDA:15,uncompressStream
FNDA:0,testStream
FNDA:0,setExit
FNDA:0,cadvise
FNDA:0,showFileNames
FNDA:0,cleanUpAndFail
FNDA:0,panic
FNDA:0,crcError
FNDA:0,compressedStreamEOF
FNDA:0,ioError
FNDA:0,mySignalCatcher
FNDA:0,mySIGSEGVorSIGBUScatcher
FNDA:0,outOfMemory
FNDA:0,configError
FNDA:0,pad
FNDA:215,copyFileName
FNDA:0,fileExists
FNDA:0,fopen_output_safely
FNDA:0,notAStandardFile
FNDA:0,countHardLinks
FNF:44
FNH:12
DA:238,0
DA:240,0
DA:241,0
DA:242,0
DA:243,0
DA:244,0
DA:245,0
DA:246,0
DA:247,0
DA:248,0
DA:252,0
DA:254,0
DA:255,0
DA:256,0
DA:257,0
DA:258,0
DA:259,0
DA:260,0
DA:261,0
DA:262,0
DA:266,0
DA:268,0
DA:269,0
DA:270,0
DA:271,0
DA:272,0
DA:277,0
DA:279,0
DA:280,0
DA:281,0
DA:282,0
DA:283,0
DA:284,0
DA:285,0
DA:286,0
DA:287,0
DA:288,0
DA:295,0
DA:297,0
DA:298,0
DA:299,0
DA:300,0
DA:301,0
DA:302,0
DA:303,0
DA:304,0
DA:305,0
DA:306,0
DA:307,0
DA:308,0
DA:309,0
DA:318,855
DA:320,855
DA:321,855
DA:322,812
DA:323,812
DA:324,855
DA:329,28
DA:331,28
DA:332,28
DA:333,28
DA:334,28
DA:335,28
DA:336,28
DA:341,28
DA:342,28
DA:344,56
DA:345,28
DA:346,28
DA:348,28
DA:350,840
DA:352,840
DA:353,812
DA:354,812
DA:355,812
DA:356,812
DA:360,28
DA:363,28
DA:365,28
DA:366,28
DA:367,28
DA:368,28
DA:369,0
DA:370,0
DA:371,0
DA:372,0
DA:373,0
DA:374,0
DA:375,0
DA:376,28
DA:377,28
DA:378,28
DA:379,28
DA:381,28
DA:382,0
DA:383,0
DA:384,0
DA:385,0
DA:386,0
DA:387,0
DA:388,0
DA:389,0
DA:390,0
DA:391,0
DA:392,0
DA:393,0
DA:394,0
DA:395,0
DA:396,0
DA:398,0
DA:399,0
DA:400,0
DA:401,0
DA:402,0
DA:404,0
DA:405,0
DA:407,28
DA:410,0
DA:413,0
DA:415,0
DA:417,0
DA:420,0
DA:422,0
DA:427,28
DA:433,15
DA:435,15
DA:436,15
DA:437,15
DA:438,15
DA:439,15
DA:440,15
DA:441,15
DA:443,15
DA:444,15
DA:449,15
DA:450,15
DA:452,30
DA:454,15
DA:455,15
DA:456,15
DA:458,15
DA:459,15
DA:461,455
DA:462,440
DA:463,440
DA:464,440
DA:465,440
DA:466,440
DA:468,15
DA:470,15
DA:471,15
DA:473,15
DA:474,15
DA:476,15
DA:477,15
DA:479,15
DA:483,15
DA:484,15
DA:485,0
DA:486,0
DA:487,0
DA:488,0
DA:489,15
DA:490,15
DA:492,15
DA:493,15
DA:494,15
DA:495,15
DA:496,0
DA:497,0
DA:498,0
DA:499,0
DA:500,15
DA:501,15
DA:502,15
DA:505,0
DA:506,0
DA:507,0
DA:508,0
DA:509,0
DA:510,0
DA:511,0
DA:512,0
DA:514,0
DA:518,0
DA:519,0
DA:521,0
DA:524,0
DA:526,0
DA:528,0
DA:530,0
DA:532,0
DA:533,0
DA:534,0
DA:535,0
DA:537,0
DA:538,0
DA:540,0
DA:541,0
DA:544,0
DA:549,15
DA:554,0
DA:556,0
DA:557,0
DA:558,0
DA:559,0
DA:560,0
DA:561,0
DA:562,0
DA:564,0
DA:565,0
DA:568,0
DA:570,0
DA:572,0
DA:573,0
DA:574,0
DA:576,0
DA:577,0
DA:579,0
DA:580,0
DA:581,0
DA:583,0
DA:585,0
DA:586,0
DA:588,0
DA:589,0
DA:591,0
DA:592,0
DA:593,0
DA:597,0
DA:598,0
DA:599,0
DA:601,0
DA:602,0
DA:605,0
DA:606,0
DA:607,0
DA:608,0
DA:610,0
DA:613,0
DA:615,0
DA:617,0
DA:619,0
DA:621,0
DA:623,0
DA:625,0
DA:626,0
DA:627,0
DA:629,0
DA:631,0
DA:632,0
DA:634,0
DA:637,0
DA:642,0
DA:651,0
DA:653,0
DA:654,0
DA:659,0
DA:661,0
DA:662,0
DA:663,0
DA:669,0
DA:674,0
DA:676,0
DA:677,0
DA:678,0
DA:682,0
DA:687,0
DA:689,0
DA:690,0
DA:692,0
DA:693,0
DA:694,0
DA:701,0
DA:702,0
DA:703,0
DA:704,0
DA:706,0
DA:707,0
DA:708,0
DA:709,0
DA:710,0
DA:711,0
DA:714,0
DA:715,0
DA:716,0
DA:718,0
DA:719,0
DA:721,0
DA:722,0
DA:724,0
DA:725,0
DA:728,0
DA:730,0
DA:732,0
DA:733,0
DA:736,0
DA:737,0
DA:738,0
DA:739,0
DA:740,0
DA:746,0
DA:748,0
DA:753,0
DA:754,0
DA:755,0
DA:761,0
DA:763,0
DA:765,0
DA:766,0
DA:767,0
DA:768,0
DA:774,0
DA:776,0
DA:777,0
DA:780,0
DA:781,0
DA:782,0
DA:783,0
DA:784,0
DA:785,0
DA:791,0
DA:793,0
DA:796,0
DA:797,0
DA:798,0
DA:799,0
DA:805,0
DA:807,0
DA:809,0
DA:810,0
DA:816,0
DA:818,0
DA:819,0
DA:820,0
DA:838,0
DA:840,0
DA:841,0
DA:861,0
DA:863,0
DA:864,0
DA:865,0
DA:866,0
DA:872,0
DA:874,0
DA:876,0
DA:877,0
DA:878,0
DA:884,0
DA:886,0
DA:892,0
DA:893,0
DA:908,0
DA:910,0
DA:911,0
DA:912,0
DA:913,0
DA:914,0
DA:919,215
DA:921,215
DA:922,0
DA:923,0
DA:927,0
DA:929,0
DA:930,0
DA:933,215
DA:934,215
DA:935,215
DA:940,0
DA:942,0
DA:943,0
DA:944,0
DA:945,0
DA:946,0
DA:960,0
DA:963,0
DA:964,0
DA:965,0
DA:966,0
DA:967,0
DA:968,0
DA:969,0
DA:973,0
DA:981,0
DA:983,0
DA:984,0
DA:986,0
DA:987,0
DA:988,0
DA:989,0
DA:990,0
DA:998,0
DA:1000,0
DA:1001,0
DA:1003,0
DA:1004,0
DA:1005,0
DA:1006,0
DA:1038,0
DA:1041,0
DA:1043,0
DA:1044,0
DA:1046,0
DA:1050,0
DA:1053,0
DA:1054,0
DA:1056,0
DA:1057,0
DA:1059,0
DA:1060,0
DA:1062,0
DA:1065,0
DA:1068,0
DA:1070,0
DA:1071,0
DA:1073,0
DA:1078,0
DA:1083,0
DA:1089,0
DA:1110,112
DA:1112,112
DA:1113,112
DA:1114,112
DA:1115,112
DA:1116,112
DA:1117,112
DA:1120,0
DA:1124,0
DA:1125,0
DA:1126,0
DA:1127,0
DA:1128,0
DA:1133,28
DA:1135,28
DA:1136,28
DA:1137,28
DA:1138,28
DA:1140,28
DA:1142,28
DA:1143,0
DA:1145,28
DA:1147,28
DA:1148,28
DA:1149,28
DA:1151,0
DA:1152,0
DA:1153,0
DA:1154,0
DA:1156,0
DA:1157,0
DA:1158,0
DA:1161,28
DA:1162,0
DA:1163,0
DA:1164,0
DA:1165,0
DA:1166,0
DA:1168,28
DA:1169,0
DA:1170,0
DA:1171,0
DA:1172,0
DA:1174,140
DA:1175,112
DA:1176,0
DA:1177,0
DA:1179,0
DA:1180,0
DA:1181,0
DA:1183,112
DA:1184,28
DA:1185,0
DA:1186,0
DA:1187,0
DA:1189,0
DA:1190,0
DA:1191,0
DA:1193,0
DA:1194,28
DA:1195,0
DA:1196,0
DA:1197,0
DA:1198,0
DA:1199,0
DA:1201,28
DA:1202,0
DA:1203,0
DA:1204,0
DA:1205,0
DA:1206,0
DA:1207,0
DA:1208,0
DA:1210,0
DA:1211,28
DA:1212,0
DA:1213,0
DA:1214,0
DA:1215,0
DA:1216,0
DA:1219,28
DA:1222,0
DA:1223,0
DA:1225,28
DA:1228,28
DA:1229,28
DA:1230,28
DA:1231,0
DA:1233,0
DA:1234,0
DA:1235,0
DA:1236,0
DA:1237,0
DA:1239,28
DA:1242,0
DA:1243,0
DA:1244,0
DA:1245,0
DA:1247,0
DA:1248,0
DA:1249,0
DA:1250,0
DA:1251,0
DA:1252,0
DA:1254,0
DA:1255,0
DA:1256,0
DA:1257,0
DA:1258,0
DA:1260,0
DA:1263,0
DA:1264,0
DA:1265,0
DA:1266,0
DA:1267,0
DA:1268,0
DA:1269,0
DA:1270,0
DA:1272,0
DA:1273,0
DA:1274,0
DA:1275,0
DA:1276,0
DA:1277,0
DA:1279,0
DA:1282,0
DA:1286,28
DA:1287,0
DA:1288,0
DA:1289,0
DA:1290,0
DA:1293,28
DA:1294,28
DA:1295,28
DA:1296,28
DA:1299,28
DA:1300,0
DA:1301,0
DA:1302,0
DA:1303,0
DA:1304,0
DA:1305,0
DA:1306,0
DA:1308,28
DA:1309,28
DA:1314,15
DA:1316,15
DA:1317,15
DA:1318,15
DA:1319,15
DA:1320,15
DA:1321,15
DA:1323,15
DA:1325,15
DA:1326,0
DA:1328,15
DA:1329,15
DA:1331,15
DA:1332,15
DA:1333,15
DA:1335,0
DA:1336,0
DA:1337,0
DA:1338,0
DA:1339,0
DA:1340,0
DA:1341,0
DA:1342,0
DA:1344,0
DA:1345,0
DA:1346,0
DA:1347,15
DA:1350,15
DA:1351,0
DA:1352,0
DA:1353,0
DA:1354,0
DA:1355,0
DA:1357,15
DA:1358,0
DA:1359,0
DA:1360,0
DA:1361,0
DA:1363,15
DA:1364,0
DA:1365,0
DA:1366,0
DA:1368,0
DA:1369,0
DA:1370,0
DA:1372,0
DA:1373,15
DA:1374,0
DA:1375,0
DA:1376,0
DA:1377,0
DA:1378,0
DA:1380,15
DA:1381,0
DA:1382,0
DA:1384,0
DA:1386,0
DA:1387,15
DA:1388,0
DA:1389,0
DA:1390,0
DA:1391,0
DA:1392,0
DA:1393,0
DA:1394,0
DA:1396,0
DA:1397,15
DA:1398,0
DA:1399,0
DA:1400,0
DA:1401,0
DA:1402,0
DA:1405,15
DA:1408,0
DA:1409,0
DA:1411,15
DA:1414,15
DA:1415,15
DA:1416,15
DA:1417,0
DA:1419,0
DA:1420,0
DA:1421,0
DA:1422,0
DA:1423,0
DA:1425,15
DA:1428,0
DA:1429,0
DA:1430,0
DA:1431,0
DA:1432,0
DA:1433,0
DA:1434,0
DA:1435,0
DA:1437,0
DA:1440,0
DA:1441,0
DA:1442,0
DA:1443,0
DA:1444,0
DA:1445,0
DA:1446,0
DA:1447,0
DA:1449,0
DA:1450,0
DA:1451,0
DA:1452,0
DA:1453,0
DA:1454,0
DA:1456,0
DA:1459,0
DA:1463,15
DA:1464,0
DA:1465,0
DA:1466,0
DA:1467,0
DA:1470,15
DA:1471,15
DA:1472,15
DA:1473,15
DA:1476,15
DA:1477,15
DA:1478,0
DA:1479,0
DA:1480,0
DA:1481,0
DA:1482,0
DA:1483,0
DA:1484,0
DA:1485,15
DA:1486,0
DA:1487,0
DA:1488,0
DA:1489,0
DA:1490,0
DA:1491,0
DA:1493,15
DA:1495,15
DA:1496,15
DA:1497,0
DA:1498,15
DA:1499,0
DA:1500,0
DA:1501,0
DA:1502,0
DA:1504,0
DA:1507,15
DA:1512,0
DA:1514,0
DA:1515,0
DA:1516,0
DA:1518,0
DA:1520,0
DA:1521,0
DA:1523,0
DA:1524,0
DA:1525,0
DA:1526,0
DA:1527,0
DA:1530,0
DA:1531,0
DA:1532,0
DA:1533,0
DA:1534,0
DA:1535,0
DA:1537,0
DA:1538,0
DA:1539,0
DA:1540,0
DA:1541,0
DA:1543,0
DA:1544,0
DA:1545,0
DA:1546,0
DA:1548,0
DA:1549,0
DA:1550,0
DA:1552,0
DA:1554,0
DA:1557,0
DA:1558,0
DA:1560,0
DA:1561,0
DA:1562,0
DA:1563,0
DA:1564,0
DA:1566,0
DA:1567,0
DA:1570,0
DA:1571,0
DA:1572,0
DA:1573,0
DA:1574,0
DA:1575,0
DA:1577,0
DA:1580,0
DA:1584,0
DA:1585,0
DA:1586,0
DA:1587,0
DA:1588,0
DA:1591,0
DA:1592,0
DA:1594,0
DA:1595,0
DA:1596,0
DA:1601,0
DA:1603,0
DA:1619,0
DA:1621,0
DA:1626,0
DA:1628,0
DA:1629,0
DA:1662,0
DA:1663,0
DA:1665,0
DA:1670,0
DA:1672,0
DA:1673,0
DA:1675,0
DA:1676,0
DA:1704,86
DA:1706,86
DA:1708,86
DA:1709,86
DA:1710,172
DA:1711,86
DA:1716,43
DA:1718,43
DA:1720,43
DA:1721,43
DA:1722,43
DA:1723,86
DA:1724,43
DA:1729,43
DA:1731,43
DA:1732,43
DA:1733,43
DA:1734,43
DA:1735,43
DA:1736,43
DA:1737,0
DA:1738,0
DA:1739,0
DA:1740,0
DA:1741,0
DA:1742,43
DA:1747,86
DA:1749,86
DA:1750,86
DA:1752,86
DA:1753,86
DA:1754,0
DA:1755,0
DA:1756,0
DA:1757,0
DA:1758,0
DA:1759,0
DA:1760,0
DA:1761,0
DA:1762,0
DA:1763,0
DA:1764,0
DA:1765,0
DA:1766,0
DA:1767,0
DA:1769,0
DA:1770,86
DA:1776,43
DA:1778,43
DA:1779,43
DA:1780,43
DA:1781,43
DA:1782,43
DA:1791,43
DA:1792,43
DA:1793,43
DA:1794,43
DA:1795,43
DA:1796,43
DA:1797,43
DA:1798,43
DA:1799,43
DA:1800,43
DA:1801,43
DA:1802,43
DA:1803,43
DA:1804,43
DA:1805,43
DA:1808,43
DA:1811,43
DA:1815,43
DA:1816,43
DA:1818,43
DA:1819,43
DA:1820,344
DA:1821,301
DA:1827,43
DA:1828,43
DA:1829,43
DA:1830,86
DA:1831,43
DA:1835,43
DA:1836,43
DA:1837,43
DA:1838,86
DA:1839,43
DA:1840,43
DA:1841,0
DA:1842,0
DA:1843,0
DA:1844,0
DA:1848,43
DA:1849,43
DA:1854,43
DA:1856,43
DA:1857,43
DA:1858,0
DA:1860,86
DA:1861,43
DA:1862,43
DA:1863,43
DA:1864,0
DA:1865,0
DA:1866,0
DA:1870,86
DA:1871,43
DA:1872,43
DA:1873,91
DA:1874,48
DA:1875,0
DA:1876,15
DA:1877,0
DA:1878,0
DA:1879,0
DA:1880,0
DA:1881,5
DA:1882,0
DA:1883,10
DA:1884,9
DA:1885,9
DA:1886,0
DA:1887,0
DA:1888,0
DA:1889,0
DA:1890,0
DA:1891,0
DA:1893,0
DA:1894,0
DA:1895,0
DA:1896,0
DA:1898,0
DA:1899,0
DA:1900,0
DA:1901,0
DA:1904,48
DA:1905,43
DA:1906,43
DA:1909,86
DA:1910,43
DA:1911,43
DA:1912,43
DA:1913,43
DA:1914,43
DA:1915,43
DA:1916,43
DA:1917,43
DA:1918,43
DA:1919,43
DA:1920,43
DA:1921,43
DA:1922,43
DA:1923,43
DA:1924,43
DA:1925,43
DA:1926,43
DA:1927,43
DA:1929,43
DA:1930,0
DA:1931,0
DA:1932,0
DA:1934,43
DA:1936,43
DA:1937,43
DA:1938,0
DA:1940,43
DA:1941,0
DA:1942,0
DA:1943,0
DA:1946,43
DA:1947,0
DA:1949,43
DA:1951,43
DA:1952,0
DA:1953,0
DA:1955,0
DA:1957,0
DA:1959,43
DA:1960,28
DA:1961,28
DA:1962,28
DA:1963,0
DA:1964,0
DA:1965,0
DA:1966,0
DA:1967,0
DA:1968,0
DA:1969,0
DA:1971,28
DA:1974,15
DA:1975,15
DA:1976,15
DA:1977,15
DA:1978,15
DA:1979,0
DA:1980,0
DA:1981,0
DA:1982,0
DA:1983,0
DA:1984,0
DA:1985,0
DA:1987,15
DA:1988,0
DA:1989,0
DA:1991,15
DA:1994,0
DA:1995,0
DA:1996,0
DA:1997,0
DA:1998,0
DA:1999,0
DA:2000,0
DA:2001,0
DA:2002,0
DA:2003,0
DA:2004,0
DA:2006,0
DA:2007,0
DA:2008,0
DA:2013,0
DA:2014,0
DA:2015,0
DA:2022,43
DA:2023,86
DA:2024,43
DA:2025,43
DA:2026,43
DA:2027,43
DA:2028,43
DA:2030,86
DA:2031,43
LF:1015
LH:306
end_of_record
TN:
SF:/Users/mac/rustmap-clone/c-code/bzip2-1.0.8/bzlib.c
FN:1009,1018,BZ2_bzWriteClose
FN:102,106,default_bzalloc
FN:1021,1083,BZ2_bzWriteClose64
FN:1087,1139,BZ2_bzReadOpen
FN:109,112,default_bzfree
FN:1143,1157,BZ2_bzReadClose
FN:1161,1217,BZ2_bzRead
FN:117,126,prepare_new_block
FN:1221,1238,BZ2_bzReadGetUnused
FN:1247,1295,BZ2_bzBuffToBuffCompress
FN:1299,1348,BZ2_bzBuffToBuffDecompress
FN:131,135,init_RL
FN:1366,1368,BZ2_bzlibVersion
FN:1383,1451,bzopen_or_bzdopen
FN:139,144,isempty_RL
FN:1460,1464,BZ2_bzopen
FN:1469,1473,BZ2_bzdopen
FN:1478,1488,BZ2_bzread
FN:148,211,BZ2_bzCompressInit
FN:1492,1502,BZ2_bzwrite
FN:1506,1509,BZ2_bzflush
FN:1514,1532,BZ2_bzclose
FN:1559,1566,BZ2_bzerror
FN:216,247,add_pair_to_block
FN:252,256,flush_RL
FN:289,329,copy_input_until_stop
FN:334,356,copy_output_until_stop
FN:361,403,handle_compress
FN:407,464,BZ2_bzCompress
FN:41,84,BZ2_bz__AssertH__fail
FN:468,484,BZ2_bzCompressEnd
FN:492,528,BZ2_bzDecompressInit
FN:536,682,unRLE_obuf_to_output_FAST
FN:687,698,BZ2_indexIntoF
FN:706,804,unRLE_obuf_to_output_SMALL
FN:808,858,BZ2_bzDecompress
FN:862,878,BZ2_bzDecompressEnd
FN:906,912,myfeof
FN:91,96,bz_config_ok
FN:916,959,BZ2_bzWriteOpen
FN:964,1005,BZ2_bzWrite
FNDA:0,BZ2_bzWriteClose
FNDA:147,default_bzalloc
FNDA:28,BZ2_bzWriteClose64
FNDA:15,BZ2_bzReadOpen
FNDA:147,default_bzfree
FNDA:15,BZ2_bzReadClose
FNDA:440,BZ2_bzRead
FNDA:37,prepare_new_block
FNDA:15,BZ2_bzReadGetUnused
FNDA:0,BZ2_bzBuffToBuffCompress
FNDA:0,BZ2_bzBuffToBuffDecompress
FNDA:56,init_RL
FNDA:0,BZ2_bzlibVersion
FNDA:0,bzopen_or_bzdopen
FNDA:125,isempty_RL
FNDA:0,BZ2_bzopen
FNDA:0,BZ2_bzdopen
FNDA:0,BZ2_bzread
FNDA:28,BZ2_bzCompressInit
FNDA:0,BZ2_bzwrite
FNDA:0,BZ2_bzflush
FNDA:0,BZ2_bzclose
FNDA:0,BZ2_bzerror
FNDA:49866,add_pair_to_block
FNDA:28,flush_RL
FNDA:849,copy_input_until_stop
FNDA:223,copy_output_until_stop
FNDA:1026,handle_compress
FNDA:1026,BZ2_bzCompress
FNDA:0,BZ2_bz__AssertH__fail
FNDA:28,BZ2_bzCompressEnd
FNDA:15,BZ2_bzDecompressInit
FNDA:320,unRLE_obuf_to_output_FAST
FNDA:601225,BZ2_indexIntoF
FNDA:125,unRLE_obuf_to_output_SMALL
FNDA:540,BZ2_bzDecompress
FNDA:15,BZ2_bzDecompressEnd
FNDA:640,myfeof
FNDA:43,bz_config_ok
FNDA:28,BZ2_bzWriteOpen
FNDA:812,BZ2_bzWrite
FNF:41
FNH:28
DA:41,0
DA:43,0
DA:52,0
DA:53,0
DA:56,0
DA:57,0
DA:82,0
DA:84,0
DA:91,43
DA:96,43
DA:102,147
DA:104,147
DA:105,294
DA:106,147
DA:109,147
DA:111,147
DA:112,147
DA:117,37
DA:119,37
DA:120,37
DA:121,37
DA:122,37
DA:123,37
DA:124,9509
DA:125,37
DA:126,37
DA:131,56
DA:133,56
DA:134,56
DA:135,56
DA:139,125
DA:141,125
DA:142,0
DA:143,125
DA:144,125
DA:148,28
DA:154,28
DA:155,28
DA:157,28
DA:159,56
DA:160,28
DA:161,28
DA:162,0
DA:164,28
DA:165,28
DA:166,28
DA:168,28
DA:169,28
DA:170,28
DA:172,28
DA:173,28
DA:174,28
DA:176,28
DA:177,28
DA:178,28
DA:179,28
DA:181,28
DA:182,0
DA:183,0
DA:184,0
DA:185,0
DA:186,0
DA:189,28
DA:190,28
DA:191,28
DA:192,28
DA:193,28
DA:194,28
DA:195,28
DA:196,28
DA:198,28
DA:199,28
DA:200,28
DA:201,28
DA:203,28
DA:204,28
DA:205,28
DA:206,28
DA:207,28
DA:208,28
DA:209,28
DA:210,28
DA:211,28
DA:216,49866
DA:218,49866
DA:219,49866
DA:220,180005
DA:221,130139
DA:222,130139
DA:223,49866
DA:224,49866
DA:226,9
DA:227,9
DA:229,40235
DA:230,40235
DA:231,40235
DA:233,5779
DA:234,5779
DA:235,5779
DA:236,5779
DA:238,3843
DA:239,3843
DA:240,3843
DA:241,3843
DA:242,3843
DA:243,3843
DA:244,3843
DA:245,3843
DA:247,49866
DA:252,28
DA:254,28
DA:255,28
DA:256,28
DA:289,849
DA:291,849
DA:293,849
DA:296,3981037
DA:298,3981037
DA:300,3981028
DA:301,3980216
DA:302,4110355
DA:303,3980216
DA:304,3980216
DA:305,3980216
DA:306,3980216
DA:309,821
DA:312,28
DA:314,28
DA:316,28
DA:318,0
DA:319,0
DA:320,0
DA:321,0
DA:322,0
DA:323,0
DA:324,0
DA:325,0
DA:328,1698
DA:329,849
DA:334,223
DA:336,223
DA:338,989406
DA:341,989406
DA:344,989220
DA:346,989183
DA:347,989183
DA:348,989183
DA:349,989183
DA:350,989183
DA:351,989183
DA:352,989183
DA:355,446
DA:356,223
DA:361,1026
DA:363,1026
DA:364,1026
DA:365,1026
DA:367,1063
DA:369,1063
DA:370,223
DA:371,223
DA:372,65
DA:373,28
DA:374,28
DA:375,9
DA:376,9
DA:377,9
DA:378,0
DA:379,0
DA:380,9
DA:382,849
DA:383,849
DA:384,849
DA:385,28
DA:386,28
DA:387,28
DA:388,28
DA:390,821
DA:391,9
DA:392,9
DA:393,9
DA:395,812
DA:396,812
DA:398,37
DA:402,1026
DA:403,1026
DA:407,1026
DA:409,1026
DA:410,1026
DA:411,1026
DA:412,1026
DA:413,1026
DA:414,1026
DA:417,1054
DA:420,0
DA:423,957
DA:424,929
DA:425,929
DA:428,28
DA:429,0
DA:430,0
DA:431,0
DA:434,28
DA:435,28
DA:436,28
DA:437,28
DA:440,0
DA:443,0
DA:444,0
DA:445,0
DA:446,0
DA:447,0
DA:448,0
DA:449,0
DA:450,0
DA:453,97
DA:454,97
DA:455,0
DA:456,97
DA:457,97
DA:458,97
DA:459,97
DA:460,28
DA:461,28
DA:463,0
DA:464,1026
DA:468,28
DA:470,28
DA:471,28
DA:472,28
DA:473,28
DA:474,28
DA:476,28
DA:477,28
DA:478,28
DA:479,28
DA:481,28
DA:483,28
DA:484,28
DA:492,15
DA:497,15
DA:499,15
DA:501,15
DA:502,15
DA:503,15
DA:505,15
DA:506,15
DA:508,15
DA:509,15
DA:510,15
DA:511,15
DA:512,15
DA:513,15
DA:514,15
DA:515,15
DA:516,15
DA:517,15
DA:518,15
DA:519,15
DA:520,15
DA:521,15
DA:522,15
DA:523,15
DA:524,15
DA:525,15
DA:527,15
DA:528,15
DA:536,320
DA:538,320
DA:540,320
DA:542,0
DA:544,0
DA:545,0
DA:546,0
DA:547,0
DA:548,0
DA:549,0
DA:550,0
DA:551,0
DA:552,0
DA:553,0
DA:557,0
DA:560,0
DA:561,0
DA:563,0
DA:564,0
DA:565,0
DA:566,0
DA:567,0
DA:568,0
DA:570,0
DA:571,0
DA:572,0
DA:573,0
DA:574,0
DA:576,0
DA:577,0
DA:578,0
DA:579,0
DA:580,0
DA:582,0
DA:583,0
DA:584,0
DA:585,0
DA:586,0
DA:592,320
DA:593,320
DA:594,320
DA:595,320
DA:596,320
DA:597,320
DA:598,320
DA:599,320
DA:600,320
DA:601,320
DA:604,320
DA:605,320
DA:606,320
DA:608,27045
DA:611,27045
DA:612,97105
DA:613,70090
DA:614,70075
DA:615,43060
DA:616,43060
DA:617,43060
DA:618,43060
DA:619,43060
DA:623,1512410
DA:624,290
DA:626,1512120
DA:627,1512120
DA:628,1512120
DA:629,1512120
DA:631,1512120
DA:633,1512135
DA:634,0
DA:637,1512135
DA:638,15
DA:640,1512120
DA:641,1512120
DA:642,1512120
DA:643,1485395
DA:645,26725
DA:646,0
DA:648,26725
DA:649,26725
DA:650,26725
DA:651,26725
DA:653,5175
DA:654,5175
DA:655,5175
DA:656,5175
DA:658,2085
DA:659,2085
DA:660,2085
DA:664,320
DA:665,320
DA:666,320
DA:667,0
DA:670,320
DA:671,320
DA:672,320
DA:673,320
DA:674,320
DA:675,320
DA:676,320
DA:677,320
DA:678,320
DA:680,320
DA:681,320
DA:682,320
DA:687,601225
DA:689,601225
DA:690,601225
DA:691,601225
DA:692,601225
DA:693,4809800
DA:694,4809800
DA:695,4809800
DA:696,4809800
DA:697,1202450
DA:698,601225
DA:706,125
DA:708,125
DA:710,125
DA:712,0
DA:714,0
DA:715,0
DA:716,0
DA:717,0
DA:718,0
DA:719,0
DA:720,0
DA:721,0
DA:722,0
DA:723,0
DA:727,0
DA:730,0
DA:731,0
DA:733,0
DA:734,0
DA:735,0
DA:736,0
DA:737,0
DA:738,0
DA:740,0
DA:741,0
DA:742,0
DA:743,0
DA:744,0
DA:746,0
DA:747,0
DA:748,0
DA:749,0
DA:750,0
DA:752,0
DA:753,0
DA:754,0
DA:755,0
DA:756,0
DA:761,601305
DA:763,1202525
DA:764,1202525
DA:765,1202405
DA:766,601220
DA:767,601220
DA:768,601220
DA:769,601220
DA:770,601220
DA:771,601220
DA:772,601220
DA:776,601185
DA:779,601180
DA:780,0
DA:782,601180
DA:783,601180
DA:784,601180
DA:785,601180
DA:786,601175
DA:788,40
DA:789,40
DA:790,40
DA:791,40
DA:793,0
DA:794,0
DA:795,0
DA:796,0
DA:798,0
DA:799,0
DA:800,0
DA:804,125
DA:808,540
DA:810,540
DA:811,540
DA:812,540
DA:813,540
DA:814,540
DA:815,540
DA:817,560
DA:818,560
DA:819,560
DA:820,445
DA:821,125
DA:822,320
DA:823,445
DA:824,445
DA:825,20
DA:826,20
DA:827,0
DA:829,20
DA:830,20
DA:831,0
DA:832,20
DA:833,60
DA:834,20
DA:835,20
DA:836,20
DA:837,20
DA:838,425
DA:840,20
DA:841,135
DA:842,135
DA:843,135
DA:844,15
DA:845,0
DA:847,15
DA:848,0
DA:849,15
DA:851,120
DA:852,135
DA:858,540
DA:862,15
DA:864,15
DA:865,15
DA:866,15
DA:867,15
DA:868,15
DA:870,15
DA:871,15
DA:872,15
DA:874,15
DA:875,15
DA:877,15
DA:878,15
DA:906,640
DA:908,640
DA:909,640
DA:910,415
DA:911,415
DA:912,640
DA:916,28
DA:923,28
DA:924,28
DA:926,28
DA:928,56
DA:929,28
DA:930,28
DA:931,28
DA:932,0
DA:934,28
DA:935,0
DA:937,28
DA:938,28
DA:939,0
DA:941,28
DA:942,28
DA:943,28
DA:944,28
DA:945,28
DA:946,28
DA:947,28
DA:948,28
DA:950,28
DA:951,56
DA:952,28
DA:953,28
DA:954,0
DA:956,28
DA:957,28
DA:958,28
DA:959,28
DA:964,812
DA:970,812
DA:971,812
DA:973,812
DA:974,812
DA:975,0
DA:976,812
DA:977,0
DA:978,812
DA:979,0
DA:981,812
DA:982,0
DA:984,812
DA:985,812
DA:987,929
DA:988,929
DA:989,929
DA:990,929
DA:991,929
DA:992,0
DA:994,929
DA:995,126
DA:996,252
DA:997,126
DA:998,126
DA:999,0
DA:1000,126
DA:1002,929
DA:1003,812
DA:1005,812
DA:1009,0
DA:1016,0
DA:1017,0
DA:1018,0
DA:1021,28
DA:1030,28
DA:1031,28
DA:1033,28
DA:1034,0
DA:1035,28
DA:1036,0
DA:1037,28
DA:1038,0
DA:1040,28
DA:1041,28
DA:1042,28
DA:1043,28
DA:1045,28
DA:1046,97
DA:1047,97
DA:1048,97
DA:1049,97
DA:1050,97
DA:1051,0
DA:1053,97
DA:1054,97
DA:1055,194
DA:1056,97
DA:1057,97
DA:1058,0
DA:1059,97
DA:1061,97
DA:1063,28
DA:1065,28
DA:1066,28
DA:1067,28
DA:1068,0
DA:1069,28
DA:1071,28
DA:1072,28
DA:1073,28
DA:1074,28
DA:1075,28
DA:1076,28
DA:1077,28
DA:1078,28
DA:1080,28
DA:1081,28
DA:1082,28
DA:1083,28
DA:1087,15
DA:1095,15
DA:1096,15
DA:1098,15
DA:1100,30
DA:1101,15
DA:1102,15
DA:1103,15
DA:1104,15
DA:1105,0
DA:1107,15
DA:1108,0
DA:1110,15
DA:1111,15
DA:1112,0
DA:1114,15
DA:1116,15
DA:1117,15
DA:1118,15
DA:1119,15
DA:1120,15
DA:1121,15
DA:1122,15
DA:1124,15
DA:1125,0
DA:1126,0
DA:1127,0
DA:1130,15
DA:1131,15
DA:1132,0
DA:1134,15
DA:1135,15
DA:1137,15
DA:1138,15
DA:1139,15
DA:1143,15
DA:1145,15
DA:1147,15
DA:1148,15
DA:1149,0
DA:1151,15
DA:1152,0
DA:1154,15
DA:1155,15
DA:1156,15
DA:1157,15
DA:1161,440
DA:1167,440
DA:1168,440
DA:1170,440
DA:1172,440
DA:1173,0
DA:1175,440
DA:1176,0
DA:1178,440
DA:1179,0
DA:1181,440
DA:1182,440
DA:1184,540
DA:1186,540
DA:1187,0
DA:1189,540
DA:1190,230
DA:1191,115
DA:1192,115
DA:1193,0
DA:1194,115
DA:1195,115
DA:1196,115
DA:1197,115
DA:1199,540
DA:1201,540
DA:1202,0
DA:1204,540
DA:1205,225
DA:1206,0
DA:1208,540
DA:1209,15
DA:1210,15
DA:1211,525
DA:1212,425
DA:1217,440
DA:1221,15
DA:1227,15
DA:1228,15
DA:1229,0
DA:1230,15
DA:1231,0
DA:1232,15
DA:1233,0
DA:1235,15
DA:1236,15
DA:1237,15
DA:1238,15
DA:1247,0
DA:1256,0
DA:1257,0
DA:1259,0
DA:1260,0
DA:1261,0
DA:1262,0
DA:1263,0
DA:1264,0
DA:1266,0
DA:1267,0
DA:1268,0
DA:1269,0
DA:1270,0
DA:1271,0
DA:1272,0
DA:1274,0
DA:1275,0
DA:1276,0
DA:1277,0
DA:1279,0
DA:1280,0
DA:1281,0
DA:1284,0
DA:1285,0
DA:1286,0
DA:1289,0
DA:1290,0
DA:1293,0
DA:1294,0
DA:1295,0
DA:1299,0
DA:1307,0
DA:1308,0
DA:1310,0
DA:1311,0
DA:1312,0
DA:1313,0
DA:1314,0
DA:1316,0
DA:1317,0
DA:1318,0
DA:1319,0
DA:1320,0
DA:1322,0
DA:1323,0
DA:1324,0
DA:1325,0
DA:1327,0
DA:1328,0
DA:1329,0
DA:1332,0
DA:1333,0
DA:1334,0
DA:1337,0
DA:1338,0
DA:1339,0
DA:1341,0
DA:1342,0
DA:1346,0
DA:1347,0
DA:1348,0
DA:1366,0
DA:1368,0
DA:1383,0
DA:1389,0
DA:1390,0
DA:1391,0
DA:1392,0
DA:1393,0
DA:1394,0
DA:1395,0
DA:1396,0
DA:1397,0
DA:1398,0
DA:1399,0
DA:1401,0
DA:1402,0
DA:1403,0
DA:1405,0
DA:1407,0
DA:1409,0
DA:1411,0
DA:1412,0
DA:1413,0
DA:1414,0
DA:1415,0
DA:1417,0
DA:1418,0
DA:1420,0
DA:1421,0
DA:1422,0
DA:1424,0
DA:1425,0
DA:1427,0
DA:1431,0
DA:1434,0
DA:1436,0
DA:1438,0
DA:1439,0
DA:1440,0
DA:1441,0
DA:1442,0
DA:1443,0
DA:1444,0
DA:1446,0
DA:1447,0
DA:1448,0
DA:1450,0
DA:1451,0
DA:1460,0
DA:1464,0
DA:1469,0
DA:1473,0
DA:1478,0
DA:1480,0
DA:1481,0
DA:1482,0
DA:1483,0
DA:1484,0
DA:1486,0
DA:1488,0
DA:1492,0
DA:1494,0
DA:1496,0
DA:1497,0
DA:1498,0
DA:1500,0
DA:1502,0
DA:1506,0
DA:1509,0
DA:1514,0
DA:1516,0
DA:1517,0
DA:1519,0
DA:1520,0
DA:1521,0
DA:1522,0
DA:1523,0
DA:1524,0
DA:1525,0
DA:1526,0
DA:1527,0
DA:1529,0
DA:1530,0
DA:1531,0
DA:1532,0
DA:1559,0
DA:1561,0
DA:1563,0
DA:1564,0
DA:1565,0
DA:1566,0
LF:869
LH:552
end_of_record
TN:
SF:/Users/mac/rustmap-clone/c-code/bzip2-1.0.8/compress.c
FN:106,115,makeMaps_e
FN:120,231,generateMTFValues
FN:239,598,sendMTFValues
FN:37,41,BZ2_bsInitWrite
FN:46,54,bsFinishWrite
FN:602,667,BZ2_compressBlock
FN:73,78,bsW
FN:83,89,bsPutUInt32
FN:94,97,bsPutUChar
FNDA:37,makeMaps_e
FNDA:37,generateMTFValues
FNDA:37,sendMTFValues
FNDA:28,BZ2_bsInitWrite
FNDA:28,bsFinishWrite
FNDA:37,BZ2_compressBlock
FNDA:1966081,bsW
FNDA:65,bsPutUInt32
FNDA:502,bsPutUChar
FNF:9
FNH:9
DA:37,28
DA:39,28
DA:40,28
DA:41,28
DA:46,28
DA:48,84
DA:49,56
DA:50,56
DA:51,56
DA:52,56
DA:54,28
DA:73,1966081
DA:75,2955208
DA:76,1966081
DA:77,1966081
DA:78,1966081
DA:83,65
DA:85,65
DA:86,65
DA:87,65
DA:88,65
DA:89,65
DA:94,502
DA:96,502
DA:97,502
DA:106,37
DA:108,37
DA:109,37
DA:110,9509
DA:111,16829
DA:112,7357
DA:113,7357
DA:114,7357
DA:115,37
DA:120,37
DA:122,37
DA:123,37
DA:124,37
DA:125,37
DA:126,37
DA:150,37
DA:151,37
DA:152,37
DA:154,37
DA:155,37
DA:157,7468
DA:159,37
DA:160,37
DA:161,7394
DA:163,3967145
DA:164,3967108
DA:166,3967108
DA:167,3967108
DA:170,3967108
DA:171,2714026
DA:172,2714026
DA:174,1253082
DA:175,367235
DA:176,559833
DA:177,559833
DA:178,180438
DA:179,180438
DA:180,180438
DA:181,379395
DA:182,379395
DA:184,559833
DA:185,192598
DA:187,367235
DA:188,367235
DA:190,1253082
DA:191,1253082
DA:192,1253082
DA:193,1253082
DA:194,1253082
DA:195,1253082
DA:196,1253082
DA:197,25671198
DA:198,24418116
DA:199,24418116
DA:200,24418116
DA:201,24418116
DA:202,24418116
DA:203,24418116
DA:204,1253082
DA:205,1253082
DA:206,1253082
DA:207,1253082
DA:210,3967108
DA:212,37
DA:213,0
DA:214,0
DA:215,0
DA:216,0
DA:217,0
DA:218,0
DA:219,0
DA:220,0
DA:222,0
DA:223,0
DA:225,0
DA:226,0
DA:228,37
DA:230,37
DA:231,37
DA:239,37
DA:241,37
DA:242,37
DA:243,37
DA:256,37
DA:257,37
DA:259,37
DA:261,37
DA:262,0
DA:266,37
DA:267,259
DA:268,44808
DA:269,44808
DA:272,37
DA:273,37
DA:274,37
DA:275,28
DA:276,28
DA:277,28
DA:281,37
DA:283,37
DA:284,37
DA:285,37
DA:286,232
DA:287,195
DA:288,195
DA:289,195
DA:290,7691
DA:291,7496
DA:292,7496
DA:295,307
DA:296,195
DA:297,149
DA:298,65
DA:299,65
DA:300,65
DA:302,195
DA:303,0
DA:308,43863
DA:309,87336
DA:310,7431
DA:311,36237
DA:313,195
DA:314,195
DA:315,195
DA:317,37
DA:322,185
DA:324,928
DA:326,928
DA:327,175452
DA:328,175452
DA:334,148
DA:335,28612
DA:336,28500
DA:337,28500
DA:338,28500
DA:339,28500
DA:340,112
DA:342,148
DA:343,148
DA:344,148
DA:345,145200
DA:348,145200
DA:349,145052
DA:350,145052
DA:356,1014716
DA:358,145052
DA:360,144764
DA:361,144764
DA:362,144764
DA:370,144764
DA:371,144764
DA:372,144764
DA:373,144764
DA:374,144764
DA:375,144764
DA:376,144764
DA:377,144764
DA:378,144764
DA:379,144764
DA:383,144764
DA:384,144764
DA:385,144764
DA:387,144764
DA:389,13896
DA:390,13608
DA:391,63720
DA:392,13608
DA:399,145052
DA:400,1014716
DA:401,869664
DA:402,145052
DA:403,145052
DA:404,145052
DA:405,145052
DA:410,145052
DA:415,144764
DA:416,144764
DA:417,144764
DA:418,144764
DA:419,144764
DA:420,144764
DA:421,144764
DA:422,144764
DA:423,144764
DA:424,144764
DA:428,144764
DA:430,13896
DA:431,13608
DA:434,145052
DA:436,148
DA:437,0
DA:439,0
DA:440,0
DA:441,0
DA:442,0
DA:449,928
DA:450,1560
DA:451,780
DA:452,148
DA:455,37
DA:456,37
DA:463,37
DA:464,232
DA:465,36300
DA:466,36263
DA:467,36263
DA:468,36263
DA:469,74385
DA:470,38122
DA:471,38122
DA:472,38122
DA:473,38122
DA:475,36263
DA:476,36263
DA:477,36263
DA:478,37
DA:481,232
DA:482,195
DA:483,195
DA:484,43863
DA:485,43668
DA:486,43668
DA:487,43668
DA:488,195
DA:489,195
DA:490,390
DA:491,195
DA:492,195
DA:496,37
DA:497,629
DA:498,592
DA:499,10064
DA:500,9472
DA:501,592
DA:503,37
DA:504,629
DA:505,592
DA:507,629
DA:508,1103
DA:509,8687
DA:510,8176
DA:511,8687
DA:513,37
DA:514,0
DA:515,37
DA:518,37
DA:519,37
DA:520,37
DA:521,36300
DA:522,74385
DA:523,36263
DA:524,36263
DA:525,37
DA:526,0
DA:529,37
DA:531,232
DA:532,195
DA:533,195
DA:534,43863
DA:535,57139
DA:536,55400
DA:537,43668
DA:538,43668
DA:539,195
DA:541,37
DA:542,0
DA:545,37
DA:546,37
DA:547,37
DA:548,36300
DA:549,36300
DA:550,36263
DA:551,36263
DA:552,36263
DA:554,36263
DA:556,36191
DA:557,72382
DA:558,36191
DA:559,72382
DA:560,36191
DA:568,36191
DA:569,36191
DA:570,36191
DA:571,36191
DA:572,36191
DA:573,36191
DA:574,36191
DA:575,36191
DA:576,36191
DA:577,36191
DA:581,36191
DA:583,3474
DA:584,6804
DA:585,3402
DA:586,3402
DA:587,3402
DA:591,36263
DA:592,36263
DA:594,37
DA:596,37
DA:597,0
DA:598,37
DA:602,37
DA:604,37
DA:606,37
DA:607,37
DA:608,37
DA:609,37
DA:611,37
DA:612,0
DA:616,37
DA:617,37
DA:619,37
DA:622,37
DA:623,28
DA:624,28
DA:625,28
DA:626,28
DA:627,28
DA:628,28
DA:630,37
DA:632,37
DA:633,37
DA:634,37
DA:637,37
DA:648,37
DA:650,37
DA:651,37
DA:652,37
DA:653,37
DA:657,37
DA:659,28
DA:660,28
DA:661,28
DA:662,28
DA:663,28
DA:664,0
DA:665,28
DA:666,28
DA:667,37
LF:365
LH:340
end_of_record
TN:
SF:/Users/mac/rustmap-clone/c-code/bzip2-1.0.8/decompress.c
FN:106,647,BZ2_decompress
FN:27,36,makeMaps_d
FNDA:135,BZ2_decompress
FNDA:20,makeMaps_d
FNF:2
FNH:2
DA:27,20
DA:29,20
DA:30,20
DA:31,5140
DA:32,9065
DA:33,3945
DA:34,3945
DA:35,3945
DA:36,20
DA:106,135
DA:108,135
DA:109,135
DA:110,135
DA:111,135
DA:114,135
DA:115,135
DA:116,135
DA:117,135
DA:118,135
DA:119,135
DA:120,135
DA:121,135
DA:122,135
DA:123,135
DA:124,135
DA:125,135
DA:126,135
DA:127,135
DA:128,135
DA:129,135
DA:130,135
DA:131,135
DA:132,135
DA:133,135
DA:134,135
DA:135,135
DA:136,135
DA:137,135
DA:139,135
DA:141,15
DA:142,15
DA:143,15
DA:144,15
DA:145,15
DA:146,15
DA:147,15
DA:148,15
DA:149,15
DA:150,15
DA:151,15
DA:152,15
DA:153,15
DA:154,15
DA:155,15
DA:156,15
DA:157,15
DA:158,15
DA:159,15
DA:160,15
DA:161,15
DA:162,15
DA:163,15
DA:164,15
DA:165,15
DA:168,135
DA:169,135
DA:170,135
DA:171,135
DA:172,135
DA:173,135
DA:174,135
DA:175,135
DA:176,135
DA:177,135
DA:178,135
DA:179,135
DA:180,135
DA:181,135
DA:182,135
DA:183,135
DA:184,135
DA:185,135
DA:186,135
DA:187,135
DA:188,135
DA:189,135
DA:190,135
DA:191,135
DA:193,135
DA:195,135
DA:197,30
DA:198,15
DA:200,30
DA:201,15
DA:203,30
DA:204,15
DA:206,30
DA:207,15
DA:208,15
DA:209,15
DA:211,30
DA:212,5
DA:213,5
DA:216,5
DA:217,5
DA:218,10
DA:219,10
DA:222,70
DA:224,35
DA:225,20
DA:226,40
DA:227,20
DA:228,40
DA:229,20
DA:230,40
DA:231,20
DA:232,40
DA:233,20
DA:234,40
DA:235,20
DA:237,20
DA:238,20
DA:239,0
DA:241,20
DA:242,40
DA:243,20
DA:244,40
DA:245,20
DA:246,40
DA:247,20
DA:248,40
DA:249,20
DA:251,40
DA:253,20
DA:254,40
DA:255,20
DA:256,40
DA:257,20
DA:258,40
DA:259,20
DA:261,20
DA:262,0
DA:263,20
DA:264,0
DA:267,340
DA:268,360
DA:269,320
DA:270,275
DA:271,45
DA:272,320
DA:274,5140
DA:276,340
DA:277,595
DA:278,4675
DA:279,4950
DA:280,4400
DA:281,4675
DA:282,20
DA:283,20
DA:284,20
DA:287,20
DA:288,20
DA:289,60
DA:290,20
DA:291,19505
DA:292,19485
DA:293,39895
DA:294,44885
DA:295,39895
DA:296,20410
DA:297,20410
DA:302,19485
DA:303,19485
DA:304,19485
DA:305,20
DA:306,0
DA:310,20
DA:311,125
DA:313,19505
DA:314,19485
DA:315,19485
DA:316,39895
DA:317,19485
DA:318,19485
DA:319,19485
DA:320,20
DA:323,125
DA:324,145
DA:325,23505
DA:326,36810
DA:327,36810
DA:328,41435
DA:329,36810
DA:330,15085
DA:331,13410
DA:333,23400
DA:334,23400
DA:335,105
DA:338,125
DA:339,105
DA:340,105
DA:341,23505
DA:342,23400
DA:343,23400
DA:344,23400
DA:345,105
DA:346,105
DA:347,105
DA:348,105
DA:349,105
DA:350,105
DA:352,105
DA:353,105
DA:357,20
DA:358,20
DA:359,20
DA:360,20
DA:362,5140
DA:366,20
DA:367,20
DA:368,340
DA:369,5440
DA:370,5120
DA:371,5120
DA:372,5120
DA:373,320
DA:374,320
DA:375,20
DA:378,20
DA:379,165
DA:381,870695
DA:383,870695
DA:385,870675
DA:387,197265
DA:388,197265
DA:389,197265
DA:396,300710
DA:397,300710
DA:398,96975
DA:399,300710
DA:400,1054480
DA:401,601420
DA:402,300710
DA:404,197265
DA:405,197265
DA:406,197265
DA:408,197265
DA:409,600430
DA:410,600235
DA:411,600235
DA:412,600235
DA:413,600235
DA:416,1072835
DA:417,875765
DA:418,875765
DA:419,875765
DA:420,875765
DA:423,197265
DA:427,673410
DA:431,673410
DA:432,673410
DA:433,673410
DA:435,673410
DA:437,530445
DA:438,530445
DA:439,877055
DA:440,346610
DA:441,346610
DA:442,346610
DA:443,346610
DA:444,346610
DA:445,346610
DA:446,346610
DA:447,1313790
DA:448,783345
DA:450,530445
DA:451,530445
DA:453,142965
DA:454,142965
DA:455,142965
DA:456,142965
DA:457,1085605
DA:458,942640
DA:460,142965
DA:461,814445
DA:462,671480
DA:463,671480
DA:464,1342960
DA:465,671480
DA:467,142965
DA:468,142965
DA:469,142965
DA:470,30
DA:471,510
DA:472,8160
DA:473,7680
DA:474,7680
DA:475,7680
DA:476,480
DA:477,480
DA:478,30
DA:480,673410
DA:483,673410
DA:484,673410
DA:485,985
DA:486,672425
DA:487,673410
DA:489,2319485
DA:490,673410
DA:497,20
DA:498,0
DA:502,5140
DA:503,5120
DA:504,0
DA:505,5120
DA:507,20
DA:508,5140
DA:509,5140
DA:511,5160
DA:512,5140
DA:514,0
DA:516,5140
DA:518,5140
DA:519,5120
DA:520,0
DA:522,5120
DA:524,20
DA:525,20
DA:526,20
DA:527,20
DA:528,20
DA:530,20
DA:533,1290
DA:536,601225
DA:537,601220
DA:538,601220
DA:539,601220
DA:540,601220
DA:543,5
DA:544,5
DA:545,5
DA:546,601220
DA:547,601220
DA:548,601220
DA:549,601220
DA:550,601220
DA:551,601220
DA:553,5
DA:554,5
DA:555,5
DA:556,0
DA:557,0
DA:558,0
DA:559,0
DA:560,5
DA:563,5
DA:566,1548205
DA:567,1548190
DA:568,1548190
DA:569,1548190
DA:570,1548190
DA:572,15
DA:573,15
DA:574,15
DA:575,0
DA:576,0
DA:577,0
DA:578,0
DA:579,15
DA:584,35
DA:590,30
DA:591,15
DA:592,30
DA:593,15
DA:594,30
DA:595,15
DA:596,30
DA:597,15
DA:598,30
DA:599,15
DA:601,15
DA:602,30
DA:603,15
DA:604,30
DA:605,15
DA:606,30
DA:607,15
DA:608,30
DA:609,15
DA:611,15
DA:612,15
DA:614,0
DA:615,0
DA:617,0
DA:621,135
DA:622,135
DA:623,135
DA:624,135
DA:625,135
DA:626,135
DA:627,135
DA:628,135
DA:629,135
DA:630,135
DA:631,135
DA:632,135
DA:633,135
DA:634,135
DA:635,135
DA:636,135
DA:637,135
DA:638,135
DA:639,135
DA:640,135
DA:641,135
DA:642,135
DA:643,135
DA:644,135
DA:646,135
DA:647,135
LF:420
LH:401
end_of_record
TN:
SF:/Users/mac/rustmap-clone/c-code/bzip2-1.0.8/huffman.c
FN:152,166,BZ2_hbAssignCodes
FN:170,200,BZ2_hbCreateDecodeTables
FN:63,148,BZ2_hbMakeCodeLengths
FNDA:195,BZ2_hbAssignCodes
FNDA:105,BZ2_hbCreateDecodeTables
FNDA:780,BZ2_hbMakeCodeLengths
FNF:3
FNH:3
DA:63,780
DA:72,780
DA:73,780
DA:75,780
DA:76,780
DA:77,780
DA:79,175452
DA:80,174672
DA:82,780
DA:84,780
DA:85,780
DA:87,780
DA:88,780
DA:89,780
DA:91,175452
DA:92,174672
DA:93,174672
DA:94,174672
DA:95,452100
DA:96,174672
DA:98,780
DA:100,174672
DA:101,1103477
DA:102,1089403
DA:103,173892
DA:104,173892
DA:105,173892
DA:106,173892
DA:107,173892
DA:108,173892
DA:109,194499
DA:112,780
DA:114,780
DA:115,175452
DA:116,174672
DA:117,174672
DA:118,2033388
DA:119,174672
DA:120,174672
DA:121,174672
DA:123,780
DA:142,0
DA:143,0
DA:144,0
DA:145,0
DA:146,0
DA:148,780
DA:152,195
DA:158,195
DA:160,195
DA:161,2156
DA:162,473006
DA:163,471045
DA:164,1961
DA:165,1961
DA:166,195
DA:170,105
DA:178,105
DA:180,105
DA:181,1155
DA:182,252565
DA:183,252565
DA:185,2520
DA:186,23505
DA:188,2415
DA:190,2520
DA:191,105
DA:193,1155
DA:194,1050
DA:195,1050
DA:196,1050
DA:197,1050
DA:198,1050
DA:199,945
DA:200,105
LF:75
LH:70
end_of_record
TN:
SF:/Users/mac/rustmap-clone/c-code/rosseta-125/100_doors/main.c
FN:3,17,main
FNDA:4,main
FNF:1
FNH:1
DA:3,4
DA:5,4
DA:9,404
DA:10,2328
DA:11,2328
DA:14,404
DA:15,400
DA:17,4
LF:8
LH:8
end_of_record
TN:
SF:/Users/mac/rustmap-clone/c-code/rosseta-125/4_rings_puzzle/main.c
FN:11,27,bf
FN:31,42,ge
FN:45,56,acd
FN:60,76,foursquares
FN:78,83,main
FNDA:1708,bf
FNDA:324,ge
FNDA:12,acd
FNDA:12,foursquares
FNDA:4,main
FNF:5
FNH:5
DA:11,1708
DA:13,18284
DA:14,17080
DA:15,16912
DA:17,15736
DA:18,15784
DA:19,11660
DA:20,120
DA:22,11488
DA:23,11488
DA:24,48
DA:25,11488
DA:26,15736
DA:27,1708
DA:31,324
DA:33,3252
DA:34,5544
DA:36,2616
DA:37,2784
DA:38,1736
DA:39,168
DA:40,1708
DA:41,2616
DA:42,324
DA:45,12
DA:47,108
DA:48,888
DA:49,1528
DA:51,736
DA:52,840
DA:53,324
DA:54,324
DA:55,832
DA:56,12
DA:60,12
DA:62,12
DA:63,12
DA:64,12
DA:65,12
DA:66,12
DA:68,12
DA:70,12
DA:72,12
DA:73,8
DA:75,4
DA:76,12
DA:78,4
DA:80,4
DA:81,4
DA:82,4
DA:83,4
LF:51
LH:51
end_of_record
TN:
SF:/Users/mac/rustmap-clone/c-code/rosseta-125/99_bottles_of_beer/main.c
FN:7,27,main
FNDA:4,main
FNF:1
FNH:1
DA:7,4
DA:11,392
DA:12,388
DA:15,388
DA:17,4
DA:27,4
LF:6
LH:6
end_of_record
TN:
SF:/Users/mac/rustmap-clone/c-code/rosseta-125/almost_prime/main.c
FN:13,29,main
FN:3,10,kprime
FNDA:4,main
FNDA:1436,kprime
FNF:2
FNH:2
DA:3,1436
DA:5,1436
DA:6,6068
DA:7,6856
DA:8,2224
DA:10,1436
DA:13,4
DA:17,24
DA:18,20
DA:20,1456
DA:21,1636
DA:22,200
DA:23,200
DA:24,200
DA:26,20
DA:27,20
DA:29,4
LF:17
LH:17
end_of_record
TN:
SF:/Users/mac/rustmap-clone/c-code/rosseta-125/approximate_equility/main.c
FN:14,23,main
FN:5,6,approxEquals
FN:9,12,test
FNDA:4,main
FNDA:32,approxEquals
FNDA:32,test
FNF:3
FNH:3
DA:5,32
DA:6,32
DA:9,32
DA:10,32
DA:11,32
DA:12,32
DA:14,4
DA:15,4
DA:16,4
DA:17,4
DA:18,4
DA:19,4
DA:20,4
DA:21,4
DA:22,4
DA:23,4
LF:16
LH:16
end_of_record
TN:
SF:/Users/mac/rustmap-clone/c-code/rosseta-125/arithmetic_mean/main.c
FN:12,23,main
FN:3,9,mean
FNDA:4,main
FNDA:24,mean
FNF:2
FNH:2
DA:3,24
DA:5,24
DA:7,84
DA:8,60
DA:9,24
DA:12,4
DA:14,4
DA:16,28
DA:17,24
DA:18,84
DA:19,60
DA:20,24
DA:21,24
DA:23,4
LF:14
LH:14
end_of_record
TN:
SF:/Users/mac/rustmap-clone/c-code/rosseta-125/array_concatenation/main.c
FN:20,30,main
FN:8,14,array_concat
FNDA:4,main
FNDA:4,array_concat
FNF:2
FNH:2
DA:8,4
DA:11,4
DA:12,4
DA:13,4
DA:14,4
DA:20,4
DA:24,4
DA:26,44
DA:27,40
DA:29,4
DA:30,4
LF:11
LH:11
end_of_record
TN:
SF:/Users/mac/rustmap-clone/c-code/rosseta-125/array_length/main.c
FN:3,20,main
FNDA:4,main
FNF:1
FNH:1
DA:3,4
DA:5,4
DA:16,4
DA:18,4
DA:20,4
LF:5
LH:5
end_of_record
TN:
SF:/Users/mac/rustmap-clone/c-code/rosseta-125/attractive_numbers/main.c
FN:23,37,count_prime_factors
FN:39,50,main
FN:9,21,is_prime
FNDA:480,count_prime_factors
FNDA:4,main
FNDA:1644,is_prime
FNF:3
FNH:3
DA:9,1644
DA:10,1644
DA:11,1644
DA:12,1520
DA:13,840
DA:14,628
DA:15,204
DA:16,152
DA:17,152
DA:18,132
DA:20,424
DA:21,1644
DA:23,480
DA:24,480
DA:25,480
DA:26,476
DA:27,1336
DA:28,1336
DA:29,1044
DA:30,1044
DA:31,1044
DA:32,688
DA:33,688
DA:34,292
DA:35,200
DA:37,480
DA:39,4
DA:40,4
DA:41,4
DA:42,484
DA:43,480
DA:44,480
DA:45,296
DA:46,296
DA:47,296
DA:48,480
DA:49,4
DA:50,4
LF:38
LH:38
end_of_record
TN:
SF:/Users/mac/rustmap-clone/c-code/rosseta-125/bell_numbers/main.c
FN:13,16,setBell
FN:18,32,bellTriangle
FN:35,55,main
FN:4,5,bellIndex
FN:8,10,getBell
FNDA:480,setBell
FNDA:4,bellTriangle
FNDA:4,main
FNDA:1656,bellIndex
FNDA:1176,getBell
FNF:5
FNH:5
DA:4,1656
DA:5,1656
DA:8,1176
DA:9,1176
DA:10,1176
DA:13,480
DA:14,480
DA:15,480
DA:16,480
DA:18,4
DA:19,4
DA:20,4
DA:23,4
DA:24,60
DA:25,56
DA:26,476
DA:27,420
DA:28,420
DA:29,420
DA:30,56
DA:32,4
DA:35,4
DA:36,4
DA:37,4
DA:40,4
DA:41,64
DA:42,60
DA:43,60
DA:45,4
DA:46,44
DA:47,40
DA:48,220
DA:49,180
DA:50,180
DA:51,40
DA:52,40
DA:54,4
DA:55,4
LF:38
LH:38
end_of_record
TN:
SF:/Users/mac/rustmap-clone/c-code/rosseta-125/binary_search/main.c
FN:20,34,bsearch_r
FN:3,18,bsearch
FN:36,45,main
FNDA:20,bsearch_r
FNDA:4,bsearch
FNDA:4,main
FNF:3
FNH:3
DA:3,4
DA:4,4
DA:5,4
DA:6,4
DA:7,4
DA:8,4
DA:10,0
DA:11,0
DA:12,0
DA:14,0
DA:17,0
DA:18,4
DA:20,20
DA:21,20
DA:22,4
DA:24,16
DA:25,16
DA:26,0
DA:28,16
DA:29,8
DA:32,8
DA:34,20
DA:36,4
DA:37,4
DA:38,4
DA:39,4
DA:40,4
DA:41,4
DA:42,4
DA:43,4
DA:44,4
DA:45,4
LF:32
LH:26
end_of_record
TN:
SF:/Users/mac/rustmap-clone/c-code/rosseta-125/box_the_compass/main.c
FN:3,52,main
FNDA:4,main
FNF:1
FNH:1
DA:3,4
DA:6,4
DA:11,4
DA:45,136
DA:46,132
DA:48,264
DA:49,132
DA:50,132
DA:52,4
LF:9
LH:9
end_of_record
TN:
SF:/Users/mac/rustmap-clone/c-code/rosseta-125/carmichael_3_strong_pseudoprimes/main.c
FN:24,40,carmichael3
FN:42,47,main
FN:7,22,is_prime
FNDA:240,carmichael3
FNDA:4,main
FNDA:3972,is_prime
FNF:3
FNH:3
DA:7,3972
DA:9,3972
DA:10,8
DA:12,3964
DA:13,1000
DA:17,9136
DA:18,7444
DA:19,1272
DA:20,1692
DA:22,3972
DA:24,240
DA:26,240
DA:29,2004
DA:30,119856
DA:31,117924
DA:32,2548
DA:33,2548
DA:34,1184
DA:35,1184
DA:36,276
DA:37,276
DA:38,115652
DA:39,1932
DA:40,240
DA:42,4
DA:45,244
DA:46,240
DA:47,4
LF:28
LH:28
end_of_record
TN:
SF:/Users/mac/rustmap-clone/c-code/rosseta-125/casting_out_nines/main.c
FN:4,20,main
FNDA:4,main
FNF:1
FNH:1
DA:4,4
DA:5,4
DA:6,4
DA:7,4
DA:8,4
DA:11,400
DA:12,396
DA:13,396
DA:14,88
DA:15,88
DA:16,88
DA:17,396
DA:19,4
DA:20,4
LF:14
LH:14
end_of_record
TN:
SF:/Users/mac/rustmap-clone/c-code/rosseta-125/catalan_numbers/main.c
FN:18,19,catalan1
FN:22,28,catalan2
FN:31,33,catalan3
FN:36,45,main
FN:5,15,binomial
FNDA:64,catalan1
FNDA:86093440,catalan2
FNDA:544,catalan3
FNDA:4,main
FNDA:64,binomial
FNF:5
FNH:5
DA:5,64
DA:7,64
DA:8,64
DA:10,544
DA:11,480
DA:12,900
DA:15,64
DA:18,64
DA:19,64
DA:22,86093440
DA:24,86093440
DA:26,129140128
DA:27,43046688
DA:28,86093440
DA:31,544
DA:33,544
DA:36,4
DA:39,4
DA:40,68
DA:41,128
DA:42,64
DA:43,64
DA:45,4
LF:23
LH:23
end_of_record
TN:
SF:/Users/mac/rustmap-clone/c-code/rosseta-125/catamorphism/main.c
FN:13,13,add
FN:14,14,sub
FN:15,15,mul
FN:17,23,main
FN:5,10,reduce
FNDA:16,add
FNDA:16,sub
FNDA:16,mul
FNDA:4,main
FNDA:12,reduce
FNF:5
FNH:5
DA:5,12
DA:7,12
DA:8,60
DA:9,48
DA:10,12
DA:13,16
DA:14,16
DA:15,16
DA:17,4
DA:19,4
DA:20,4
DA:21,4
DA:22,4
DA:23,4
LF:14
LH:14
end_of_record
TN:
SF:/Users/mac/rustmap-clone/c-code/rosseta-125/chaocipher/main.c
FN:14,56,chao
FN:58,71,main
FNDA:8,chao
FNDA:4,main
FNF:2
FNH:2
DA:14,8
DA:17,8
DA:19,8
DA:20,8
DA:21,8
DA:23,224
DA:24,224
DA:25,224
DA:26,112
DA:27,112
DA:28,112
DA:30,112
DA:31,112
DA:33,224
DA:37,2896
DA:38,3152
DA:39,216
DA:40,2808
DA:41,216
DA:42,216
DA:46,2896
DA:47,3152
DA:48,216
DA:49,5616
DA:50,216
DA:51,216
DA:52,2592
DA:53,216
DA:54,216
DA:55,216
DA:56,8
DA:58,4
DA:59,4
DA:60,4
DA:61,4
DA:62,4
DA:63,4
DA:65,4
DA:66,4
DA:67,4
DA:68,4
DA:69,4
DA:70,4
DA:71,4
LF:44
LH:44
end_of_record
TN:
SF:/Users/mac/rustmap-clone/c-code/rosseta-125/character_codes/main.c
FN:3,6,main
FNDA:4,main
FNF:1
FNH:1
DA:3,4
DA:4,4
DA:5,4
DA:6,4
LF:4
LH:4
end_of_record
TN:
SF:/Users/mac/rustmap-clone/c-code/rosseta-125/chinese_remainder_theorem/main.c
FN:17,28,chinese_remainder
FN:3,15,mul_inv
FN:31,37,main
FNDA:4,chinese_remainder
FNDA:12,mul_inv
FNDA:4,main
FNF:3
FNH:3
DA:3,12
DA:5,12
DA:6,12
DA:7,12
DA:8,40
DA:9,28
DA:10,28
DA:11,28
DA:13,12
DA:14,12
DA:15,12
DA:17,4
DA:19,4
DA:21,16
DA:23,16
DA:24,12
DA:25,12
DA:26,12
DA:28,4
DA:31,4
DA:33,4
DA:34,4
DA:36,4
DA:37,4
LF:24
LH:24
end_of_record
TN:
SF:/Users/mac/rustmap-clone/c-code/rosseta-125/chinese_zodiac/main.c
FN:12,13,getAnimal
FN:16,22,getYY
FN:24,34,main
FN:7,9,getElement
FNDA:24,getAnimal
FNDA:24,getYY
FNDA:4,main
FNDA:24,getElement
FNF:4
FNH:4
DA:7,24
DA:8,24
DA:9,24
DA:12,24
DA:13,24
DA:16,24
DA:17,24
DA:18,16
DA:20,8
DA:22,24
DA:24,4
DA:25,4
DA:29,28
DA:30,24
DA:31,24
DA:32,24
DA:34,4
LF:17
LH:17
end_of_record
TN:
SF:/Users/mac/rustmap-clone/c-code/rosseta-125/cholesky_decomposition/main.c
FN:23,29,show_matrix
FN:31,50,main
FN:5,20,cholesky
FNDA:8,show_matrix
FNDA:4,main
FNDA:8,cholesky
FNF:3
FNH:3
DA:5,8
DA:6,8
DA:7,8
DA:8,0
DA:10,36
DA:11,92
DA:12,64
DA:13,120
DA:14,56
DA:15,64
DA:16,28
DA:17,36
DA:18,92
DA:20,8
DA:23,8
DA:24,36
DA:25,128
DA:26,100
DA:27,28
DA:28,28
DA:29,8
DA:31,4
DA:32,4
DA:33,4
DA:36,4
DA:37,4
DA:38,4
DA:39,4
DA:41,4
DA:42,4
DA:46,4
DA:47,4
DA:48,4
DA:50,4
LF:34
LH:33
end_of_record
TN:
SF:/Users/mac/rustmap-clone/c-code/rosseta-125/circles_of_given_radius_through_two_points/main.c
FN:13,40,findCircles
FN:42,62,main
FN:8,10,distance
FNDA:20,findCircles
FNDA:4,main
FNDA:20,distance
FNF:3
FNH:3
DA:8,20
DA:10,20
DA:13,20
DA:15,20
DA:17,20
DA:19,8
DA:20,4
DA:21,8
DA:23,12
DA:25,4
DA:26,4
DA:28,8
DA:30,4
DA:31,4
DA:35,4
DA:37,4
DA:38,4
DA:40,20
DA:42,4
DA:46,4
DA:54,4
DA:56,24
DA:58,20
DA:59,20
DA:60,20
DA:62,4
LF:26
LH:26
end_of_record
TN:
SF:/Users/mac/rustmap-clone/c-code/rosseta-125/combinations/main.c
FN:25,28,main
FN:8,23,comb
FNDA:4,main
FNDA:156,comb
FNF:2
FNH:2
DA:8,156
DA:10,156
DA:12,116
DA:15,240
DA:16,200
DA:17,40
DA:18,40
DA:21,76
DA:22,76
DA:23,156
DA:25,4
DA:27,4
DA:28,4
LF:13
LH:13
end_of_record
TN:
SF:/Users/mac/rustmap-clone/c-code/rosseta-125/comma_quibbling/main.c
FN:41,52,main
FN:5,38,quib
FNDA:4,main
FNDA:20,quib
FNF:2
FNH:2
DA:5,20
DA:8,20
DA:11,60
DA:12,40
DA:14,20
DA:15,20
DA:17,0
DA:18,0
DA:21,20
DA:22,20
DA:23,4
DA:24,4
DA:25,4
DA:26,36
DA:28,24
DA:29,24
DA:30,12
DA:32,12
DA:33,24
DA:34,12
DA:35,12
DA:37,20
DA:38,20
DA:41,4
DA:43,4
DA:46,24
DA:48,20
DA:49,20
DA:50,20
DA:51,20
DA:52,4
LF:31
LH:29
end_of_record
TN:
SF:/Users/mac/rustmap-clone/c-code/rosseta-125/command_line_arguments/main.c
FN:4,10,main
FNDA:4,main
FNF:1
FNH:1
DA:4,4
DA:7,4
DA:8,4
DA:9,0
DA:10,4
LF:5
LH:4
end_of_record
TN:
SF:/Users/mac/rustmap-clone/c-code/rosseta-125/compile_time_calculation/main.c
FN:3,6,main
FNDA:4,main
FNF:1
FNH:1
DA:3,4
DA:5,4
DA:6,4
LF:3
LH:3
end_of_record
TN:
SF:/Users/mac/rustmap-clone/c-code/rosseta-125/count_in_factors/main.c
FN:47,78,main
FN:6,44,get_prime
FNDA:4,main
FNDA:20896,get_prime
FNF:2
FNH:2
DA:6,20896
DA:13,20896
DA:15,44
DA:17,4
DA:18,4
DA:19,4
DA:20,44
DA:22,4
DA:23,4
DA:24,4
DA:25,4
DA:27,44
DA:28,112
DA:30,68
DA:31,188
DA:33,188
DA:34,188
DA:36,40
DA:37,40
DA:39,148
DA:40,28
DA:41,120
DA:43,44
DA:44,20896
DA:47,4
DA:52,4000
DA:54,3996
DA:56,20896
DA:58,20896
DA:59,28736
DA:61,7840
DA:62,7840
DA:63,4516
DA:64,7840
DA:65,7840
DA:67,20896
DA:68,3996
DA:69,16900
DA:71,3996
DA:72,672
DA:73,3324
DA:74,2976
DA:76,348
DA:77,3996
DA:78,4
LF:45
LH:45
end_of_record
TN:
SF:/Users/mac/rustmap-clone/c-code/rosseta-125/cramers_rule/main.c
FN:10,21,init_square_matrix
FN:24,34,copy_square_matrix
FN:37,72,det
FN:74,78,deinit_square_matrix
FN:80,88,cramer_solve
FN:91,111,main
FNDA:4,init_square_matrix
FNDA:20,copy_square_matrix
FNDA:20,det
FNDA:24,deinit_square_matrix
FNDA:16,cramer_solve
FNDA:4,main
FNF:6
FNH:6
DA:10,4
DA:11,12
DA:12,4
DA:13,4
DA:15,20
DA:16,16
DA:17,80
DA:18,64
DA:19,16
DA:21,4
DA:24,20
DA:26,20
DA:27,20
DA:28,100
DA:29,80
DA:30,400
DA:31,320
DA:32,80
DA:34,20
DA:37,20
DA:38,20
DA:40,100
DA:41,80
DA:42,280
DA:43,272
DA:44,72
DA:46,80
DA:47,260
DA:48,208
DA:49,208
DA:50,208
DA:51,208
DA:53,52
DA:54,52
DA:56,80
DA:57,0
DA:58,0
DA:61,200
DA:62,120
DA:63,600
DA:64,480
DA:65,120
DA:66,80
DA:68,100
DA:69,80
DA:71,20
DA:72,20
DA:74,24
DA:75,120
DA:76,96
DA:77,24
DA:78,24
DA:80,16
DA:81,16
DA:82,80
DA:83,64
DA:85,16
DA:86,16
DA:88,16
DA:91,4
DA:93,4
DA:99,4
DA:101,4
DA:102,4
DA:103,4
DA:105,4
DA:107,20
DA:108,16
DA:110,4
DA:111,4
LF:70
LH:68
end_of_record
TN:
SF:/Users/mac/rustmap-clone/c-code/rosseta-125/crc32/main.c
FN:42,47,main
FN:6,38,rc_crc32
FNDA:4,main
FNDA:4,rc_crc32
FNF:2
FNH:2
DA:6,4
DA:16,4
DA:18,1028
DA:19,1024
DA:20,9216
DA:21,8192
DA:22,4096
DA:23,4096
DA:24,4096
DA:25,4096
DA:26,8192
DA:27,1024
DA:28,1024
DA:29,4
DA:30,4
DA:32,4
DA:33,4
DA:34,176
DA:35,172
DA:36,172
DA:37,172
DA:38,4
DA:42,4
DA:44,4
DA:45,4
DA:47,4
LF:26
LH:26
end_of_record
TN:
SF:/Users/mac/rustmap-clone/c-code/rosseta-125/damm_algorithm/main.c
FN:26,29,main
FN:5,23,damm
FNDA:4,main
FNDA:4,damm
FNF:2
FNH:2
DA:5,4
DA:19,4
DA:20,20
DA:21,16
DA:22,16
DA:23,4
DA:26,4
DA:27,4
DA:28,4
DA:29,4
LF:10
LH:10
end_of_record
TN:
SF:/Users/mac/rustmap-clone/c-code/rosseta-125/department_number/main.c
FN:3,20,main
FNDA:4,main
FNF:1
FNH:1
DA:3,4
DA:7,4
DA:8,4
DA:10,16
DA:11,96
DA:12,672
DA:13,588
DA:14,56
DA:15,56
DA:16,588
DA:17,84
DA:18,12
DA:20,4
LF:13
LH:13
end_of_record
TN:
SF:/Users/mac/rustmap-clone/c-code/rosseta-125/dice_game_probabilities/main.c
FN:14,15,min
FN:18,26,throw_die
FN:28,49,beating_probability
FN:51,54,main
FN:7,11,ipow
FNDA:10204,min
FNDA:2615520,throw_die
FNDA:8,beating_probability
FNDA:4,main
FNDA:16,ipow
FNF:5
FNH:5
DA:7,16
DA:8,16
DA:9,120
DA:10,104
DA:11,16
DA:14,10204
DA:15,10204
DA:18,2615520
DA:19,2615520
DA:20,2105796
DA:21,2105796
DA:24,3125228
DA:25,2615504
DA:26,2615520
DA:28,8
DA:30,8
DA:31,8
DA:32,408
DA:33,400
DA:34,8
DA:36,8
DA:37,8
DA:38,368
DA:39,360
DA:40,8
DA:42,8
DA:44,8
DA:45,408
DA:46,10204
DA:47,10204
DA:48,8
DA:49,8
DA:51,4
DA:52,4
DA:53,4
DA:54,4
LF:36
LH:36
end_of_record
TN:
SF:/Users/mac/rustmap-clone/c-code/rosseta-125/dot_product/main.c
FN:18,27,dot_product
FN:7,14,main
FNDA:4,dot_product
FNDA:4,main
FNF:2
FNH:2
DA:7,4
DA:9,4
DA:10,4
DA:12,4
DA:14,4
DA:18,4
DA:20,4
DA:23,16
DA:24,12
DA:25,12
DA:27,4
LF:11
LH:11
end_of_record
TN:
SF:/Users/mac/rustmap-clone/c-code/rosseta-125/draw_a_sphere/main.c
FN:10,14,normalize
FN:16,19,dot
FN:22,47,draw_sphere
FN:50,56,main
FNDA:12580,normalize
FNDA:12576,dot
FNDA:8,draw_sphere
FNDA:4,main
FNF:4
FNH:4
DA:10,12580
DA:12,12580
DA:13,12580
DA:14,12580
DA:16,12576
DA:18,12576
DA:19,12576
DA:22,8
DA:27,256
DA:28,248
DA:29,16976
DA:30,16728
DA:31,16728
DA:32,12576
DA:33,12576
DA:34,12576
DA:35,12576
DA:36,12576
DA:37,12576
DA:38,12576
DA:39,12576
DA:40,0
DA:41,12576
DA:42,12576
DA:43,4152
DA:44,16728
DA:45,248
DA:46,248
DA:47,8
DA:50,4
DA:52,4
DA:53,4
DA:54,4
DA:56,4
LF:34
LH:33
end_of_record
TN:
SF:/Users/mac/rustmap-clone/c-code/rosseta-125/emirp_primes/main.c
FN:14,19,reverse
FN:22,25,is_emirp
FN:28,51,main
FN:4,12,is_prime
FNDA:760,reverse
FNDA:760,is_emirp
FNDA:4,main
FNDA:916,is_prime
FNF:4
FNH:4
DA:4,916
DA:6,916
DA:7,596
DA:8,1604
DA:9,1272
DA:10,264
DA:11,332
DA:12,916
DA:14,760
DA:17,2860
DA:18,2100
DA:19,760
DA:22,760
DA:24,760
DA:25,760
DA:28,4
DA:30,4
DA:31,4
DA:32,764
DA:33,840
DA:34,80
DA:35,4
DA:37,0
DA:38,0
DA:39,0
DA:40,0
DA:43,0
DA:44,0
DA:45,0
DA:46,0
DA:48,0
DA:50,4
DA:51,4
LF:33
LH:24
end_of_record
TN:
SF:/Users/mac/rustmap-clone/c-code/rosseta-125/euler_method/main.c
FN:19,29,analytic
FN:31,33,cooling
FN:36,43,main
FN:7,17,ivp_euler
FNDA:4,analytic
FNDA:332,cooling
FNDA:4,main
FNDA:12,ivp_euler
FNF:4
FNH:4
DA:7,12
DA:9,12
DA:11,12
DA:12,12
DA:13,332
DA:14,332
DA:15,332
DA:16,12
DA:17,12
DA:19,4
DA:22,4
DA:23,48
DA:24,4
DA:26,48
DA:27,44
DA:28,4
DA:29,4
DA:31,332
DA:33,332
DA:36,4
DA:38,4
DA:39,4
DA:40,4
DA:41,4
DA:43,4
LF:25
LH:25
end_of_record
TN:
SF:/Users/mac/rustmap-clone/c-code/rosseta-125/evaluate_binomial_coefficients/main.c
FN:15,36,binomial
FN:38,42,main
FN:6,12,gcd_ui
FNDA:12,binomial
FNDA:4,main
FNDA:64,gcd_ui
FNF:3
FNH:3
DA:6,64
DA:8,64
DA:9,292
DA:10,228
DA:12,64
DA:15,12
DA:16,12
DA:17,12
DA:18,12
DA:19,12
DA:20,12
DA:21,220
DA:22,208
DA:24,32
DA:25,32
DA:26,32
DA:27,32
DA:28,32
DA:29,32
DA:30,32
DA:31,176
DA:32,176
DA:34,208
DA:35,12
DA:36,12
DA:38,4
DA:39,4
DA:40,4
DA:41,4
DA:42,4
LF:30
LH:30
end_of_record
TN:
SF:/Users/mac/rustmap-clone/c-code/rosseta-125/exponential/main.c
FN:11,13,seq_next
FN:21,23,power_next
FN:26,33,power_seq
FN:41,51,filter_next
FN:54,61,filter_seq
FN:64,73,main
FNDA:304,seq_next
FNDA:184,power_next
FNDA:8,power_seq
FNDA:120,filter_next
FNDA:4,filter_seq
FNDA:4,main
FNF:6
FNH:6
DA:11,304
DA:13,304
DA:21,184
DA:23,184
DA:26,8
DA:28,8
DA:29,8
DA:30,8
DA:31,8
DA:32,8
DA:33,8
DA:41,120
DA:43,120
DA:45,120
DA:46,136
DA:47,184
DA:48,48
DA:49,136
DA:51,120
DA:54,4
DA:56,4
DA:57,4
DA:58,4
DA:59,4
DA:60,4
DA:61,4
DA:64,4
DA:67,4
DA:69,84
DA:70,44
DA:71,40
DA:73,4
LF:32
LH:32
end_of_record
TN:
SF:/Users/mac/rustmap-clone/c-code/rosseta-125/extreme_floating_point_values/main.c
FN:3,30,main
FNDA:4,main
FNF:1
FNH:1
DA:3,4
DA:5,4
DA:6,4
DA:7,4
DA:8,4
DA:10,4
DA:11,4
DA:12,4
DA:13,4
DA:17,4
DA:18,4
DA:19,4
DA:20,4
DA:21,4
DA:22,4
DA:23,4
DA:27,4
DA:28,4
DA:30,4
LF:19
LH:19
end_of_record
TN:
SF:/Users/mac/rustmap-clone/c-code/rosseta-125/fairshare_between_two_and_more/main.c
FN:17,28,fairshare
FN:30,81,turnCount
FN:5,14,turn
FN:83,97,main
FNDA:16,fairshare
FNDA:20,turnCount
FNDA:1000400,turn
FNDA:4,main
FNF:4
FNH:4
DA:5,1000400
DA:7,1000400
DA:8,2449140
DA:10,1448740
DA:11,1448740
DA:12,1448740
DA:14,1000400
DA:17,16
DA:21,16
DA:22,416
DA:24,400
DA:25,400
DA:26,400
DA:27,16
DA:28,16
DA:30,20
DA:32,20
DA:35,20
DA:37,0
DA:38,0
DA:41,1000020
DA:43,1000000
DA:44,1000000
DA:45,1000000
DA:47,20
DA:48,20
DA:49,20
DA:50,606292
DA:52,606272
DA:54,606268
DA:55,606268
DA:56,606272
DA:58,28
DA:59,28
DA:60,606272
DA:62,28
DA:63,28
DA:64,606272
DA:66,20
DA:67,20
DA:69,4
DA:70,4
DA:71,16
DA:73,4
DA:74,4
DA:77,12
DA:80,20
DA:81,20
DA:83,4
DA:85,4
DA:86,4
DA:87,4
DA:88,4
DA:90,4
DA:91,4
DA:92,4
DA:93,4
DA:94,4
DA:95,4
DA:97,4
LF:60
LH:58
end_of_record
TN:
SF:/Users/mac/rustmap-clone/c-code/rosseta-125/farey_sequence/main.c
FN:25,45,farey_len
FN:47,60,main
FN:5,19,farey
FNDA:3693596,farey_len
FNDA:4,main
FNDA:44,farey
FNF:3
FNH:3
DA:5,44
DA:8,44
DA:11,44
DA:12,708
DA:13,664
DA:14,664
DA:15,664
DA:18,44
DA:19,44
DA:25,3693596
DA:27,3693596
DA:28,20
DA:29,20
DA:30,100
DA:31,20
DA:32,20
DA:33,3693596
DA:34,3668304
DA:36,25292
DA:37,25292
DA:38,3718844
DA:39,3693552
DA:40,3693552
DA:41,3693552
DA:43,25292
DA:44,25292
DA:45,3693596
DA:47,4
DA:50,48
DA:51,44
DA:52,44
DA:53,44
DA:55,44
DA:56,40
DA:58,4
DA:59,4
DA:60,4
LF:37
LH:37
end_of_record
TN:
SF:/Users/mac/rustmap-clone/c-code/rosseta-125/fibonacci_n_step_number_sequences/main.c
FN:29,42,main
FN:8,25,anynacci
FNDA:3,main
FNDA:12,anynacci
FNF:2
FNH:2
DA:8,12
DA:10,12
DA:13,45
DA:14,12
DA:16,45
DA:17,33
DA:19,99
DA:21,87
DA:22,318
DA:23,231
DA:24,87
DA:25,12
DA:29,3
DA:31,3
DA:32,3
DA:33,3
DA:36,3
DA:38,33
DA:39,60
DA:40,30
DA:42,3
LF:21
LH:21
end_of_record
TN:
SF:/Users/mac/rustmap-clone/c-code/rosseta-125/fibonacci_word/main.c
FN:15,27,calculate_entropy
FN:30,51,print_entropy
FN:53,68,print_word
FN:6,13,print_headings
FN:70,96,main
FNDA:111,calculate_entropy
FNDA:111,print_entropy
FNDA:111,print_word
FNDA:3,print_headings
FNDA:3,main
FNF:5
FNH:5
DA:6,3
DA:8,3
DA:9,3
DA:10,3
DA:11,3
DA:12,3
DA:13,3
DA:15,111
DA:17,111
DA:19,111
DA:20,111
DA:21,111
DA:23,111
DA:24,6
DA:25,6
DA:27,111
DA:30,111
DA:32,111
DA:33,111
DA:36,189738066
DA:37,189737955
DA:39,189737955
DA:41,117264504
DA:42,117264504
DA:44,72473451
DA:45,72473451
DA:47,189737955
DA:49,111
DA:50,111
DA:51,111
DA:53,111
DA:55,111
DA:57,111
DA:59,111
DA:61,111
DA:62,27
DA:63,27
DA:64,84
DA:67,111
DA:68,111
DA:70,3
DA:72,3
DA:74,3
DA:75,3
DA:77,3
DA:78,3
DA:80,3
DA:82,111
DA:83,108
DA:85,108
DA:86,108
DA:87,108
DA:89,108
DA:90,108
DA:91,108
DA:92,108
DA:94,3
DA:95,3
DA:96,3
LF:59
LH:59
end_of_record
TN:
SF:/Users/mac/rustmap-clone/c-code/rosseta-125/floyds_triangle/main.c
FN:3,53,t
FN:55,61,main
FNDA:6,t
FNDA:3,main
FNF:2
FNH:2
DA:3,6
DA:7,6
DA:8,15
DA:9,6
DA:49,63
DA:50,417
DA:51,417
DA:53,6
DA:55,3
DA:57,3
DA:61,3
LF:11
LH:11
end_of_record
TN:
SF:/Users/mac/rustmap-clone/c-code/rosseta-125/formatted_numeric_output/main.c
FN:2,10,main
FNDA:3,main
FNF:1
FNH:1
DA:2,3
DA:3,3
DA:4,3
DA:5,3
DA:6,3
DA:7,3
DA:8,3
DA:9,3
DA:10,3
LF:9
LH:9
end_of_record
TN:
SF:/Users/mac/rustmap-clone/c-code/rosseta-125/function_composition/main.c
FN:18,19,compose_call
FN:23,29,compose
FN:38,39,sin_call
FN:41,42,asin_call
FN:49,63,main
FNDA:3,compose_call
FNDA:3,compose
FNDA:3,sin_call
FNDA:3,asin_call
FNDA:3,main
FNF:5
FNH:5
DA:18,3
DA:19,3
DA:23,3
DA:25,3
DA:26,3
DA:27,3
DA:28,3
DA:29,3
DA:38,3
DA:39,3
DA:41,3
DA:42,3
DA:49,3
DA:50,3
DA:51,3
DA:52,3
DA:53,3
DA:55,3
DA:57,3
DA:59,3
DA:60,3
DA:61,3
DA:63,3
LF:23
LH:23
end_of_record
TN:
SF:/Users/mac/rustmap-clone/c-code/rosseta-125/fusc_sequence/main.c
FN:14,24,numLen
FN:27,44,printLargeFuscs
FN:4,12,fusc
FN:46,54,main
FNDA:0,numLen
FNDA:0,printLargeFuscs
FNDA:3198,fusc
FNDA:3,main
FNF:4
FNH:2
DA:4,3198
DA:6,3198
DA:7,1035
DA:8,2163
DA:9,1311
DA:11,852
DA:12,3198
DA:14,0
DA:16,0
DA:18,0
DA:20,0
DA:21,0
DA:24,0
DA:27,0
DA:29,0
DA:31,0
DA:33,0
DA:35,0
DA:36,0
DA:38,0
DA:40,0
DA:41,0
DA:42,0
DA:43,0
DA:44,0
DA:46,3
DA:50,3
DA:51,186
DA:52,183
DA:54,3
LF:30
LH:12
end_of_record
TN:
SF:/Users/mac/rustmap-clone/c-code/rosseta-125/gaussian_elimination/main.c
FN:21,51,gauss_eliminate
FN:53,72,main
FN:7,19,swap_row
FNDA:3,gauss_eliminate
FNDA:3,main
FNDA:18,swap_row
FNF:3
FNH:3
DA:7,18
DA:12,18
DA:13,84
DA:14,72
DA:15,72
DA:16,72
DA:17,72
DA:18,12
DA:19,18
DA:21,3
DA:27,21
DA:28,18
DA:30,63
DA:31,66
DA:32,21
DA:34,18
DA:36,63
DA:37,45
DA:38,210
DA:39,165
DA:40,45
DA:41,45
DA:42,45
DA:43,18
DA:44,21
DA:45,18
DA:46,63
DA:47,45
DA:48,18
DA:49,18
DA:51,3
DA:53,3
DA:55,3
DA:63,3
DA:67,3
DA:69,21
DA:70,18
DA:72,3
LF:38
LH:38
end_of_record
TN:
SF:/Users/mac/rustmap-clone/c-code/rosseta-125/general_fizzbuzz/main.c
FN:16,37,generic_fizz_buzz
FN:39,52,main
FN:9,13,compare
FNDA:3,generic_fizz_buzz
FNDA:3,main
FNDA:9,compare
FNF:3
FNH:3
DA:9,9
DA:11,9
DA:12,9
DA:13,9
DA:16,3
DA:21,60
DA:22,57
DA:25,228
DA:26,171
DA:27,33
DA:28,33
DA:29,33
DA:30,171
DA:32,57
DA:33,27
DA:35,57
DA:36,57
DA:37,3
DA:39,3
DA:41,3
DA:48,3
DA:51,3
DA:52,3
LF:23
LH:23
end_of_record
TN:
SF:/Users/mac/rustmap-clone/c-code/rosseta-125/generate_random_chess_position/main.c
FN:14,24,placeKings
FN:29,40,placePieces
FN:42,69,toFen
FN:71,78,createFen
FN:80,83,main
FNDA:3,placeKings
FNDA:12,placePieces
FNDA:3,toFen
FNDA:3,createFen
FNDA:3,main
FNF:5
FNH:5
DA:14,3
DA:16,4
DA:17,4
DA:18,4
DA:19,4
DA:20,4
DA:21,4
DA:22,3
DA:23,3
DA:24,3
DA:29,12
DA:31,12
DA:32,56
DA:33,44
DA:34,66
DA:35,66
DA:36,110
DA:37,96
DA:38,44
DA:39,44
DA:40,12
DA:42,3
DA:44,3
DA:45,27
DA:46,216
DA:47,192
DA:48,192
DA:49,192
DA:50,142
DA:51,142
DA:53,50
DA:54,35
DA:55,35
DA:56,35
DA:57,50
DA:59,192
DA:60,24
DA:61,15
DA:62,15
DA:63,15
DA:64,24
DA:65,24
DA:66,24
DA:67,3
DA:68,3
DA:69,3
DA:71,3
DA:72,3
DA:73,3
DA:74,3
DA:75,3
DA:76,3
DA:77,3
DA:78,3
DA:80,3
DA:81,3
DA:82,3
DA:83,3
LF:58
LH:58
end_of_record
TN:
SF:/Users/mac/rustmap-clone/c-code/rosseta-125/gray_code/main.c
FN:1,2,gray_encode
FN:14,21,fmtbool
FN:23,33,main
FN:5,8,gray_decode
FNDA:96,gray_encode
FNDA:288,fmtbool
FNDA:3,main
FNDA:96,gray_decode
FNF:4
FNH:4
DA:1,96
DA:2,96
DA:5,96
DA:6,96
DA:7,390
DA:8,96
DA:14,288
DA:15,288
DA:16,288
DA:17,288
DA:18,1440
DA:19,1440
DA:20,1440
DA:21,288
DA:23,3
DA:27,99
DA:28,96
DA:29,96
DA:30,96
DA:31,96
DA:32,96
DA:33,3
LF:22
LH:22
end_of_record
TN:
SF:/Users/mac/rustmap-clone/c-code/rosseta-125/greatest_subsequential_sum/main.c
FN:36,47,main
FN:7,33,maxSubseq
FNDA:3,main
FNDA:3,maxSubseq
FNF:2
FNH:2
DA:7,3
DA:8,3
DA:9,3
DA:11,36
DA:12,33
DA:13,33
DA:14,6
DA:15,6
DA:16,33
DA:17,12
DA:18,12
DA:19,12
DA:20,12
DA:21,33
DA:24,3
DA:25,3
DA:26,3
DA:27,3
DA:28,3
DA:29,0
DA:30,0
DA:31,0
DA:33,3
DA:36,3
DA:37,3
DA:38,3
DA:40,3
DA:41,3
DA:43,21
DA:44,18
DA:45,3
DA:47,3
LF:32
LH:29
end_of_record
TN:
SF:/Users/mac/rustmap-clone/c-code/rosseta-125/hailstone_sequence/main.c
FN:17,40,main
FN:4,14,hailstone
FNDA:3,main
FNDA:300003,hailstone
FNF:2
FNH:2
DA:4,300003
DA:6,300003
DA:8,32561805
DA:9,32261802
DA:10,32261802
DA:11,32261802
DA:13,300003
DA:14,300003
DA:17,3
DA:19,3
DA:23,300000
DA:24,299997
DA:25,299997
DA:26,105
DA:27,105
DA:28,105
DA:29,299997
DA:30,3
DA:31,3
DA:32,3
DA:34,3
DA:35,3
DA:36,3
DA:37,3
DA:38,3
DA:40,3
LF:26
LH:26
end_of_record
TN:
SF:/Users/mac/rustmap-clone/c-code/rosseta-125/hamming_numbers/main.c
FN:21,35,qpop
FN:38,55,main
FN:9,19,qpush
FNDA:5073,qpop
FNDA:3,main
FNDA:15222,qpush
FNF:3
FNH:3
DA:9,15222
DA:12,15222
DA:13,21
DA:14,21
DA:15,21
DA:17,16566
DA:18,15222
DA:19,15222
DA:21,5073
DA:26,18180
DA:28,111579
DA:29,99621
DA:30,99621
DA:31,98472
DA:33,13107
DA:35,5073
DA:38,3
DA:43,5076
DA:45,5073
DA:46,5073
DA:47,5073
DA:48,5073
DA:50,5073
DA:51,63
DA:52,5073
DA:55,3
LF:26
LH:26
end_of_record
TN:
SF:/Users/mac/rustmap-clone/c-code/rosseta-125/haversine_formula/main.c
FN:19,25,main
FN:7,16,dist
FNDA:3,main
FNDA:3,dist
FNF:2
FNH:2
DA:7,3
DA:10,3
DA:11,3
DA:13,3
DA:14,3
DA:15,3
DA:16,3
DA:19,3
DA:21,3
DA:23,3
DA:25,3
LF:11
LH:11
end_of_record
TN:
SF:/Users/mac/rustmap-clone/c-code/rosseta-125/hofstadter_q_sequence/main.c
FN:5,23,main
FNDA:3,main
FNF:1
FNH:1
DA:5,3
DA:7,3
DA:9,3
DA:11,299997
DA:12,299994
DA:14,33
DA:15,30
DA:17,3
DA:19,300000
DA:20,299997
DA:22,3
DA:23,3
LF:12
LH:12
end_of_record
TN:
SF:/Users/mac/rustmap-clone/c-code/rosseta-125/horners_rule_for_polynomial_evaluation/main.c
FN:16,21,main
FN:3,12,horner
FNDA:3,main
FNDA:3,horner
FNF:2
FNH:2
DA:3,3
DA:6,3
DA:8,15
DA:10,12
DA:11,12
DA:12,3
DA:16,3
DA:18,3
DA:20,3
DA:21,3
LF:10
LH:10
end_of_record
TN:
SF:/Users/mac/rustmap-clone/c-code/rosseta-125/host_introspection/main.c
FN:5,21,main
FNDA:3,main
FNF:1
FNH:1
DA:5,3
DA:6,3
DA:11,3
DA:17,3
DA:18,3
DA:20,0
DA:21,3
LF:7
LH:6
end_of_record
TN:
SF:/Users/mac/rustmap-clone/c-code/rosseta-125/increment_a_numerical_string/main.c
FN:11,46,incr
FN:48,56,string_test
FN:58,69,main
FNDA:24,incr
FNDA:24,string_test
FNDA:3,main
FNF:3
FNH:3
DA:11,24
DA:14,24
DA:15,24
DA:18,24
DA:19,3
DA:20,3
DA:23,21
DA:24,21
DA:27,291
DA:29,21
DA:31,6
DA:32,6
DA:33,24
DA:34,6
DA:35,21
DA:37,135
DA:38,3
DA:39,3
DA:40,132
DA:41,120
DA:42,12
DA:45,21
DA:46,24
DA:48,24
DA:50,24
DA:51,24
DA:53,24
DA:54,24
DA:55,24
DA:56,24
DA:58,3
DA:60,3
DA:61,3
DA:62,3
DA:63,3
DA:64,3
DA:65,3
DA:66,3
DA:67,3
DA:69,3
LF:40
LH:40
end_of_record
TN:
SF:/Users/mac/rustmap-clone/c-code/rosseta-125/infinity/main.c
FN:4,5,inf
FN:8,10,main
FNDA:3,inf
FNDA:3,main
FNF:2
FNH:2
DA:4,3
DA:5,3
DA:8,3
DA:9,3
DA:10,3
LF:5
LH:5
end_of_record
TN:
SF:/Users/mac/rustmap-clone/c-code/rosseta-125/isbn13_check_digit/main.c
FN:25,31,main
FN:3,23,check_isbn13
FNDA:3,main
FNDA:12,check_isbn13
FNF:2
FNH:2
DA:3,12
DA:4,12
DA:6,180
DA:8,168
DA:9,12
DA:10,12
DA:12,156
DA:13,0
DA:15,156
DA:16,72
DA:17,72
DA:18,84
DA:20,156
DA:21,12
DA:22,12
DA:23,12
DA:25,3
DA:27,3
DA:28,15
DA:29,12
DA:30,12
DA:31,3
LF:22
LH:21
end_of_record
TN:
SF:/Users/mac/rustmap-clone/c-code/rosseta-125/iterated_digits_squaring/main.c
FN:18,44,main
FN:5,15,is89
FNDA:3,main
FNDA:47586,is89
FNF:2
FNH:2
DA:5,47586
DA:7,287694
DA:8,287694
DA:9,632421
DA:11,287694
DA:12,247053
DA:13,240108
DA:15,47586
DA:18,3
DA:21,3
DA:23,60
DA:24,51090
DA:25,493740
DA:26,447510
DA:27,447510
DA:28,442710
DA:29,442710
DA:30,51030
DA:32,60
DA:33,47643
DA:34,47586
DA:36,40641
DA:37,3
DA:38,3
DA:40,40638
DA:41,40638
DA:43,57
DA:44,57
LF:28
LH:28
end_of_record
TN:
SF:/Users/mac/rustmap-clone/c-code/rosseta-125/jacobi_symbol/main.c
FN:22,34,print_table
FN:36,38,main
FN:6,20,jacobi
FNDA:3,print_table
FNDA:3,main
FNDA:693,jacobi
FNF:3
FNH:3
DA:6,693
DA:7,693
DA:8,693
DA:9,1512
DA:10,1446
DA:11,627
DA:12,627
DA:14,819
DA:15,819
DA:16,819
DA:18,693
DA:19,147
DA:20,693
DA:22,3
DA:23,3
DA:24,66
DA:25,3
DA:26,66
DA:27,3
DA:28,36
DA:29,33
DA:30,726
DA:31,693
DA:32,33
DA:33,33
DA:34,3
DA:36,3
DA:37,3
DA:38,3
LF:29
LH:29
end_of_record
TN:
SF:/Users/mac/rustmap-clone/c-code/rosseta-125/jortsort/main.c
FN:14,25,convert_array
FN:30,36,isSorted
FN:38,51,main
FN:6,11,number_of_digits
FNDA:3,convert_array
FNDA:3,isSorted
FNDA:3,main
FNDA:0,number_of_digits
FNF:4
FNH:3
DA:6,0
DA:8,0
DA:9,0
DA:10,0
DA:11,0
DA:14,3
DA:16,3
DA:19,3
DA:21,0
DA:22,0
DA:24,0
DA:25,3
DA:30,3
DA:31,3
DA:32,3
DA:33,0
DA:35,0
DA:36,3
DA:38,3
DA:43,3
DA:47,3
DA:48,0
DA:49,0
DA:50,3
DA:51,3
LF:25
LH:13
end_of_record
TN:
SF:/Users/mac/rustmap-clone/c-code/rosseta-125/josephus_problem/main.c
FN:12,26,jos_large
FN:28,43,main
FN:3,7,jos
FNDA:9,jos_large
FNDA:3,main
FNDA:3,jos
FNF:3
FNH:3
DA:3,3
DA:5,126
DA:6,123
DA:7,3
DA:12,9
DA:13,9
DA:15,9
DA:16,3826587
DA:17,3826578
DA:19,3826578
DA:20,3826569
DA:22,3826578
DA:25,9
DA:26,9
DA:28,3
DA:31,3
DA:32,3
DA:33,3
DA:35,3
DA:36,3
DA:37,3
DA:39,12
DA:40,9
DA:41,3
DA:43,3
LF:25
LH:25
end_of_record
TN:
SF:/Users/mac/rustmap-clone/c-code/rosseta-125/knapsack_problem_0_1/main.c
FN:35,62,knapsack
FN:65,77,main
FNDA:3,knapsack
FNDA:3,main
FNF:2
FNH:2
DA:35,3
DA:37,3
DA:38,3
DA:39,3
DA:40,69
DA:41,66
DA:42,26532
DA:43,26466
DA:44,2409
DA:45,2409
DA:47,24057
DA:48,24057
DA:49,24057
DA:51,26466
DA:52,66
DA:53,3
DA:54,69
DA:55,66
DA:56,36
DA:57,36
DA:58,36
DA:59,66
DA:60,3
DA:61,3
DA:62,3
DA:65,3
DA:66,3
DA:67,3
DA:68,3
DA:69,69
DA:70,66
DA:71,36
DA:72,36
DA:73,36
DA:74,36
DA:75,66
DA:76,3
DA:77,3
LF:38
LH:38
end_of_record
TN:
SF:/Users/mac/rustmap-clone/c-code/rosseta-125/knapsack_problem_continuous/main.c
FN:16,20,item_cmp
FN:23,36,main
FNDA:75,item_cmp
FNDA:3,main
FNF:2
FNH:2
DA:16,75
DA:18,75
DA:19,75
DA:20,75
DA:23,3
DA:26,3
DA:28,3
DA:29,18
DA:30,30
DA:31,12
DA:33,3
DA:34,3
DA:36,3
LF:13
LH:13
end_of_record
TN:
SF:/Users/mac/rustmap-clone/c-code/rosseta-125/largest_int_from_concatenated_ints/main.c
FN:13,20,maxcat
FN:22,30,main
FN:5,10,catcmp
FNDA:6,maxcat
FNDA:3,main
FNDA:72,catcmp
FNF:3
FNH:3
DA:5,72
DA:8,72
DA:9,72
DA:10,72
DA:13,6
DA:16,6
DA:17,42
DA:18,36
DA:19,6
DA:20,6
DA:22,3
DA:24,3
DA:25,3
DA:27,3
DA:28,3
DA:30,3
LF:16
LH:16
end_of_record
TN:
SF:/Users/mac/rustmap-clone/c-code/rosseta-125/last_letter_first_letter/main.c
FN:23,43,search
FN:45,80,find_longest_chain
FN:82,112,main
FNDA:15048234,search
FNDA:3,find_longest_chain
FNDA:3,main
FNF:3
FNH:3
DA:23,15048234
DA:24,15048234
DA:25,10767
DA:26,15048234
DA:27,69
DA:28,69
DA:29,69
DA:30,69
DA:33,15048234
DA:34,843095172
DA:35,843094962
DA:36,15048024
DA:37,15048024
DA:38,15048024
DA:39,15048024
DA:40,15048024
DA:41,15048024
DA:42,15048024
DA:43,15048234
DA:45,3
DA:47,3
DA:48,3
DA:51,3
DA:52,3
DA:54,213
DA:55,210
DA:56,210
DA:57,0
DA:58,210
DA:59,210
DA:60,210
DA:61,210
DA:64,213
DA:65,210
DA:66,210
DA:67,210
DA:68,210
DA:69,210
DA:70,210
DA:71,210
DA:73,3
DA:74,3
DA:75,72
DA:76,69
DA:78,3
DA:79,3
DA:80,3
DA:82,3
DA:83,3
DA:97,3
DA:99,3
DA:100,3
DA:101,3
DA:102,3
DA:103,15
DA:104,12
DA:105,81
DA:106,69
DA:107,12
DA:108,12
DA:110,3
DA:112,3
LF:62
LH:61
end_of_record
TN:
SF:/Users/mac/rustmap-clone/c-code/rosseta-125/leap_year/main.c
FN:3,5,is_leap_year
FN:8,15,main
FNDA:15,is_leap_year
FNDA:3,main
FNF:2
FNH:2
DA:3,15
DA:5,15
DA:8,3
DA:10,3
DA:11,18
DA:12,15
DA:13,15
DA:14,15
DA:15,3
LF:9
LH:9
end_of_record
TN:
SF:/Users/mac/rustmap-clone/c-code/rosseta-125/least_common_multiple/main.c
FN:10,12,lcm
FN:15,18,main
FN:3,7,gcd
FNDA:3,lcm
FNDA:3,main
FNDA:3,gcd
FNF:3
FNH:3
DA:3,3
DA:6,12
DA:7,3
DA:10,3
DA:12,3
DA:15,3
DA:17,3
DA:18,3
LF:8
LH:8
end_of_record
TN:
SF:/Users/mac/rustmap-clone/c-code/rosseta-125/levenshtein_distance/main.c
FN:37,44,main
FN:5,35,levenshtein
FNDA:3,main
FNDA:132846195,levenshtein
FNF:2
FNH:2
DA:5,132846195
DA:12,132846195
DA:13,83956734
DA:18,57041586
DA:19,19139283
DA:27,37902303
DA:28,37902303
DA:29,37902303
DA:31,37902303
DA:32,37902303
DA:34,37902303
DA:35,132846195
DA:37,3
DA:39,3
DA:40,3
DA:41,6
DA:42,3
DA:44,3
LF:18
LH:18
end_of_record
TN:
SF:/Users/mac/rustmap-clone/c-code/rosseta-125/loop_over_multiple_arrays_simultaneously/main.c
FN:7,11,main
FNDA:3,main
FNF:1
FNH:1
DA:7,3
DA:8,12
DA:9,9
DA:10,9
DA:11,3
LF:5
LH:5
end_of_record
TN:
SF:/Users/mac/rustmap-clone/c-code/rosseta-125/lu_decomposition/main.c
FN:107,128,main
FN:18,18,mat_zero
FN:21,29,mat_new
FN:33,37,mat_copy
FN:41,41,mat_del
FN:46,56,mat_show
FN:59,63,mat_mul
FN:67,78,mat_pivot
FN:81,102,mat_LU
FNDA:3,main
FNDA:42,mat_zero
FNDA:30,mat_new
FNDA:6,mat_copy
FNDA:30,mat_del
FNDA:24,mat_show
FNDA:6,mat_mul
FNDA:6,mat_pivot
FNDA:6,mat_LU
FNF:9
FNH:9
DA:18,714
DA:21,30
DA:23,30
DA:24,30
DA:26,135
DA:27,30
DA:29,30
DA:33,6
DA:35,6
DA:36,102
DA:37,6
DA:41,30
DA:46,24
DA:48,24
DA:49,108
DA:50,84
DA:51,384
DA:52,300
DA:53,300
DA:54,300
DA:55,84
DA:56,24
DA:59,6
DA:61,6
DA:62,375
DA:63,6
DA:67,6
DA:69,102
DA:70,27
DA:71,21
DA:72,69
DA:73,48
DA:75,21
DA:76,27
DA:77,21
DA:78,6
DA:81,6
DA:83,6
DA:84,6
DA:86,6
DA:88,27
DA:89,102
DA:91,75
DA:92,90
DA:93,48
DA:94,48
DA:95,75
DA:96,90
DA:97,48
DA:98,48
DA:99,96
DA:101,6
DA:102,6
DA:107,3
DA:109,3
DA:112,3
DA:113,3
DA:114,3
DA:115,3
DA:116,3
DA:118,3
DA:120,3
DA:122,3
DA:123,3
DA:124,3
DA:125,3
DA:126,3
DA:128,3
LF:68
LH:68
end_of_record
TN:
SF:/Users/mac/rustmap-clone/c-code/rosseta-125/luhn_test_of_credit_card_numbers/main.c
FN:17,31,main
FN:4,14,luhn
FNDA:3,main
FNDA:12,luhn
FNF:2
FNH:2
DA:4,12
DA:6,12
DA:7,12
DA:9,174
DA:10,162
DA:11,162
DA:12,162
DA:14,12
DA:17,3
DA:19,3
DA:28,15
DA:29,12
DA:31,3
LF:13
LH:13
end_of_record
TN:
SF:/Users/mac/rustmap-clone/c-code/rosseta-125/magic_squares_of_doubly_even_order/main.c
FN:27,35,numDigits
FN:38,49,printMagicSquare
FN:5,25,doublyEvenMagicSquare
FN:51,61,main
FNDA:0,numDigits
FNDA:0,printMagicSquare
FNDA:0,doublyEvenMagicSquare
FNDA:3,main
FNF:4
FNH:1
DA:5,0
DA:6,0
DA:7,0
DA:9,0
DA:10,0
DA:11,0
DA:13,0
DA:15,0
DA:16,0
DA:18,0
DA:19,0
DA:20,0
DA:21,0
DA:22,0
DA:23,0
DA:24,0
DA:25,0
DA:27,0
DA:28,0
DA:30,0
DA:31,0
DA:32,0
DA:35,0
DA:38,0
DA:39,0
DA:41,0
DA:43,0
DA:44,0
DA:45,0
DA:46,0
DA:47,0
DA:48,0
DA:49,0
DA:51,3
DA:55,3
DA:56,3
DA:58,0
DA:59,0
DA:61,3
LF:39
LH:4
end_of_record
TN:
SF:/Users/mac/rustmap-clone/c-code/rosseta-125/magic_squares_of_singly_even_order/main.c
FN:106,116,main
FN:40,81,singlyEvenMagicSquare
FN:5,38,oddMagicSquare
FN:83,91,numDigits
FN:94,104,printMagicSquare
FNDA:3,main
FNDA:0,singlyEvenMagicSquare
FNDA:0,oddMagicSquare
FNDA:0,numDigits
FNDA:0,printMagicSquare
FNF:5
FNH:1
DA:5,0
DA:6,0
DA:7,0
DA:9,0
DA:10,0
DA:11,0
DA:13,0
DA:15,0
DA:16,0
DA:18,0
DA:19,0
DA:20,0
DA:21,0
DA:22,0
DA:23,0
DA:24,0
DA:25,0
DA:27,0
DA:28,0
DA:29,0
DA:30,0
DA:31,0
DA:32,0
DA:33,0
DA:34,0
DA:37,0
DA:38,0
DA:40,0
DA:41,0
DA:42,0
DA:44,0
DA:45,0
DA:46,0
DA:48,0
DA:49,0
DA:50,0
DA:52,0
DA:53,0
DA:55,0
DA:56,0
DA:57,0
DA:58,0
DA:59,0
DA:60,0
DA:61,0
DA:63,0
DA:64,0
DA:66,0
DA:67,0
DA:68,0
DA:69,0
DA:71,0
DA:72,0
DA:74,0
DA:75,0
DA:76,0
DA:77,0
DA:78,0
DA:80,0
DA:81,0
DA:83,0
DA:84,0
DA:86,0
DA:87,0
DA:88,0
DA:91,0
DA:94,0
DA:97,0
DA:98,0
DA:99,0
DA:100,0
DA:101,0
DA:102,0
DA:103,0
DA:104,0
DA:106,3
DA:110,3
DA:111,3
DA:113,0
DA:114,0
DA:116,3
LF:81
LH:4
end_of_record
TN:
SF:/Users/mac/rustmap-clone/c-code/rosseta-125/magnanimous_numbers/main.c
FN:11,24,is_prime
FN:26,48,ord
FN:50,60,is_magnanimous
FN:62,81,list_mags
FN:83,87,main
FNDA:2120547,is_prime
FNDA:12,ord
FNDA:1879803,is_magnanimous
FNDA:9,list_mags
FNDA:3,main
FNF:5
FNH:5
DA:11,2120547
DA:13,2120547
DA:14,2120538
DA:15,1060113
DA:16,746823
DA:17,7466577
DA:18,7223808
DA:19,6923199
DA:20,6923199
DA:21,6719754
DA:23,242769
DA:24,2120547
DA:26,12
DA:28,12
DA:29,12
DA:30,0
DA:31,0
DA:33,12
DA:35,6
DA:36,6
DA:38,0
DA:39,0
DA:41,0
DA:42,0
DA:44,6
DA:45,6
DA:47,12
DA:48,12
DA:50,1879803
DA:52,1879803
DA:53,2120547
DA:54,2120547
DA:55,2120547
DA:56,2120547
DA:57,242829
DA:58,240834
DA:59,1995
DA:60,1879803
DA:62,9
DA:63,9
DA:64,9
DA:66,9
DA:67,3
DA:68,3
DA:69,6
DA:70,6
DA:71,6
DA:73,1879812
DA:74,1879803
DA:75,2085
DA:76,195
DA:77,195
DA:78,195
DA:79,2085
DA:80,1879803
DA:81,9
DA:83,3
DA:84,3
DA:85,3
DA:86,3
DA:87,3
LF:61
LH:55
end_of_record
TN:
SF:/Users/mac/rustmap-clone/c-code/rosseta-125/map_range/main.c
FN:3,5,mapRange
FN:8,18,main
FNDA:33,mapRange
FNDA:3,main
FNF:2
FNH:2
DA:3,33
DA:5,33
DA:8,3
DA:11,3
DA:13,36
DA:15,33
DA:16,33
DA:18,3
LF:8
LH:8
end_of_record
TN:
SF:/Users/mac/rustmap-clone/c-code/rosseta-125/matrix_chain_multiplication/main.c
FN:37,46,print_optimal_chain_order
FN:48,71,main
FN:8,35,optimal_matrix_chain_order
FNDA:147,print_optimal_chain_order
FNDA:3,main
FNDA:9,optimal_matrix_chain_order
FNF:3
FNH:3
DA:8,9
DA:10,9
DA:11,9
DA:12,87
DA:13,78
DA:14,78
DA:16,9
DA:17,87
DA:18,78
DA:19,78
DA:21,78
DA:22,441
DA:23,372
DA:24,372
DA:25,1902
DA:26,1530
DA:27,1530
DA:28,1530
DA:29,726
DA:30,726
DA:31,726
DA:32,1530
DA:33,372
DA:34,69
DA:35,9
DA:37,147
DA:38,147
DA:39,78
DA:41,69
DA:42,69
DA:43,69
DA:44,69
DA:46,147
DA:48,3
DA:50,3
DA:51,3
DA:52,3
DA:53,3
DA:54,3
DA:55,12
DA:56,9
DA:57,9
DA:58,96
DA:59,87
DA:60,87
DA:61,87
DA:62,9
DA:63,9
DA:64,9
DA:65,9
DA:66,87
DA:67,9
DA:68,87
DA:69,9
DA:70,9
DA:71,3
LF:56
LH:56
end_of_record
TN:
SF:/Users/mac/rustmap-clone/c-code/rosseta-125/matrix_transposition/main.c
FN:12,24,main
FN:3,10,transpose
FNDA:3,main
FNDA:3,transpose
FNF:2
FNH:2
DA:3,3
DA:6,3
DA:7,12
DA:8,54
DA:9,54
DA:10,3
DA:12,3
DA:15,3
DA:19,3
DA:21,18
DA:22,60
DA:23,60
DA:24,3
LF:13
LH:13
end_of_record
TN:
SF:/Users/mac/rustmap-clone/c-code/rosseta-125/mcnuggets_problem/main.c
FN:4,34,main
FNDA:3,main
FNF:1
FNH:1
DA:4,3
DA:5,3
DA:7,303
DA:8,825
DA:9,738
DA:10,0
DA:11,0
DA:14,3903
DA:15,3378
DA:16,48
DA:17,48
DA:20,13983
DA:21,10818
DA:22,165
DA:23,165
DA:25,10653
DA:26,3165
DA:27,525
DA:28,87
DA:29,87
DA:32,3
DA:34,3
LF:22
LH:20
end_of_record
TN:
SF:/Users/mac/rustmap-clone/c-code/rosseta-125/mean_angle/main.c
FN:20,29,main
FN:5,16,meanAngle
FNDA:3,main
FNDA:9,meanAngle
FNF:2
FNH:2
DA:5,9
DA:7,9
DA:10,36
DA:12,27
DA:13,27
DA:14,27
DA:16,9
DA:20,3
DA:22,3
DA:23,3
DA:24,3
DA:26,3
DA:27,3
DA:28,3
DA:29,3
LF:15
LH:15
end_of_record
TN:
SF:/Users/mac/rustmap-clone/c-code/rosseta-125/middle_three_digits/main.c
FN:17,30,main
FN:5,15,mid3
FNDA:3,main
FNDA:54,mid3
FNF:2
FNH:2
DA:5,54
DA:9,54
DA:10,54
DA:11,54
DA:12,30
DA:13,30
DA:14,30
DA:15,54
DA:17,3
DA:19,3
DA:25,57
DA:26,54
DA:27,24
DA:28,54
DA:29,54
DA:30,3
LF:16
LH:16
end_of_record
TN:
SF:/Users/mac/rustmap-clone/c-code/rosseta-125/modular_inverse/main.c
[...]
FN:50,57,main
FN:8,11,lhpo2
FNDA:771,nimsum
FNDA:17022,nimprod
FNDA:6,print_table
FNDA:30543,hpo2
FNDA:3,main
FNDA:9276,lhpo2
FNF:6
FNH:6
DA:4,30543
DA:5,30543
DA:8,9276
DA:9,9276
DA:10,31221
DA:11,9276
DA:14,771
DA:15,771
DA:18,17022
DA:19,17022
DA:20,5640
DA:21,11382
DA:22,11382
DA:23,4167
DA:24,7215
DA:25,2577
DA:26,4638
DA:27,4638
DA:28,4638
DA:29,1968
DA:30,2670
DA:31,2670
DA:32,17022
DA:34,6
DA:35,6
DA:36,102
DA:37,96
DA:38,6
DA:39,102
DA:40,96
DA:41,6
DA:42,102
DA:43,96
DA:44,1632
DA:45,1536
DA:46,96
DA:47,96
DA:48,6
DA:50,3
DA:51,3
DA:52,3
DA:53,3
DA:54,3
DA:55,3
DA:56,3
DA:57,3
LF:46
LH:46
end_of_record
TN:
SF:/Users/mac/rustmap-clone/c-code/rosseta-125/nth/main.c
FN:23,51,main
FN:3,20,addSuffix
FNDA:3,main
FNDA:204,addSuffix
FNF:2
FNH:2
DA:3,204
DA:5,204
DA:8,204
DA:10,24
DA:11,24
DA:12,24
DA:13,24
DA:14,24
DA:15,24
DA:16,132
DA:17,132
DA:19,204
DA:20,204
DA:23,3
DA:27,3
DA:28,81
DA:31,78
DA:32,78
DA:33,3
DA:35,3
DA:36,51
DA:39,48
DA:40,48
DA:41,3
DA:43,3
DA:44,81
DA:47,78
DA:48,78
DA:49,3
DA:51,3
LF:30
LH:30
end_of_record
TN:
SF:/Users/mac/rustmap-clone/c-code/rosseta-125/null_object/main.c
FN:3,10,main
FNDA:3,main
FNF:1
FNH:1
DA:3,3
DA:5,3
DA:7,3
DA:8,3
DA:9,3
DA:10,3
LF:6
LH:6
end_of_record
TN:
SF:/Users/mac/rustmap-clone/c-code/rosseta-125/number_names/main.c
FN:126,134,main
FN:14,43,say_hundred
FN:45,63,say_maxillion
FN:66,124,say_number
FNDA:3,main
FNDA:93,say_hundred
FNDA:33,say_maxillion
FNDA:18,say_number
FNF:4
FNH:4
DA:14,93
DA:17,372
DA:18,279
DA:19,24
DA:20,279
DA:21,93
DA:23,87
DA:24,48
DA:25,48
DA:26,48
DA:28,87
DA:29,69
DA:30,57
DA:32,87
DA:33,39
DA:34,39
DA:35,48
DA:36,48
DA:37,48
DA:38,48
DA:39,48
DA:42,87
DA:43,93
DA:45,33
DA:47,33
DA:48,33
DA:49,18
DA:50,18
DA:51,18
DA:52,33
DA:53,33
DA:54,93
DA:55,57
DA:56,57
DA:57,57
DA:58,33
DA:59,57
DA:60,93
DA:61,93
DA:63,33
DA:66,18
DA:68,18
DA:70,18
DA:71,18
DA:72,3
DA:73,0
DA:74,0
DA:75,3
DA:76,3
DA:77,15
DA:79,18
DA:80,0
DA:81,0
DA:82,0
DA:83,0
DA:87,18
DA:88,18
DA:90,273
DA:91,255
DA:92,0
DA:93,0
DA:95,255
DA:96,18
DA:98,18
DA:99,18
DA:100,18
DA:101,0
DA:102,0
DA:103,0
DA:105,18
DA:106,18
DA:107,18
DA:108,33
DA:109,66
DA:110,33
DA:111,33
DA:112,33
DA:113,33
DA:114,33
DA:115,33
DA:116,33
DA:117,33
DA:119,18
DA:120,18
DA:122,0
DA:123,0
DA:124,18
DA:126,3
DA:128,3
DA:129,3
DA:130,3
DA:131,3
DA:132,3
DA:133,3
DA:134,3
LF:95
LH:82
end_of_record
TN:
SF:/Users/mac/rustmap-clone/c-code/rosseta-125/numerical_integration/main.c
FN:14,20,int_rightrect
FN:23,29,int_midrect
FN:32,39,int_trapezium
FN:42,57,int_simpson
FN:5,11,int_leftrect
FN:60,62,f3
FN:65,67,f3a
FN:70,72,f2
FN:75,77,f2a
FN:80,82,f1
FN:85,87,f1a
FN:95,129,main
FNDA:12,int_rightrect
FNDA:12,int_midrect
FNDA:12,int_trapezium
FNDA:12,int_simpson
FNDA:12,int_leftrect
FNDA:197999994,f3
FNDA:60,f3a
FNDA:17997,f2
FNDA:30,f2a
FNDA:1797,f1
FNDA:30,f1a
FNDA:3,main
FNF:12
FNH:12
DA:5,12
DA:7,12
DA:8,12
DA:9,33003300
DA:10,33003288
DA:11,12
DA:14,12
DA:16,12
DA:17,12
DA:18,33003300
DA:19,33003288
DA:20,12
DA:23,12
DA:25,12
DA:26,12
DA:27,33003300
DA:28,33003288
DA:29,12
DA:32,12
DA:34,12
DA:35,12
DA:37,33003300
DA:38,33003288
DA:39,12
DA:42,12
DA:44,12
DA:45,12
DA:46,12
DA:51,33003312
DA:52,33003300
DA:54,33003300
DA:55,33003288
DA:57,12
DA:60,197999994
DA:62,197999994
DA:65,60
DA:67,60
DA:70,17997
DA:72,17997
DA:75,30
DA:77,30
DA:80,1797
DA:82,1797
DA:85,30
DA:87,30
DA:95,3
DA:100,3
DA:105,3
DA:109,3
DA:110,3
DA:111,3
DA:117,3
DA:119,15
DA:121,72
DA:123,60
DA:124,60
DA:125,60
DA:126,60
DA:127,12
DA:128,12
DA:129,3
LF:61
LH:61
end_of_record
TN:
SF:/Users/mac/rustmap-clone/c-code/rosseta-125/one_dimensional_cellular_automata/main.c
FN:21,27,main
FN:7,18,evolve
FNDA:3,main
FNDA:27,evolve
FNF:2
FNH:2
DA:7,27
DA:9,27
DA:11,540
DA:13,513
DA:14,513
DA:15,513
DA:17,27
DA:18,27
DA:21,3
DA:23,3
DA:24,3
DA:26,27
DA:27,3
LF:13
LH:13
end_of_record
TN:
SF:/Users/mac/rustmap-clone/c-code/rosseta-125/one_of_n_lines_in_a_file/main.c
FN:12,18,one_of_n
FN:21,30,main
FN:4,9,irand
FNDA:3000000,one_of_n
FNDA:3,main
FNDA:27000000,irand
FNF:3
FNH:3
DA:4,27000000
DA:6,27000000
DA:7,27000000
DA:9,27000000
DA:12,3000000
DA:14,3000000
DA:15,30000000
DA:16,32790177
DA:17,5790177
DA:18,3000000
DA:21,3
DA:23,3
DA:25,3000003
DA:27,33
DA:28,30
DA:30,3
LF:16
LH:16
end_of_record
TN:
SF:/Users/mac/rustmap-clone/c-code/rosseta-125/perfect_numbers/main.c
FN:22,29,main
FN:4,19,perfect
FNDA:3,main
FNDA:594,perfect
FNF:2
FNH:2
DA:4,594
DA:6,594
DA:7,594
DA:10,5352
DA:11,5811
DA:13,1053
DA:14,1053
DA:15,1053
DA:16,1014
DA:17,1053
DA:19,594
DA:22,3
DA:25,597
DA:26,600
DA:27,6
DA:29,3
LF:16
LH:16
end_of_record
TN:
SF:/Users/mac/rustmap-clone/c-code/rosseta-125/phrase_reversals/main.c
FN:18,30,reverse_words_in_order
FN:32,34,reverse_string
FN:37,41,reverse_order_of_words
FN:44,70,main
FN:8,16,reverse_section
FNDA:6,reverse_words_in_order
FNDA:6,reverse_string
FNDA:3,reverse_order_of_words
FNDA:3,main
FNDA:30,reverse_section
FNF:5
FNH:5
DA:8,30
DA:10,30
DA:13,192
DA:14,162
DA:15,30
DA:16,30
DA:18,6
DA:20,6
DA:23,30
DA:24,174
DA:26,24
DA:27,24
DA:28,24
DA:29,6
DA:30,6
DA:32,6
DA:34,6
DA:37,3
DA:39,3
DA:40,3
DA:41,3
DA:44,3
DA:46,3
DA:47,3
DA:48,3
DA:49,3
DA:52,3
DA:55,3
DA:56,3
DA:57,3
DA:60,3
DA:61,3
DA:62,3
DA:65,3
DA:66,3
DA:67,3
DA:69,3
DA:70,3
LF:38
LH:38
end_of_record
TN:
SF:/Users/mac/rustmap-clone/c-code/rosseta-125/population_count/main.c
FN:3,38,main
FNDA:3,main
FNF:1
FNH:1
DA:3,3
DA:5,3
DA:6,93
DA:10,90
DA:11,90
DA:12,90
DA:13,3
DA:17,3
DA:18,3
DA:19,183
DA:20,180
DA:21,90
DA:22,90
DA:23,90
DA:24,90
DA:25,90
DA:26,90
DA:27,90
DA:28,90
DA:30,180
DA:31,3
DA:32,3
DA:33,93
DA:34,90
DA:35,90
DA:36,3
DA:38,3
LF:27
LH:27
end_of_record
TN:
SF:/Users/mac/rustmap-clone/c-code/rosseta-125/proper_divisors/main.c
FN:22,46,countProperDivisors
FN:4,19,proper_divisors
FN:49,68,main
FNDA:60000,countProperDivisors
FNDA:30,proper_divisors
FNDA:3,main
FNF:3
FNH:3
DA:4,30
DA:6,30
DA:8,165
DA:9,135
DA:10,51
DA:11,51
DA:12,51
DA:13,51
DA:14,135
DA:16,30
DA:17,30
DA:19,30
DA:22,60000
DA:23,60000
DA:25,119985
DA:26,59985
DA:27,59985
DA:30,60000
DA:32,1074885
DA:33,1014885
DA:35,1093431
DA:36,78546
DA:37,78546
DA:40,1014885
DA:41,1014885
DA:43,60000
DA:44,58068
DA:46,60000
DA:49,3
DA:51,33
DA:52,30
DA:53,30
DA:54,30
DA:56,3
DA:57,3
DA:59,60003
DA:60,60000
DA:61,60000
DA:62,171
DA:63,171
DA:64,171
DA:65,60000
DA:67,3
DA:68,3
LF:44
LH:44
end_of_record
TN:
SF:/Users/mac/rustmap-clone/c-code/rosseta-125/pythagorean_quadruples/main.c
FN:8,35,main
FNDA:3,main
FNF:1
FNH:1
DA:8,3
DA:9,3
DA:11,3
DA:12,3
DA:14,6603
DA:15,6600
DA:16,7269900
DA:17,6600
DA:19,6603
DA:20,6600
DA:21,6600
DA:22,6600
DA:23,7263300
DA:24,7256700
DA:25,7256700
DA:26,7256700
DA:27,7256700
DA:28,6600
DA:30,6603
DA:31,6600
DA:32,6600
DA:33,3
DA:34,3
DA:35,3
LF:24
LH:24
end_of_record
TN:
SF:/Users/mac/rustmap-clone/c-code/rosseta-125/pythagorean_triples/main.c
FN:14,34,new_tri
FN:36,47,main
FNDA:70230363,new_tri
FNDA:3,main
FNF:2
FNH:2
DA:14,70230363
DA:17,70230363
DA:19,70230363
DA:21,23410113
DA:25,23410113
DA:28,93640452
DA:29,70230339
DA:30,70230339
DA:31,70230339
DA:32,70230339
DA:33,70230339
DA:34,70230363
DA:36,3
DA:38,3
DA:40,27
DA:41,24
DA:42,24
DA:44,24
DA:45,24
DA:46,24
DA:47,3
LF:21
LH:21
end_of_record
TN:
SF:/Users/mac/rustmap-clone/c-code/rosseta-125/quickselect_algorithm/main.c
FN:22,34,main
FN:4,19,qselect
FNDA:3,main
FNDA:105,qselect
FNF:2
FNH:2
DA:4,105
DA:9,600
DA:10,495
DA:11,267
DA:12,267
DA:13,267
DA:15,105
DA:17,180
DA:18,75
DA:19,33
DA:22,3
DA:25,3
DA:29,33
DA:30,30
DA:31,30
DA:32,30
DA:34,3
LF:17
LH:17
end_of_record
TN:
SF:/Users/mac/rustmap-clone/c-code/rosseta-125/range_expansion/main.c
FN:19,35,get_list
FN:37,52,get_rnge
FN:54,57,add_number
FN:59,64,add_range
FN:66,77,main
FNDA:6,get_list
FNDA:24,get_rnge
FNDA:0,add_number
FNDA:15,add_range
FNDA:3,main
FNF:5
FNH:4
DA:19,6
DA:22,6
DA:23,24
DA:24,24
DA:25,24
DA:27,24
DA:28,24
DA:29,21
DA:30,3
DA:32,3
DA:33,3
DA:34,3
DA:35,6
DA:37,24
DA:41,24
DA:42,24
DA:44,27
DA:45,24
DA:46,9
DA:47,9
DA:49,15
DA:50,15
DA:51,15
DA:52,24
DA:54,0
DA:56,0
DA:57,0
DA:59,15
DA:61,15
DA:62,90
DA:63,15
DA:64,15
DA:66,3
DA:71,3
DA:75,3
DA:77,3
LF:36
LH:33
end_of_record
TN:
SF:/Users/mac/rustmap-clone/c-code/rosseta-125/range_extraction/main.c
FN:24,35,main
FN:4,19,rprint
FNDA:3,main
FNDA:6,rprint
FNF:2
FNH:2
DA:4,6
DA:9,6
DA:10,48
DA:11,198
DA:13,42
DA:14,30
DA:16,30
DA:17,18
DA:18,42
DA:19,6
DA:24,3
DA:26,3
DA:31,3
DA:32,3
DA:33,3
DA:35,3
LF:16
LH:16
end_of_record
TN:
SF:/Users/mac/rustmap-clone/c-code/rosseta-125/rational/main.c
FN:14,32,frac_new
FN:36,36,frac_add
FN:37,37,frac_sub
FN:38,38,frac_mul
FN:39,39,frac_div
FN:41,43,frac_cmp
FN:46,46,frtoi
FN:47,47,frtod
FN:49,68,main
FN:7,11,gcd
FNDA:38764500,frac_new
FNDA:17809392,frac_add
FNDA:0,frac_sub
FNDA:0,frac_mul
FNDA:0,frac_div
FNDA:1572858,frac_cmp
FNDA:0,frtoi
FNDA:0,frtod
FNDA:3,main
FNDA:38764500,gcd
FNF:10
FNH:5
DA:7,38764500
DA:10,244999545
DA:11,38764500
DA:14,38764500
DA:17,38764500
DA:18,0
DA:19,0
DA:22,38764500
DA:24,38764500
DA:25,0
DA:27,38764500
DA:28,0
DA:29,0
DA:30,0
DA:31,38764500
DA:32,38764500
DA:36,17809392
DA:37,0
DA:38,0
DA:39,0
DA:41,1572858
DA:42,1572858
DA:43,1572858
DA:46,0
DA:47,0
DA:49,3
DA:54,1572861
DA:55,1572858
DA:57,758461314
DA:58,756888456
DA:59,8904696
DA:60,8904696
DA:62,8904696
DA:63,8904696
DA:64,8904696
DA:65,1572858
DA:66,1572858
DA:68,3
LF:38
LH:27
end_of_record
TN:
SF:/Users/mac/rustmap-clone/c-code/rosseta-125/repeat/main.c
FN:12,14,main
FN:3,6,repeat
FN:8,10,example
FNDA:3,main
FNDA:3,repeat
FNDA:12,example
FNF:3
FNH:3
DA:3,3
DA:4,15
DA:5,12
DA:6,3
DA:8,12
DA:9,12
DA:10,12
DA:12,3
DA:13,3
DA:14,3
LF:10
LH:10
end_of_record
TN:
SF:/Users/mac/rustmap-clone/c-code/rosseta-125/repeat_a_string/main.c
FN:17,21,main
FN:5,14,string_repeat
FNDA:3,main
FNDA:3,string_repeat
FNF:2
FNH:2
DA:5,3
DA:6,3
DA:7,3
DA:10,18
DA:11,15
DA:12,15
DA:13,3
DA:14,3
DA:17,3
DA:18,3
DA:19,3
DA:20,3
DA:21,3
LF:13
LH:13
end_of_record
TN:
SF:/Users/mac/rustmap-clone/c-code/rosseta-125/roman_numerals_decode/main.c
FN:10,35,decode
FN:38,46,main
FNDA:12,decode
FNDA:3,main
FNF:2
FNH:2
DA:10,12
DA:14,12
DA:15,75
DA:16,63
DA:20,63
DA:23,222
DA:25,63
DA:26,54
DA:28,9
DA:29,18
DA:30,9
DA:33,63
DA:35,12
DA:38,3
DA:40,3
DA:43,15
DA:44,12
DA:46,3
LF:18
LH:18
end_of_record
TN:
SF:/Users/mac/rustmap-clone/c-code/rosseta-125/root_mean_square/main.c
FN:13,17,main
FN:4,10,rms
FNDA:3,main
FNDA:3,rms
FNF:2
FNH:2
DA:4,3
DA:7,3
DA:8,33
DA:9,30
DA:10,3
DA:13,3
DA:15,3
DA:16,3
DA:17,3
LF:9
LH:9
end_of_record
TN:
SF:/Users/mac/rustmap-clone/c-code/rosseta-125/roots_of_unity/main.c
FN:4,23,main
FNDA:3,main
FNF:1
FNH:1
DA:4,3
DA:6,3
DA:9,165
DA:10,135
DA:11,135
DA:12,108
DA:13,102
DA:14,90
DA:16,84
DA:18,135
DA:19,135
DA:20,135
DA:21,162
DA:23,3
LF:14
LH:14
end_of_record
TN:
SF:/Users/mac/rustmap-clone/c-code/rosseta-125/runge_kutta_method/main.c
FN:14,16,rate
FN:19,36,main
FN:5,11,rk4
FNDA:1200,rate
FNDA:3,main
FNDA:300,rk4
FNF:3
FNH:3
DA:5,300
DA:7,300
DA:8,300
DA:9,300
DA:10,300
DA:11,300
DA:14,1200
DA:16,1200
DA:19,3
DA:22,3
DA:23,3
DA:24,3
DA:26,303
DA:27,300
DA:29,3
DA:30,36
DA:31,33
DA:32,33
DA:33,33
DA:34,33
DA:36,3
LF:21
LH:21
end_of_record
TN:
SF:/Users/mac/rustmap-clone/c-code/rosseta-125/set/main.c
FN:15,44,main
FN:5,13,show_set
FNDA:3,main
FNDA:18,show_set
FNF:2
FNH:2
DA:5,18
DA:8,18
DA:9,180
DA:10,225
DA:11,63
DA:12,18
DA:13,18
DA:15,3
DA:20,3
DA:21,15
DA:22,12
DA:23,3
DA:25,18
DA:26,15
DA:28,3
DA:29,3
DA:30,3
DA:31,3
DA:33,3
DA:34,3
DA:35,3
DA:36,3
DA:37,3
DA:38,3
DA:40,3
DA:41,3
DA:44,3
LF:27
LH:27
end_of_record
TN:
SF:/Users/mac/rustmap-clone/c-code/rosseta-125/sexy_primes/main.c
FN:11,32,sieve
FN:34,39,printHelper
FN:41,46,printArray
FN:48,170,main
FNDA:3,sieve
FNDA:15,printHelper
FNDA:51,printArray
FNDA:3,main
FNF:4
FNH:4
DA:11,3
DA:12,3
DA:14,3
DA:15,3
DA:17,504
DA:18,504
DA:19,504
DA:20,3
DA:22,2433789
DA:23,2433288
DA:24,2433288
DA:25,1509
DA:26,1509
DA:27,1509
DA:28,501
DA:32,3
DA:34,15
DA:35,15
DA:36,15
DA:37,15
DA:38,15
DA:39,15
DA:41,51
DA:43,51
DA:44,231
DA:45,51
DA:46,51
DA:48,3
DA:49,3
DA:50,3
DA:51,3
DA:52,3
DA:55,3
DA:56,3
DA:57,3
DA:60,1500051
DA:61,1500048
DA:62,145875
DA:63,145875
DA:65,1354173
DA:66,49158
DA:67,1354173
DA:69,49158
DA:70,8700
DA:71,49158
DA:73,8700
DA:74,975
DA:75,8700
DA:77,975
DA:78,3
DA:79,3
DA:80,975
DA:81,3
DA:82,3
DA:83,3
DA:84,3
DA:85,3
DA:88,1500051
DA:89,1500048
DA:90,145875
DA:91,145875
DA:92,30
DA:93,30
DA:94,145875
DA:96,1354173
DA:97,49158
DA:98,49158
DA:99,15
DA:100,15
DA:101,15
DA:102,1354173
DA:104,49158
DA:105,8700
DA:106,8700
DA:107,15
DA:108,15
DA:109,15
DA:110,15
DA:111,49158
DA:113,8700
DA:114,975
DA:115,975
DA:116,15
DA:117,15
DA:118,15
DA:119,15
DA:120,8700
DA:122,975
DA:123,3
DA:124,3
DA:125,3
DA:126,3
DA:127,3
DA:128,3
DA:129,3
DA:130,3
DA:131,975
DA:133,3
DA:134,3
DA:135,18
DA:136,15
DA:137,15
DA:138,15
DA:139,3
DA:141,3
DA:142,3
DA:143,18
DA:144,15
DA:145,15
DA:146,15
DA:147,3
DA:149,3
DA:150,3
DA:151,18
DA:152,15
DA:153,15
DA:154,15
DA:155,3
DA:157,3
DA:158,3
DA:159,6
DA:160,3
DA:161,3
DA:162,3
DA:163,3
DA:165,3
DA:166,3
DA:167,3
DA:168,3
DA:169,3
DA:170,3
LF:131
LH:131
end_of_record
TN:
SF:/Users/mac/rustmap-clone/c-code/rosseta-125/short_circuit_evaluation/main.c
FN:10,13,b
FN:22,31,main
FN:4,7,a
FNDA:6,b
FNDA:3,main
FNDA:12,a
FNF:3
FNH:3
DA:4,12
DA:6,12
DA:7,12
DA:10,6
DA:12,6
DA:13,6
DA:22,3
DA:26,3
DA:27,3
DA:28,3
DA:29,3
DA:31,3
LF:12
LH:12
end_of_record
TN:
SF:/Users/mac/rustmap-clone/c-code/which-2.21/bash.c
FN:121,146,getmaxgroups
FN:150,199,initialize_group_array
FN:205,234,group_member
FN:242,324,file_status
FN:331,333,absolute_program
FN:340,350,substring
FN:357,396,extract_colon_unit
FN:404,420,get_next_path_element
FN:426,437,make_full_pathname
FN:441,470,get_current_user_info
FN:473,475,sh_get_env_value
FN:478,482,sh_get_home_dir
FN:82,102,uidget
FNDA:2,getmaxgroups
FNDA:2,initialize_group_array
FNDA:2,group_member
FNDA:14,file_status
FNDA:2,absolute_program
FNDA:14,substring
FNDA:14,extract_colon_unit
FNDA:14,get_next_path_element
FNDA:14,make_full_pathname
FNDA:0,get_current_user_info
FNDA:0,sh_get_env_value
FNDA:0,sh_get_home_dir
FNDA:2,uidget
FNF:13
FNH:10
DA:82,2
DA:84,2
DA:86,2
DA:87,2
DA:89,2
DA:90,2
DA:91,2
DA:92,2
DA:93,2
DA:94,2
DA:95,2
DA:96,2
DA:97,2
DA:100,2
DA:101,2
DA:102,2
DA:121,2
DA:125,2
DA:126,0
DA:129,2
DA:142,2
DA:143,0
DA:145,2
DA:146,2
DA:150,2
DA:152,2
DA:154,2
DA:155,2
DA:157,2
DA:158,2
DA:161,2
DA:166,2
DA:168,0
DA:169,0
DA:170,0
DA:174,2
DA:175,2
DA:176,2
DA:177,2
DA:179,0
DA:180,0
DA:181,0
DA:182,0
DA:183,0
DA:188,2
DA:190,0
DA:191,0
DA:192,0
DA:193,0
DA:195,0
DA:196,0
DA:197,0
DA:198,0
DA:199,2
DA:205,2
DA:212,2
DA:216,2
DA:217,0
DA:220,2
DA:221,2
DA:224,2
DA:225,0
DA:228,34
DA:229,32
DA:230,0
DA:233,2
DA:234,2
DA:242,14
DA:244,14
DA:245,14
DA:248,14
DA:249,12
DA:253,2
DA:254,0
DA:256,2
DA:287,2
DA:289,0
DA:290,0
DA:291,0
DA:292,0
DA:296,2
DA:298,0
DA:299,0
DA:300,0
DA:301,0
DA:302,0
DA:305,2
DA:307,0
DA:308,0
DA:309,0
DA:310,0
DA:311,0
DA:316,2
DA:317,2
DA:318,2
DA:319,2
DA:322,2
DA:324,14
DA:331,2
DA:333,2
DA:340,14
DA:342,14
DA:343,14
DA:345,14
DA:346,14
DA:347,14
DA:348,14
DA:349,28
DA:350,14
DA:357,14
DA:359,14
DA:360,14
DA:362,14
DA:363,0
DA:365,14
DA:366,14
DA:367,0
DA:369,14
DA:376,14
DA:377,12
DA:379,338
DA:382,14
DA:384,14
DA:386,0
DA:387,0
DA:389,0
DA:390,0
DA:391,0
DA:393,14
DA:395,14
DA:396,14
DA:404,14
DA:406,14
DA:408,14
DA:410,14
DA:411,0
DA:413,14
DA:415,0
DA:416,0
DA:417,0
DA:419,14
DA:420,14
DA:426,14
DA:428,14
DA:429,14
DA:431,14
DA:432,14
DA:433,14
DA:434,14
DA:435,14
DA:436,28
DA:437,14
DA:441,0
DA:443,0
DA:446,0
DA:451,0
DA:453,0
DA:455,0
DA:456,0
DA:457,0
DA:458,0
DA:459,0
DA:460,0
DA:463,0
DA:464,0
DA:465,0
DA:466,0
DA:468,0
DA:469,0
DA:470,0
DA:473,0
DA:475,0
DA:478,0
DA:480,0
DA:481,0
DA:482,0
LF:176
LH:105
end_of_record
TN:
SF:/Users/mac/rustmap-clone/c-code/which-2.21/which.c
FN:168,193,get_current_working_directory
FN:195,245,path_clean_up
FN:262,286,func_search
FN:28,51,print_usage
FN:288,337,path_search
FN:339,407,process_alias
FN:429,675,main
FN:53,59,print_version
FN:61,64,print_fail
FN:678,687,xmalloc
FN:689,700,xrealloc
FN:77,163,find_command_in_path
FNDA:0,get_current_working_directory
FNDA:2,path_clean_up
FNDA:0,func_search
FNDA:0,print_usage
FNDA:2,path_search
FNDA:0,process_alias
FNDA:2,main
FNDA:0,print_version
FNDA:0,print_fail
FNDA:30,xmalloc
FNDA:2,xrealloc
FNDA:2,find_command_in_path
FNF:12
FNH:6
DA:28,0
DA:30,0
DA:31,0
DA:32,0
DA:33,0
DA:34,0
DA:35,0
DA:36,0
DA:37,0
DA:38,0
DA:39,0
DA:40,0
DA:41,0
DA:42,0
DA:43,0
DA:44,0
DA:45,0
DA:46,0
DA:47,0
DA:48,0
DA:49,0
DA:50,0
DA:51,0
DA:53,0
DA:55,0
DA:56,0
DA:57,0
DA:58,0
DA:59,0
DA:61,0
DA:63,0
DA:64,0
DA:77,2
DA:79,2
DA:80,2
DA:82,2
DA:84,2
DA:85,2
DA:88,0
DA:89,0
DA:91,0
DA:92,0
DA:94,0
DA:96,0
DA:97,0
DA:98,0
DA:99,0
DA:102,0
DA:103,0
DA:106,0
DA:107,0
DA:108,0
DA:109,0
DA:110,0
DA:112,16
DA:114,14
DA:116,14
DA:118,0
DA:119,0
DA:120,0
DA:122,14
DA:124,14
DA:125,0
DA:127,14
DA:129,0
DA:130,0
DA:131,0
DA:133,0
DA:135,0
DA:136,0
DA:138,0
DA:140,14
DA:142,0
DA:143,0
DA:146,14
DA:148,14
DA:149,14
DA:151,14
DA:153,14
DA:155,2
DA:156,2
DA:159,12
DA:160,14
DA:162,4
DA:163,2
DA:168,0
DA:170,0
DA:171,0
DA:173,0
DA:175,0
DA:176,0
DA:177,0
DA:178,0
DA:180,0
DA:182,0
DA:183,0
DA:186,0
DA:188,0
DA:190,0
DA:191,0
DA:192,0
DA:193,0
DA:195,2
DA:199,2
DA:200,2
DA:202,2
DA:204,2
DA:206,0
DA:207,0
DA:208,0
DA:209,0
DA:210,0
DA:212,2
DA:218,28
DA:219,28
DA:220,28
DA:221,0
DA:222,28
DA:224,0
DA:225,0
DA:227,0
DA:229,0
DA:230,0
DA:232,0
DA:233,0
DA:234,0
DA:235,0
DA:236,0
DA:237,0
DA:238,28
DA:239,28
DA:240,28
DA:241,28
DA:242,28
DA:244,2
DA:245,2
DA:262,0
DA:264,0
DA:265,0
DA:267,0
DA:269,0
DA:270,0
DA:271,0
DA:272,0
DA:273,0
DA:275,0
DA:276,0
DA:278,0
DA:279,0
DA:280,0
DA:281,0
DA:282,0
DA:283,0
DA:284,0
DA:285,0
DA:286,0
DA:288,2
DA:290,2
DA:291,2
DA:293,2
DA:295,2
DA:296,2
DA:297,2
DA:299,2
DA:300,2
DA:301,2
DA:303,2
DA:304,2
DA:305,2
DA:306,0
DA:307,2
DA:309,0
DA:310,0
DA:311,0
DA:312,2
DA:314,0
DA:316,0
DA:317,0
DA:318,0
DA:320,0
DA:322,0
DA:323,0
DA:324,0
DA:325,0
DA:326,2
DA:327,2
DA:328,2
DA:329,2
DA:331,0
DA:332,2
DA:333,2
DA:334,2
DA:336,4
DA:337,2
DA:339,0
DA:341,0
DA:342,0
DA:344,0
DA:345,0
DA:346,0
DA:347,0
DA:348,0
DA:349,0
DA:350,0
DA:351,0
DA:353,0
DA:355,0
DA:356,0
DA:358,0
DA:359,0
DA:361,0
DA:363,0
DA:364,0
DA:366,0
DA:367,0
DA:368,0
DA:369,0
DA:370,0
DA:371,0
DA:372,0
DA:373,0
DA:375,0
DA:377,0
DA:379,0
DA:380,0
DA:381,0
DA:382,0
DA:383,0
DA:385,0
DA:386,0
DA:387,0
DA:388,0
DA:389,0
DA:390,0
DA:391,0
DA:392,0
DA:393,0
DA:394,0
DA:396,0
DA:397,0
DA:399,0
DA:400,0
DA:402,0
DA:403,0
DA:405,0
DA:406,0
DA:407,0
DA:429,2
DA:431,2
DA:432,2
DA:434,2
DA:450,2
DA:451,2
DA:453,0
DA:456,0
DA:459,0
DA:460,0
DA:462,0
DA:463,0
DA:465,0
DA:466,0
DA:468,0
DA:469,0
DA:471,0
DA:472,0
DA:474,0
DA:475,0
DA:477,0
DA:478,0
DA:480,0
DA:481,0
DA:483,0
DA:484,0
DA:486,0
DA:487,0
DA:489,0
DA:491,0
DA:492,0
DA:494,0
DA:495,0
DA:498,0
DA:499,0
DA:503,2
DA:505,2
DA:506,0
DA:508,2
DA:510,0
DA:512,0
DA:513,0
DA:515,0
DA:516,0
DA:517,0
DA:518,0
DA:520,0
DA:521,0
DA:522,0
DA:523,0
DA:525,2
DA:526,0
DA:528,2
DA:529,0
DA:531,2
DA:532,2
DA:534,2
DA:536,0
DA:537,0
DA:540,2
DA:541,2
DA:543,0
DA:544,0
DA:546,0
DA:548,0
DA:549,0
DA:550,0
DA:552,0
DA:554,0
DA:555,0
DA:556,0
DA:569,0
DA:570,0
DA:571,0
DA:572,0
DA:574,0
DA:575,0
DA:576,0
DA:582,0
DA:583,0
DA:585,0
DA:586,0
DA:587,0
DA:588,0
DA:589,0
DA:590,0
DA:593,0
DA:594,0
DA:595,0
DA:597,0
DA:598,0
DA:599,0
DA:600,0
DA:601,0
DA:602,0
DA:604,0
DA:605,0
DA:607,0
DA:608,0
DA:610,0
DA:613,0
DA:615,0
DA:616,0
DA:617,0
DA:619,0
DA:620,0
DA:622,0
DA:624,0
DA:625,0
DA:626,0
DA:627,0
DA:628,0
DA:629,0
DA:630,0
DA:631,0
DA:632,0
DA:633,0
DA:634,0
DA:635,0
DA:637,0
DA:638,0
DA:639,0
DA:640,0
DA:641,0
DA:643,0
DA:644,0
DA:645,0
DA:646,0
DA:647,0
DA:648,0
DA:649,0
DA:651,0
DA:652,0
DA:653,0
DA:654,0
DA:655,0
DA:657,4
DA:659,2
DA:661,2
DA:662,0
DA:664,2
DA:665,0
DA:667,2
DA:669,0
DA:670,0
DA:671,0
DA:672,2
DA:674,2
DA:675,2
DA:678,30
DA:680,30
DA:681,30
DA:683,0
DA:684,0
DA:686,60
DA:687,30
DA:689,2
DA:691,2
DA:692,2
DA:693,0
DA:694,0
DA:696,0
DA:697,0
DA:699,0
DA:700,2
LF:412
LH:98
end_of_record
