TN:
SF:/Library/Developer/CommandLineTools/SDKs/MacOSX.sdk/usr/include/_ctype.h
FN:135,137,isascii
FN:153,159,__istype
FN:164,170,__isctype
FN:237,239,isdigit
FN:267,269,isspace
FNDA:0,isascii
FNDA:0,__istype
FNDA:0,__isctype
FNDA:0,isdigit
FNDA:0,isspace
FNF:5
FNH:0
DA:135,0
DA:137,0
DA:153,0
DA:158,0
DA:159,0
DA:164,0
DA:169,0
DA:170,0
DA:237,0
DA:239,0
DA:267,0
DA:269,0
LF:12
LH:0
end_of_record
TN:
SF:/Users/mac/rustmap-clone/c-code/bzip2-1.0.8/blocksort.c
FN:1031,1089,BZ2_blockSort
FN:212,329,fallbackSort
FN:32,59,fallbackSimpleSort
FN:347,469,mainGtU
FN:485,555,mainSimpleSort
FN:583,592,mmed3
FN:621,717,mainQSort3
FN:751,1011,mainSort
FN:93,180,fallbackQSort3
FNDA:37,BZ2_blockSort
FNDA:9,fallbackSort
FNDA:311796,fallbackSimpleSort
FNDA:3901141,mainGtU
FNDA:201625,mainSimpleSort
FNDA:99150,mmed3
FNDA:38907,mainQSort3
FNDA:37,mainSort
FNDA:1440,fallbackQSort3
FNF:9
FNH:9
DA:32,311796
DA:37,311796
DA:38,311796
DA:40,311796
DA:42,309321
DA:43,449190
DA:44,343098
DA:45,343098
DA:46,346932
DA:47,3834
DA:48,343098
DA:49,343098
DA:50,106092
DA:52,973026
DA:53,663705
DA:54,663705
DA:55,679185
DA:56,15480
DA:57,663705
DA:58,663705
DA:59,311796
DA:93,1440
DA:98,1440
DA:99,1440
DA:100,1440
DA:101,1440
DA:102,1440
DA:104,1440
DA:106,1440
DA:107,1440
DA:109,623628
DA:111,622188
DA:113,622188
DA:114,622188
DA:115,311796
DA:116,311796
DA:126,310392
DA:127,310392
DA:128,310392
DA:129,208161
DA:130,102807
DA:132,310392
DA:133,310392
DA:135,1525419
DA:136,28849707
DA:137,28849707
DA:138,28744929
DA:139,28744929
DA:140,16404975
DA:141,16404975
DA:142,16404975
DA:144,12339954
DA:145,10919313
DA:147,12359025
DA:148,12359025
DA:149,12048633
DA:150,12048633
DA:151,5805
DA:152,5805
DA:153,5805
DA:155,12042828
DA:156,10827801
DA:158,1525419
DA:159,1215027
DA:164,310392
DA:166,1105191
DA:167,316179
DA:169,310374
DA:170,310374
DA:172,310374
DA:173,104427
DA:174,104427
DA:175,104427
DA:176,205947
DA:177,205947
DA:180,1440
DA:212,9
DA:218,9
DA:219,9
DA:220,9
DA:221,9
DA:222,9
DA:223,9
DA:229,9
DA:230,0
DA:231,2322
DA:232,1082205
DA:233,2313
DA:234,2313
DA:236,1082205
DA:237,1082196
DA:238,1082196
DA:239,1082196
DA:240,1082196
DA:241,1082196
DA:243,9
DA:244,33840
DA:245,2313
DA:254,297
DA:255,288
DA:256,288
DA:257,288
DA:260,9
DA:261,153
DA:263,153
DA:264,0
DA:266,153
DA:267,18397485
DA:268,18397332
DA:269,18397332
DA:270,18397332
DA:271,18397332
DA:273,153
DA:274,153
DA:275,1593
DA:278,1593
DA:279,9540
DA:280,1593
DA:281,38034
DA:282,10404
DA:283,639
DA:284,1593
DA:285,1593
DA:286,12168
DA:287,1440
DA:288,536949
DA:289,12609
DA:290,684
DA:291,1440
DA:292,1440
DA:295,1440
DA:296,1440
DA:297,1440
DA:300,1440
DA:301,17186013
DA:302,17184573
DA:303,17184573
DA:304,17184573
DA:305,1440
DA:308,153
DA:309,0
DA:311,153
DA:312,153
DA:320,9
DA:321,0
DA:322,9
DA:323,1082205
DA:324,1083285
DA:325,1082196
DA:326,1082196
DA:327,1082196
DA:328,9
DA:329,9
DA:347,3901141
DA:354,3901141
DA:355,3901141
DA:356,3901141
DA:360,3901141
DA:361,3901141
DA:362,2361697
DA:364,2361697
DA:365,2361697
DA:366,1549554
DA:368,1549554
DA:369,1549554
DA:370,1132491
DA:372,1132491
DA:373,1132491
DA:374,845969
DA:376,845969
DA:377,845969
DA:378,643974
DA:380,643974
DA:381,643974
DA:382,516537
DA:384,516537
DA:385,516537
DA:386,420168
DA:388,420168
DA:389,420168
DA:390,335392
DA:392,335392
DA:393,335392
DA:394,272446
DA:396,272446
DA:397,272446
DA:398,222478
DA:400,222478
DA:401,222478
DA:402,183313
DA:404,183313
DA:405,183313
DA:406,153434
DA:408,153434
DA:410,153434
DA:412,10112419
DA:413,10112419
DA:414,10083505
DA:415,10083505
DA:416,10051821
DA:418,10051821
DA:419,10051821
DA:420,10035939
DA:421,10035939
DA:422,10023106
DA:424,10023106
DA:425,10023106
DA:426,10013253
DA:427,10013253
DA:428,10005267
DA:430,10005267
DA:431,10005267
DA:432,9996420
DA:433,9996420
DA:434,9991481
DA:436,9991481
DA:437,9991481
DA:438,9980687
DA:439,9980687
DA:440,9976733
DA:442,9976733
DA:443,9976733
DA:444,9971898
DA:445,9971898
DA:446,9968546
DA:448,9968546
DA:449,9968546
DA:450,9965097
DA:451,9965097
DA:452,9962805
DA:454,9962805
DA:455,9962805
DA:456,9960329
DA:457,9960329
DA:458,9958985
DA:460,9958985
DA:461,9958985
DA:463,9958985
DA:464,9958985
DA:465,9958985
DA:466,9958985
DA:468,0
DA:469,3901141
DA:485,201625
DA:494,201625
DA:495,201625
DA:497,201625
DA:498,201625
DA:500,163822
DA:501,476449
DA:502,163822
DA:504,476368
DA:505,312555
DA:507,312555
DA:508,949442
DA:511,949442
DA:512,860493
DA:513,860493
DA:514,1361313
DA:515,1361313
DA:517,720436
DA:518,720436
DA:519,720436
DA:521,860493
DA:522,860493
DA:525,860493
DA:526,732019
DA:527,732019
DA:528,1297994
DA:529,1297994
DA:531,717178
DA:532,717178
DA:533,717178
DA:535,732019
DA:536,732019
DA:539,732019
DA:540,636896
DA:541,636896
DA:542,1241834
DA:543,1241834
DA:545,722065
DA:546,722065
DA:547,722065
DA:549,636896
DA:550,636896
DA:552,636896
DA:554,312546
DA:555,201625
DA:583,99150
DA:585,99150
DA:586,99150
DA:587,99150
DA:588,36051
DA:589,36051
DA:590,36051
DA:591,198300
DA:592,99150
DA:621,38907
DA:630,38907
DA:631,38907
DA:633,38907
DA:634,38907
DA:635,38907
DA:637,38907
DA:638,38907
DA:639,38907
DA:641,38907
DA:642,38907
DA:644,339673
DA:646,300775
DA:648,300775
DA:649,300775
DA:650,99400
DA:651,201625
DA:652,201625
DA:653,201616
DA:656,99150
DA:657,198300
DA:658,99150
DA:659,99150
DA:661,99150
DA:662,99150
DA:664,676957
DA:665,7658456
DA:666,7658456
DA:667,7600883
DA:668,7600883
DA:669,5680330
DA:670,5680330
DA:672,1920553
DA:673,1301169
DA:675,3001870
DA:676,3001870
DA:677,2902720
DA:678,2902720
DA:679,1005670
DA:680,1005670
DA:682,1897050
DA:683,1319243
DA:685,676957
DA:686,577807
DA:691,99150
DA:692,17791
DA:693,17791
DA:696,745288
DA:697,710857
DA:699,81359
DA:700,81359
DA:702,81359
DA:703,81359
DA:704,81359
DA:706,81359
DA:707,81359
DA:708,81359
DA:713,81359
DA:714,81359
DA:715,81359
DA:717,38907
DA:751,37
DA:759,37
DA:760,37
DA:761,37
DA:762,37
DA:763,37
DA:764,37
DA:765,37
DA:766,37
DA:767,37
DA:770,2424906
DA:772,37
DA:773,37
DA:774,991800
DA:775,991763
DA:776,991763
DA:777,991763
DA:778,991763
DA:779,991763
DA:780,991763
DA:781,991763
DA:782,991763
DA:783,991763
DA:784,991763
DA:785,991763
DA:786,991763
DA:787,991763
DA:788,93
DA:789,56
DA:790,56
DA:791,56
DA:792,56
DA:795,1295
DA:796,1258
DA:797,1258
DA:798,1258
DA:800,37
DA:803,2424869
DA:805,37
DA:806,37
DA:807,991800
DA:808,991763
DA:809,991763
DA:810,991763
DA:811,991763
DA:812,991763
DA:813,991763
DA:814,991763
DA:815,991763
DA:816,991763
DA:817,991763
DA:818,991763
DA:819,991763
DA:820,991763
DA:821,991763
DA:822,991763
DA:823,991763
DA:824,991763
DA:825,93
DA:826,56
DA:827,56
DA:828,56
DA:829,56
DA:830,56
DA:837,9509
DA:838,9472
DA:839,9472
DA:840,9472
DA:843,37
DA:844,37
DA:845,185
DA:846,37
DA:847,185
DA:848,40922
DA:849,40737
DA:850,40737
DA:851,73860
DA:852,37389
DA:853,37389
DA:854,37389
DA:857,40737
DA:858,40737
DA:859,185
DA:860,37
DA:866,37
DA:868,9473
DA:876,9445
DA:886,2425997
DA:887,2416561
DA:888,2407116
DA:889,2407116
DA:890,1207644
DA:891,1207644
DA:892,1207644
DA:893,38907
DA:894,0
DA:897,38907
DA:898,38907
DA:899,38907
DA:901,38907
DA:902,38907
DA:903,38898
DA:904,1207644
DA:905,2407107
DA:906,2407107
DA:907,2416552
DA:909,9436
DA:919,2425052
DA:920,2415616
DA:921,2415616
DA:922,2415616
DA:923,1300227
DA:924,1290791
DA:925,1290791
DA:926,1290791
DA:927,601144
DA:928,1290791
DA:929,1605528
DA:930,1596092
DA:931,1596092
DA:932,1596092
DA:933,807803
DA:934,1596092
DA:937,9436
DA:946,2425052
DA:987,9436
DA:989,9436
DA:990,9408
DA:991,9408
DA:992,9408
DA:994,9408
DA:996,2681025
DA:997,2671617
DA:998,2671617
DA:999,2671617
DA:1000,2671617
DA:1001,1231
DA:1002,2671617
DA:1003,9408
DA:1004,9408
DA:1006,9436
DA:1008,28
DA:1009,0
DA:1011,37
DA:1031,37
DA:1033,37
DA:1034,37
DA:1035,37
DA:1036,37
DA:1037,37
DA:1038,37
DA:1039,37
DA:1040,37
DA:1041,37
DA:1042,37
DA:1044,37
DA:1045,0
DA:1046,0
DA:1052,37
DA:1053,37
DA:1054,37
DA:1063,37
DA:1064,37
DA:1065,37
DA:1066,37
DA:1068,37
DA:1069,37
DA:1070,0
DA:1075,37
DA:1076,9
DA:1077,0
DA:1079,9
DA:1080,9
DA:1083,37
DA:1084,3112281
DA:1085,3112281
DA:1086,37
DA:1088,37
DA:1089,37
LF:537
LH:526
end_of_record
TN:
SF:/Users/mac/rustmap-clone/c-code/bzip2-1.0.8/bzip2.c
FN:1038,1046,saveInputFileMetaInfo
FN:1050,1062,applySavedTimeInfoToOutputFile
FN:1065,1078,applySavedFileAttrToOutputFile
FN:1083,1089,containsDubiousChars
FN:1110,1117,hasSuffix
FN:1120,1128,mapSuffix
FN:1133,1309,compress
FN:1314,1507,uncompress
FN:1512,1596,testf
FN:1601,1621,license
FN:1626,1665,usage
FN:1670,1676,redundant
FN:1704,1711,myMalloc
FN:1716,1724,mkCell
FN:1729,1742,snocString
FN:1747,1770,addFlagsFromEnvVar
FN:1776,2031,main
FN:238,248,uInt64_from_UInt32s
FN:252,262,uInt64_to_double
FN:266,272,uInt64_isZero
FN:277,288,uInt64_qrm10
FN:295,309,uInt64_toAscii
FN:318,324,myfeof
FN:329,427,compressStream
FN:433,549,uncompressStream
FN:554,642,testStream
FN:651,654,setExit
FN:659,669,cadvise
FN:674,682,showFileNames
FN:687,740,cleanUpAndFail
FN:746,755,panic
FN:761,768,crcError
FN:774,785,compressedStreamEOF
FN:791,799,ioError
FN:805,810,mySignalCatcher
FN:816,866,mySIGSEGVorSIGBUScatcher
FN:872,878,outOfMemory
FN:884,893,configError
FN:908,914,pad
FN:919,935,copyFileName
FN:940,946,fileExists
FN:960,973,fopen_output_safely
FN:981,990,notAStandardFile
FN:998,1006,countHardLinks
FNDA:0,saveInputFileMetaInfo
FNDA:0,applySavedTimeInfoToOutputFile
FNDA:0,applySavedFileAttrToOutputFile
FNDA:0,containsDubiousChars
FNDA:112,hasSuffix
FNDA:0,mapSuffix
FNDA:28,compress
FNDA:15,uncompress
FNDA:0,testf
FNDA:0,license
FNDA:0,usage
FNDA:0,redundant
FNDA:86,myMalloc
FNDA:43,mkCell
FNDA:43,snocString
FNDA:86,addFlagsFromEnvVar
FNDA:43,main
FNDA:0,uInt64_from_UInt32s
FNDA:0,uInt64_to_double
FNDA:0,uInt64_isZero
FNDA:0,uInt64_qrm10
FNDA:0,uInt64_toAscii
FNDA:855,myfeof
FNDA:28,compressStream
FNDA:15,uncompressStream
FNDA:0,testStream
FNDA:0,setExit
FNDA:0,cadvise
FNDA:0,showFileNames
FNDA:0,cleanUpAndFail
FNDA:0,panic
FNDA:0,crcError
FNDA:0,compressedStreamEOF
FNDA:0,ioError
FNDA:0,mySignalCatcher
FNDA:0,mySIGSEGVorSIGBUScatcher
FNDA:0,outOfMemory
FNDA:0,configError
FNDA:0,pad
FNDA:215,copyFileName
FNDA:0,fileExists
FNDA:0,fopen_output_safely
FNDA:0,notAStandardFile
FNDA:0,countHardLinks
FNF:44
FNH:12
DA:238,0
DA:240,0
DA:241,0
DA:242,0
DA:243,0
DA:244,0
DA:245,0
DA:246,0
DA:247,0
DA:248,0
DA:252,0
DA:254,0
DA:255,0
DA:256,0
DA:257,0
DA:258,0
DA:259,0
DA:260,0
DA:261,0
DA:262,0
DA:266,0
DA:268,0
DA:269,0
DA:270,0
DA:271,0
DA:272,0
DA:277,0
DA:279,0
DA:280,0
DA:281,0
DA:282,0
DA:283,0
DA:284,0
DA:285,0
DA:286,0
DA:287,0
DA:288,0
DA:295,0
DA:297,0
DA:298,0
DA:299,0
DA:300,0
DA:301,0
DA:302,0
DA:303,0
DA:304,0
DA:305,0
DA:306,0
DA:307,0
DA:308,0
DA:309,0
DA:318,855
DA:320,855
DA:321,855
DA:322,812
DA:323,812
DA:324,855
DA:329,28
DA:331,28
DA:332,28
DA:333,28
DA:334,28
DA:335,28
DA:336,28
DA:341,28
DA:342,28
DA:344,56
DA:345,28
DA:346,28
DA:348,28
DA:350,840
DA:352,840
DA:353,812
DA:354,812
DA:355,812
DA:356,812
DA:360,28
DA:363,28
DA:365,28
DA:366,28
DA:367,28
DA:368,28
DA:369,0
DA:370,0
DA:371,0
DA:372,0
DA:373,0
DA:374,0
DA:375,0
DA:376,28
DA:377,28
DA:378,28
DA:379,28
DA:381,28
DA:382,0
DA:383,0
DA:384,0
DA:385,0
DA:386,0
DA:387,0
DA:388,0
DA:389,0
DA:390,0
DA:391,0
DA:392,0
DA:393,0
DA:394,0
DA:395,0
DA:396,0
DA:398,0
DA:399,0
DA:400,0
DA:401,0
DA:402,0
DA:404,0
DA:405,0
DA:407,28
DA:410,0
DA:413,0
DA:415,0
DA:417,0
DA:420,0
DA:422,0
DA:427,28
DA:433,15
DA:435,15
DA:436,15
DA:437,15
DA:438,15
DA:439,15
DA:440,15
DA:441,15
DA:443,15
DA:444,15
DA:449,15
DA:450,15
DA:452,30
DA:454,15
DA:455,15
DA:456,15
DA:458,15
DA:459,15
DA:461,455
DA:462,440
DA:463,440
DA:464,440
DA:465,440
DA:466,440
DA:468,15
DA:470,15
DA:471,15
DA:473,15
DA:474,15
DA:476,15
DA:477,15
DA:479,15
DA:483,15
DA:484,15
DA:485,0
DA:486,0
DA:487,0
DA:488,0
DA:489,15
DA:490,15
DA:492,15
DA:493,15
DA:494,15
DA:495,15
DA:496,0
DA:497,0
DA:498,0
DA:499,0
DA:500,15
DA:501,15
DA:502,15
DA:505,0
DA:506,0
DA:507,0
DA:508,0
DA:509,0
DA:510,0
DA:511,0
DA:512,0
DA:514,0
DA:518,0
DA:519,0
DA:521,0
DA:524,0
DA:526,0
DA:528,0
DA:530,0
DA:532,0
DA:533,0
DA:534,0
DA:535,0
DA:537,0
DA:538,0
DA:540,0
DA:541,0
DA:544,0
DA:549,15
DA:554,0
DA:556,0
DA:557,0
DA:558,0
DA:559,0
DA:560,0
DA:561,0
DA:562,0
DA:564,0
DA:565,0
DA:568,0
DA:570,0
DA:572,0
DA:573,0
DA:574,0
DA:576,0
DA:577,0
DA:579,0
DA:580,0
DA:581,0
DA:583,0
DA:585,0
DA:586,0
DA:588,0
DA:589,0
DA:591,0
DA:592,0
DA:593,0
DA:597,0
DA:598,0
DA:599,0
DA:601,0
DA:602,0
DA:605,0
DA:606,0
DA:607,0
DA:608,0
DA:610,0
DA:613,0
DA:615,0
DA:617,0
DA:619,0
DA:621,0
DA:623,0
DA:625,0
DA:626,0
DA:627,0
DA:629,0
DA:631,0
DA:632,0
DA:634,0
DA:637,0
DA:642,0
DA:651,0
DA:653,0
DA:654,0
DA:659,0
DA:661,0
DA:662,0
DA:663,0
DA:669,0
DA:674,0
DA:676,0
DA:677,0
DA:678,0
DA:682,0
DA:687,0
DA:689,0
DA:690,0
DA:692,0
DA:693,0
DA:694,0
DA:701,0
DA:702,0
DA:703,0
DA:704,0
DA:706,0
DA:707,0
DA:708,0
DA:709,0
DA:710,0
DA:711,0
DA:714,0
DA:715,0
DA:716,0
DA:718,0
DA:719,0
DA:721,0
DA:722,0
DA:724,0
DA:725,0
DA:728,0
DA:730,0
DA:732,0
DA:733,0
DA:736,0
DA:737,0
DA:738,0
DA:739,0
DA:740,0
DA:746,0
DA:748,0
DA:753,0
DA:754,0
DA:755,0
DA:761,0
DA:763,0
DA:765,0
DA:766,0
DA:767,0
DA:768,0
DA:774,0
DA:776,0
DA:777,0
DA:780,0
DA:781,0
DA:782,0
DA:783,0
DA:784,0
DA:785,0
DA:791,0
DA:793,0
DA:796,0
DA:797,0
DA:798,0
DA:799,0
DA:805,0
DA:807,0
DA:809,0
DA:810,0
DA:816,0
DA:818,0
DA:819,0
DA:820,0
DA:838,0
DA:840,0
DA:841,0
DA:861,0
DA:863,0
DA:864,0
DA:865,0
DA:866,0
DA:872,0
DA:874,0
DA:876,0
DA:877,0
DA:878,0
DA:884,0
DA:886,0
DA:892,0
DA:893,0
DA:908,0
DA:910,0
DA:911,0
DA:912,0
DA:913,0
DA:914,0
DA:919,215
DA:921,215
DA:922,0
DA:923,0
DA:927,0
DA:929,0
DA:930,0
DA:933,215
DA:934,215
DA:935,215
DA:940,0
DA:942,0
DA:943,0
DA:944,0
DA:945,0
DA:946,0
DA:960,0
DA:963,0
DA:964,0
DA:965,0
DA:966,0
DA:967,0
DA:968,0
DA:969,0
DA:973,0
DA:981,0
DA:983,0
DA:984,0
DA:986,0
DA:987,0
DA:988,0
DA:989,0
DA:990,0
DA:998,0
DA:1000,0
DA:1001,0
DA:1003,0
DA:1004,0
DA:1005,0
DA:1006,0
DA:1038,0
DA:1041,0
DA:1043,0
DA:1044,0
DA:1046,0
DA:1050,0
DA:1053,0
DA:1054,0
DA:1056,0
DA:1057,0
DA:1059,0
DA:1060,0
DA:1062,0
DA:1065,0
DA:1068,0
DA:1070,0
DA:1071,0
DA:1073,0
DA:1078,0
DA:1083,0
DA:1089,0
DA:1110,112
DA:1112,112
DA:1113,112
DA:1114,112
DA:1115,112
DA:1116,112
DA:1117,112
DA:1120,0
DA:1124,0
DA:1125,0
DA:1126,0
DA:1127,0
DA:1128,0
DA:1133,28
DA:1135,28
DA:1136,28
DA:1137,28
DA:1138,28
DA:1140,28
DA:1142,28
DA:1143,0
DA:1145,28
DA:1147,28
DA:1148,28
DA:1149,28
DA:1151,0
DA:1152,0
DA:1153,0
DA:1154,0
DA:1156,0
DA:1157,0
DA:1158,0
DA:1161,28
DA:1162,0
DA:1163,0
DA:1164,0
DA:1165,0
DA:1166,0
DA:1168,28
DA:1169,0
DA:1170,0
DA:1171,0
DA:1172,0
DA:1174,140
DA:1175,112
DA:1176,0
DA:1177,0
DA:1179,0
DA:1180,0
DA:1181,0
DA:1183,112
DA:1184,28
DA:1185,0
DA:1186,0
DA:1187,0
DA:1189,0
DA:1190,0
DA:1191,0
DA:1193,0
DA:1194,28
DA:1195,0
DA:1196,0
DA:1197,0
DA:1198,0
DA:1199,0
DA:1201,28
DA:1202,0
DA:1203,0
DA:1204,0
DA:1205,0
DA:1206,0
DA:1207,0
DA:1208,0
DA:1210,0
DA:1211,28
DA:1212,0
DA:1213,0
DA:1214,0
DA:1215,0
DA:1216,0
DA:1219,28
DA:1222,0
DA:1223,0
DA:1225,28
DA:1228,28
DA:1229,28
DA:1230,28
DA:1231,0
DA:1233,0
DA:1234,0
DA:1235,0
DA:1236,0
DA:1237,0
DA:1239,28
DA:1242,0
DA:1243,0
DA:1244,0
DA:1245,0
DA:1247,0
DA:1248,0
DA:1249,0
DA:1250,0
DA:1251,0
DA:1252,0
DA:1254,0
DA:1255,0
DA:1256,0
DA:1257,0
DA:1258,0
DA:1260,0
DA:1263,0
DA:1264,0
DA:1265,0
DA:1266,0
DA:1267,0
DA:1268,0
DA:1269,0
DA:1270,0
DA:1272,0
DA:1273,0
DA:1274,0
DA:1275,0
DA:1276,0
DA:1277,0
DA:1279,0
DA:1282,0
DA:1286,28
DA:1287,0
DA:1288,0
DA:1289,0
DA:1290,0
DA:1293,28
DA:1294,28
DA:1295,28
DA:1296,28
DA:1299,28
DA:1300,0
DA:1301,0
DA:1302,0
DA:1303,0
DA:1304,0
DA:1305,0
DA:1306,0
DA:1308,28
DA:1309,28
DA:1314,15
DA:1316,15
DA:1317,15
DA:1318,15
DA:1319,15
DA:1320,15
DA:1321,15
DA:1323,15
DA:1325,15
DA:1326,0
DA:1328,15
DA:1329,15
DA:1331,15
DA:1332,15
DA:1333,15
DA:1335,0
DA:1336,0
DA:1337,0
DA:1338,0
DA:1339,0
DA:1340,0
DA:1341,0
DA:1342,0
DA:1344,0
DA:1345,0
DA:1346,0
DA:1347,15
DA:1350,15
DA:1351,0
DA:1352,0
DA:1353,0
DA:1354,0
DA:1355,0
DA:1357,15
DA:1358,0
DA:1359,0
DA:1360,0
DA:1361,0
DA:1363,15
DA:1364,0
DA:1365,0
DA:1366,0
DA:1368,0
DA:1369,0
DA:1370,0
DA:1372,0
DA:1373,15
DA:1374,0
DA:1375,0
DA:1376,0
DA:1377,0
DA:1378,0
DA:1380,15
DA:1381,0
DA:1382,0
DA:1384,0
DA:1386,0
DA:1387,15
DA:1388,0
DA:1389,0
DA:1390,0
DA:1391,0
DA:1392,0
DA:1393,0
DA:1394,0
DA:1396,0
DA:1397,15
DA:1398,0
DA:1399,0
DA:1400,0
DA:1401,0
DA:1402,0
DA:1405,15
DA:1408,0
DA:1409,0
DA:1411,15
DA:1414,15
DA:1415,15
DA:1416,15
DA:1417,0
DA:1419,0
DA:1420,0
DA:1421,0
DA:1422,0
DA:1423,0
DA:1425,15
DA:1428,0
DA:1429,0
DA:1430,0
DA:1431,0
DA:1432,0
DA:1433,0
DA:1434,0
DA:1435,0
DA:1437,0
DA:1440,0
DA:1441,0
DA:1442,0
DA:1443,0
DA:1444,0
DA:1445,0
DA:1446,0
DA:1447,0
DA:1449,0
DA:1450,0
DA:1451,0
DA:1452,0
DA:1453,0
DA:1454,0
DA:1456,0
DA:1459,0
DA:1463,15
DA:1464,0
DA:1465,0
DA:1466,0
DA:1467,0
DA:1470,15
DA:1471,15
DA:1472,15
DA:1473,15
DA:1476,15
DA:1477,15
DA:1478,0
DA:1479,0
DA:1480,0
DA:1481,0
DA:1482,0
DA:1483,0
DA:1484,0
DA:1485,15
DA:1486,0
DA:1487,0
DA:1488,0
DA:1489,0
DA:1490,0
DA:1491,0
DA:1493,15
DA:1495,15
DA:1496,15
DA:1497,0
DA:1498,15
DA:1499,0
DA:1500,0
DA:1501,0
DA:1502,0
DA:1504,0
DA:1507,15
DA:1512,0
DA:1514,0
DA:1515,0
DA:1516,0
DA:1518,0
DA:1520,0
DA:1521,0
DA:1523,0
DA:1524,0
DA:1525,0
DA:1526,0
DA:1527,0
DA:1530,0
DA:1531,0
DA:1532,0
DA:1533,0
DA:1534,0
DA:1535,0
DA:1537,0
DA:1538,0
DA:1539,0
DA:1540,0
DA:1541,0
DA:1543,0
DA:1544,0
DA:1545,0
DA:1546,0
DA:1548,0
DA:1549,0
DA:1550,0
DA:1552,0
DA:1554,0
DA:1557,0
DA:1558,0
DA:1560,0
DA:1561,0
DA:1562,0
DA:1563,0
DA:1564,0
DA:1566,0
DA:1567,0
DA:1570,0
DA:1571,0
DA:1572,0
DA:1573,0
DA:1574,0
DA:1575,0
DA:1577,0
DA:1580,0
DA:1584,0
DA:1585,0
DA:1586,0
DA:1587,0
DA:1588,0
DA:1591,0
DA:1592,0
DA:1594,0
DA:1595,0
DA:1596,0
DA:1601,0
DA:1603,0
DA:1619,0
DA:1621,0
DA:1626,0
DA:1628,0
DA:1629,0
DA:1662,0
DA:1663,0
DA:1665,0
DA:1670,0
DA:1672,0
DA:1673,0
DA:1675,0
DA:1676,0
DA:1704,86
DA:1706,86
DA:1708,86
DA:1709,86
DA:1710,172
DA:1711,86
DA:1716,43
DA:1718,43
DA:1720,43
DA:1721,43
DA:1722,43
DA:1723,86
DA:1724,43
DA:1729,43
DA:1731,43
DA:1732,43
DA:1733,43
DA:1734,43
DA:1735,43
DA:1736,43
DA:1737,0
DA:1738,0
DA:1739,0
DA:1740,0
DA:1741,0
DA:1742,43
DA:1747,86
DA:1749,86
DA:1750,86
DA:1752,86
DA:1753,86
DA:1754,0
DA:1755,0
DA:1756,0
DA:1757,0
DA:1758,0
DA:1759,0
DA:1760,0
DA:1761,0
DA:1762,0
DA:1763,0
DA:1764,0
DA:1765,0
DA:1766,0
DA:1767,0
DA:1769,0
DA:1770,86
DA:1776,43
DA:1778,43
DA:1779,43
DA:1780,43
DA:1781,43
DA:1782,43
DA:1791,43
DA:1792,43
DA:1793,43
DA:1794,43
DA:1795,43
DA:1796,43
DA:1797,43
DA:1798,43
DA:1799,43
DA:1800,43
DA:1801,43
DA:1802,43
DA:1803,43
DA:1804,43
DA:1805,43
DA:1808,43
DA:1811,43
DA:1815,43
DA:1816,43
DA:1818,43
DA:1819,43
DA:1820,344
DA:1821,301
DA:1827,43
DA:1828,43
DA:1829,43
DA:1830,86
DA:1831,43
DA:1835,43
DA:1836,43
DA:1837,43
DA:1838,86
DA:1839,43
DA:1840,43
DA:1841,0
DA:1842,0
DA:1843,0
DA:1844,0
DA:1848,43
DA:1849,43
DA:1854,43
DA:1856,43
DA:1857,43
DA:1858,0
DA:1860,86
DA:1861,43
DA:1862,43
DA:1863,43
DA:1864,0
DA:1865,0
DA:1866,0
DA:1870,86
DA:1871,43
DA:1872,43
DA:1873,91
DA:1874,48
DA:1875,0
DA:1876,15
DA:1877,0
DA:1878,0
DA:1879,0
DA:1880,0
DA:1881,5
DA:1882,0
DA:1883,10
DA:1884,9
DA:1885,9
DA:1886,0
DA:1887,0
DA:1888,0
DA:1889,0
DA:1890,0
DA:1891,0
DA:1893,0
DA:1894,0
DA:1895,0
DA:1896,0
DA:1898,0
DA:1899,0
DA:1900,0
DA:1901,0
DA:1904,48
DA:1905,43
DA:1906,43
DA:1909,86
DA:1910,43
DA:1911,43
DA:1912,43
DA:1913,43
DA:1914,43
DA:1915,43
DA:1916,43
DA:1917,43
DA:1918,43
DA:1919,43
DA:1920,43
DA:1921,43
DA:1922,43
DA:1923,43
DA:1924,43
DA:1925,43
DA:1926,43
DA:1927,43
DA:1929,43
DA:1930,0
DA:1931,0
DA:1932,0
DA:1934,43
DA:1936,43
DA:1937,43
DA:1938,0
DA:1940,43
DA:1941,0
DA:1942,0
DA:1943,0
DA:1946,43
DA:1947,0
DA:1949,43
DA:1951,43
DA:1952,0
DA:1953,0
DA:1955,0
DA:1957,0
DA:1959,43
DA:1960,28
DA:1961,28
DA:1962,28
DA:1963,0
DA:1964,0
DA:1965,0
DA:1966,0
DA:1967,0
DA:1968,0
DA:1969,0
DA:1971,28
DA:1974,15
DA:1975,15
DA:1976,15
DA:1977,15
DA:1978,15
DA:1979,0
DA:1980,0
DA:1981,0
DA:1982,0
DA:1983,0
DA:1984,0
DA:1985,0
DA:1987,15
DA:1988,0
DA:1989,0
DA:1991,15
DA:1994,0
DA:1995,0
DA:1996,0
DA:1997,0
DA:1998,0
DA:1999,0
DA:2000,0
DA:2001,0
DA:2002,0
DA:2003,0
DA:2004,0
DA:2006,0
DA:2007,0
DA:2008,0
DA:2013,0
DA:2014,0
DA:2015,0
DA:2022,43
DA:2023,86
DA:2024,43
DA:2025,43
DA:2026,43
DA:2027,43
DA:2028,43
DA:2030,86
DA:2031,43
LF:1015
LH:306
end_of_record
TN:
SF:/Users/mac/rustmap-clone/c-code/bzip2-1.0.8/bzlib.c
FN:1009,1018,BZ2_bzWriteClose
FN:102,106,default_bzalloc
FN:1021,1083,BZ2_bzWriteClose64
FN:1087,1139,BZ2_bzReadOpen
FN:109,112,default_bzfree
FN:1143,1157,BZ2_bzReadClose
FN:1161,1217,BZ2_bzRead
FN:117,126,prepare_new_block
FN:1221,1238,BZ2_bzReadGetUnused
FN:1247,1295,BZ2_bzBuffToBuffCompress
FN:1299,1348,BZ2_bzBuffToBuffDecompress
FN:131,135,init_RL
FN:1366,1368,BZ2_bzlibVersion
FN:1383,1451,bzopen_or_bzdopen
FN:139,144,isempty_RL
FN:1460,1464,BZ2_bzopen
FN:1469,1473,BZ2_bzdopen
FN:1478,1488,BZ2_bzread
FN:148,211,BZ2_bzCompressInit
FN:1492,1502,BZ2_bzwrite
FN:1506,1509,BZ2_bzflush
FN:1514,1532,BZ2_bzclose
FN:1559,1566,BZ2_bzerror
FN:216,247,add_pair_to_block
FN:252,256,flush_RL
FN:289,329,copy_input_until_stop
FN:334,356,copy_output_until_stop
FN:361,403,handle_compress
FN:407,464,BZ2_bzCompress
FN:41,84,BZ2_bz__AssertH__fail
FN:468,484,BZ2_bzCompressEnd
FN:492,528,BZ2_bzDecompressInit
FN:536,682,unRLE_obuf_to_output_FAST
FN:687,698,BZ2_indexIntoF
FN:706,804,unRLE_obuf_to_output_SMALL
FN:808,858,BZ2_bzDecompress
FN:862,878,BZ2_bzDecompressEnd
FN:906,912,myfeof
FN:91,96,bz_config_ok
FN:916,959,BZ2_bzWriteOpen
FN:964,1005,BZ2_bzWrite
FNDA:0,BZ2_bzWriteClose
FNDA:147,default_bzalloc
FNDA:28,BZ2_bzWriteClose64
FNDA:15,BZ2_bzReadOpen
FNDA:147,default_bzfree
FNDA:15,BZ2_bzReadClose
FNDA:440,BZ2_bzRead
FNDA:37,prepare_new_block
FNDA:15,BZ2_bzReadGetUnused
FNDA:0,BZ2_bzBuffToBuffCompress
FNDA:0,BZ2_bzBuffToBuffDecompress
FNDA:56,init_RL
FNDA:0,BZ2_bzlibVersion
FNDA:0,bzopen_or_bzdopen
FNDA:125,isempty_RL
FNDA:0,BZ2_bzopen
FNDA:0,BZ2_bzdopen
FNDA:0,BZ2_bzread
FNDA:28,BZ2_bzCompressInit
FNDA:0,BZ2_bzwrite
FNDA:0,BZ2_bzflush
FNDA:0,BZ2_bzclose
FNDA:0,BZ2_bzerror
FNDA:49866,add_pair_to_block
FNDA:28,flush_RL
FNDA:849,copy_input_until_stop
FNDA:223,copy_output_until_stop
FNDA:1026,handle_compress
FNDA:1026,BZ2_bzCompress
FNDA:0,BZ2_bz__AssertH__fail
FNDA:28,BZ2_bzCompressEnd
FNDA:15,BZ2_bzDecompressInit
FNDA:320,unRLE_obuf_to_output_FAST
FNDA:601225,BZ2_indexIntoF
FNDA:125,unRLE_obuf_to_output_SMALL
FNDA:540,BZ2_bzDecompress
FNDA:15,BZ2_bzDecompressEnd
FNDA:640,myfeof
FNDA:43,bz_config_ok
FNDA:28,BZ2_bzWriteOpen
FNDA:812,BZ2_bzWrite
FNF:41
FNH:28
DA:41,0
DA:43,0
DA:52,0
DA:53,0
DA:56,0
DA:57,0
DA:82,0
DA:84,0
DA:91,43
DA:96,43
DA:102,147
DA:104,147
DA:105,294
DA:106,147
DA:109,147
DA:111,147
DA:112,147
DA:117,37
DA:119,37
DA:120,37
DA:121,37
DA:122,37
DA:123,37
DA:124,9509
DA:125,37
DA:126,37
DA:131,56
DA:133,56
DA:134,56
DA:135,56
DA:139,125
DA:141,125
DA:142,0
DA:143,125
DA:144,125
DA:148,28
DA:154,28
DA:155,28
DA:157,28
DA:159,56
DA:160,28
DA:161,28
DA:162,0
DA:164,28
DA:165,28
DA:166,28
DA:168,28
DA:169,28
DA:170,28
DA:172,28
DA:173,28
DA:174,28
DA:176,28
DA:177,28
DA:178,28
DA:179,28
DA:181,28
DA:182,0
DA:183,0
DA:184,0
DA:185,0
DA:186,0
DA:189,28
DA:190,28
DA:191,28
DA:192,28
DA:193,28
DA:194,28
DA:195,28
DA:196,28
DA:198,28
DA:199,28
DA:200,28
DA:201,28
DA:203,28
DA:204,28
DA:205,28
DA:206,28
DA:207,28
DA:208,28
DA:209,28
DA:210,28
DA:211,28
DA:216,49866
DA:218,49866
DA:219,49866
DA:220,180005
DA:221,130139
DA:222,130139
DA:223,49866
DA:224,49866
DA:226,9
DA:227,9
DA:229,40235
DA:230,40235
DA:231,40235
DA:233,5779
DA:234,5779
DA:235,5779
DA:236,5779
DA:238,3843
DA:239,3843
DA:240,3843
DA:241,3843
DA:242,3843
DA:243,3843
DA:244,3843
DA:245,3843
DA:247,49866
DA:252,28
DA:254,28
DA:255,28
DA:256,28
DA:289,849
DA:291,849
DA:293,849
DA:296,3981037
DA:298,3981037
DA:300,3981028
DA:301,3980216
DA:302,4110355
DA:303,3980216
DA:304,3980216
DA:305,3980216
DA:306,3980216
DA:309,821
DA:312,28
DA:314,28
DA:316,28
DA:318,0
DA:319,0
DA:320,0
DA:321,0
DA:322,0
DA:323,0
DA:324,0
DA:325,0
DA:328,1698
DA:329,849
DA:334,223
DA:336,223
DA:338,989406
DA:341,989406
DA:344,989220
DA:346,989183
DA:347,989183
DA:348,989183
DA:349,989183
DA:350,989183
DA:351,989183
DA:352,989183
DA:355,446
DA:356,223
DA:361,1026
DA:363,1026
DA:364,1026
DA:365,1026
DA:367,1063
DA:369,1063
DA:370,223
DA:371,223
DA:372,65
DA:373,28
DA:374,28
DA:375,9
DA:376,9
DA:377,9
DA:378,0
DA:379,0
DA:380,9
DA:382,849
DA:383,849
DA:384,849
DA:385,28
DA:386,28
DA:387,28
DA:388,28
DA:390,821
DA:391,9
DA:392,9
DA:393,9
DA:395,812
DA:396,812
DA:398,37
DA:402,1026
DA:403,1026
DA:407,1026
DA:409,1026
DA:410,1026
DA:411,1026
DA:412,1026
DA:413,1026
DA:414,1026
DA:417,1054
DA:420,0
DA:423,957
DA:424,929
DA:425,929
DA:428,28
DA:429,0
DA:430,0
DA:431,0
DA:434,28
DA:435,28
DA:436,28
DA:437,28
DA:440,0
DA:443,0
DA:444,0
DA:445,0
DA:446,0
DA:447,0
DA:448,0
DA:449,0
DA:450,0
DA:453,97
DA:454,97
DA:455,0
DA:456,97
DA:457,97
DA:458,97
DA:459,97
DA:460,28
DA:461,28
DA:463,0
DA:464,1026
DA:468,28
DA:470,28
DA:471,28
DA:472,28
DA:473,28
DA:474,28
DA:476,28
DA:477,28
DA:478,28
DA:479,28
DA:481,28
DA:483,28
DA:484,28
DA:492,15
DA:497,15
DA:499,15
DA:501,15
DA:502,15
DA:503,15
DA:505,15
DA:506,15
DA:508,15
DA:509,15
DA:510,15
DA:511,15
DA:512,15
DA:513,15
DA:514,15
DA:515,15
DA:516,15
DA:517,15
DA:518,15
DA:519,15
DA:520,15
DA:521,15
DA:522,15
DA:523,15
DA:524,15
DA:525,15
DA:527,15
DA:528,15
DA:536,320
DA:538,320
DA:540,320
DA:542,0
DA:544,0
DA:545,0
DA:546,0
DA:547,0
DA:548,0
DA:549,0
DA:550,0
DA:551,0
DA:552,0
DA:553,0
DA:557,0
DA:560,0
DA:561,0
DA:563,0
DA:564,0
DA:565,0
DA:566,0
DA:567,0
DA:568,0
DA:570,0
DA:571,0
DA:572,0
DA:573,0
DA:574,0
DA:576,0
DA:577,0
DA:578,0
DA:579,0
DA:580,0
DA:582,0
DA:583,0
DA:584,0
DA:585,0
DA:586,0
DA:592,320
DA:593,320
DA:594,320
DA:595,320
DA:596,320
DA:597,320
DA:598,320
DA:599,320
DA:600,320
DA:601,320
DA:604,320
DA:605,320
DA:606,320
DA:608,27045
DA:611,27045
DA:612,97105
DA:613,70090
DA:614,70075
DA:615,43060
DA:616,43060
DA:617,43060
DA:618,43060
DA:619,43060
DA:623,1512410
DA:624,290
DA:626,1512120
DA:627,1512120
DA:628,1512120
DA:629,1512120
DA:631,1512120
DA:633,1512135
DA:634,0
DA:637,1512135
DA:638,15
DA:640,1512120
DA:641,1512120
DA:642,1512120
DA:643,1485395
DA:645,26725
DA:646,0
DA:648,26725
DA:649,26725
DA:650,26725
DA:651,26725
DA:653,5175
DA:654,5175
DA:655,5175
DA:656,5175
DA:658,2085
DA:659,2085
DA:660,2085
DA:664,320
DA:665,320
DA:666,320
DA:667,0
DA:670,320
DA:671,320
DA:672,320
DA:673,320
DA:674,320
DA:675,320
DA:676,320
DA:677,320
DA:678,320
DA:680,320
DA:681,320
DA:682,320
DA:687,601225
DA:689,601225
DA:690,601225
DA:691,601225
DA:692,601225
DA:693,4809800
DA:694,4809800
DA:695,4809800
DA:696,4809800
DA:697,1202450
DA:698,601225
DA:706,125
DA:708,125
DA:710,125
DA:712,0
DA:714,0
DA:715,0
DA:716,0
DA:717,0
DA:718,0
DA:719,0
DA:720,0
DA:721,0
DA:722,0
DA:723,0
DA:727,0
DA:730,0
DA:731,0
DA:733,0
DA:734,0
DA:735,0
DA:736,0
DA:737,0
DA:738,0
DA:740,0
DA:741,0
DA:742,0
DA:743,0
DA:744,0
DA:746,0
DA:747,0
DA:748,0
DA:749,0
DA:750,0
DA:752,0
DA:753,0
DA:754,0
DA:755,0
DA:756,0
DA:761,601305
DA:763,1202525
DA:764,1202525
DA:765,1202405
DA:766,601220
DA:767,601220
DA:768,601220
DA:769,601220
DA:770,601220
DA:771,601220
DA:772,601220
DA:776,601185
DA:779,601180
DA:780,0
DA:782,601180
DA:783,601180
DA:784,601180
DA:785,601180
DA:786,601175
DA:788,40
DA:789,40
DA:790,40
DA:791,40
DA:793,0
DA:794,0
DA:795,0
DA:796,0
DA:798,0
DA:799,0
DA:800,0
DA:804,125
DA:808,540
DA:810,540
DA:811,540
DA:812,540
DA:813,540
DA:814,540
DA:815,540
DA:817,560
DA:818,560
DA:819,560
DA:820,445
DA:821,125
DA:822,320
DA:823,445
DA:824,445
DA:825,20
DA:826,20
DA:827,0
DA:829,20
DA:830,20
DA:831,0
DA:832,20
DA:833,60
DA:834,20
DA:835,20
DA:836,20
DA:837,20
DA:838,425
DA:840,20
DA:841,135
DA:842,135
DA:843,135
DA:844,15
DA:845,0
DA:847,15
DA:848,0
DA:849,15
DA:851,120
DA:852,135
DA:858,540
DA:862,15
DA:864,15
DA:865,15
DA:866,15
DA:867,15
DA:868,15
DA:870,15
DA:871,15
DA:872,15
DA:874,15
DA:875,15
DA:877,15
DA:878,15
DA:906,640
DA:908,640
DA:909,640
DA:910,415
DA:911,415
DA:912,640
DA:916,28
DA:923,28
DA:924,28
DA:926,28
DA:928,56
DA:929,28
DA:930,28
DA:931,28
DA:932,0
DA:934,28
DA:935,0
DA:937,28
DA:938,28
DA:939,0
DA:941,28
DA:942,28
DA:943,28
DA:944,28
DA:945,28
DA:946,28
DA:947,28
DA:948,28
DA:950,28
DA:951,56
DA:952,28
DA:953,28
DA:954,0
DA:956,28
DA:957,28
DA:958,28
DA:959,28
DA:964,812
DA:970,812
DA:971,812
DA:973,812
DA:974,812
DA:975,0
DA:976,812
DA:977,0
DA:978,812
DA:979,0
DA:981,812
DA:982,0
DA:984,812
DA:985,812
DA:987,929
DA:988,929
DA:989,929
DA:990,929
DA:991,929
DA:992,0
DA:994,929
DA:995,126
DA:996,252
DA:997,126
DA:998,126
DA:999,0
DA:1000,126
DA:1002,929
DA:1003,812
DA:1005,812
DA:1009,0
DA:1016,0
DA:1017,0
DA:1018,0
DA:1021,28
DA:1030,28
DA:1031,28
DA:1033,28
DA:1034,0
DA:1035,28
DA:1036,0
DA:1037,28
DA:1038,0
DA:1040,28
DA:1041,28
DA:1042,28
DA:1043,28
DA:1045,28
DA:1046,97
DA:1047,97
DA:1048,97
DA:1049,97
DA:1050,97
DA:1051,0
DA:1053,97
DA:1054,97
DA:1055,194
DA:1056,97
DA:1057,97
DA:1058,0
DA:1059,97
DA:1061,97
DA:1063,28
DA:1065,28
DA:1066,28
DA:1067,28
DA:1068,0
DA:1069,28
DA:1071,28
DA:1072,28
DA:1073,28
DA:1074,28
DA:1075,28
DA:1076,28
DA:1077,28
DA:1078,28
DA:1080,28
DA:1081,28
DA:1082,28
DA:1083,28
DA:1087,15
DA:1095,15
DA:1096,15
DA:1098,15
DA:1100,30
DA:1101,15
DA:1102,15
DA:1103,15
DA:1104,15
DA:1105,0
DA:1107,15
DA:1108,0
DA:1110,15
DA:1111,15
DA:1112,0
DA:1114,15
DA:1116,15
DA:1117,15
DA:1118,15
DA:1119,15
DA:1120,15
DA:1121,15
DA:1122,15
DA:1124,15
DA:1125,0
DA:1126,0
DA:1127,0
DA:1130,15
DA:1131,15
DA:1132,0
DA:1134,15
DA:1135,15
DA:1137,15
DA:1138,15
DA:1139,15
DA:1143,15
DA:1145,15
DA:1147,15
DA:1148,15
DA:1149,0
DA:1151,15
DA:1152,0
DA:1154,15
DA:1155,15
DA:1156,15
DA:1157,15
DA:1161,440
DA:1167,440
DA:1168,440
DA:1170,440
DA:1172,440
DA:1173,0
DA:1175,440
DA:1176,0
DA:1178,440
DA:1179,0
DA:1181,440
DA:1182,440
DA:1184,540
DA:1186,540
DA:1187,0
DA:1189,540
DA:1190,230
DA:1191,115
DA:1192,115
DA:1193,0
DA:1194,115
DA:1195,115
DA:1196,115
DA:1197,115
DA:1199,540
DA:1201,540
DA:1202,0
DA:1204,540
DA:1205,225
DA:1206,0
DA:1208,540
DA:1209,15
DA:1210,15
DA:1211,525
DA:1212,425
DA:1217,440
DA:1221,15
DA:1227,15
DA:1228,15
DA:1229,0
DA:1230,15
DA:1231,0
DA:1232,15
DA:1233,0
DA:1235,15
DA:1236,15
DA:1237,15
DA:1238,15
DA:1247,0
DA:1256,0
DA:1257,0
DA:1259,0
DA:1260,0
DA:1261,0
DA:1262,0
DA:1263,0
DA:1264,0
DA:1266,0
DA:1267,0
DA:1268,0
DA:1269,0
DA:1270,0
DA:1271,0
DA:1272,0
DA:1274,0
DA:1275,0
DA:1276,0
DA:1277,0
DA:1279,0
DA:1280,0
DA:1281,0
DA:1284,0
DA:1285,0
DA:1286,0
DA:1289,0
DA:1290,0
DA:1293,0
DA:1294,0
DA:1295,0
DA:1299,0
DA:1307,0
DA:1308,0
DA:1310,0
DA:1311,0
DA:1312,0
DA:1313,0
DA:1314,0
DA:1316,0
DA:1317,0
DA:1318,0
DA:1319,0
DA:1320,0
DA:1322,0
DA:1323,0
DA:1324,0
DA:1325,0
DA:1327,0
DA:1328,0
DA:1329,0
DA:1332,0
DA:1333,0
DA:1334,0
DA:1337,0
DA:1338,0
DA:1339,0
DA:1341,0
DA:1342,0
DA:1346,0
DA:1347,0
DA:1348,0
DA:1366,0
DA:1368,0
DA:1383,0
DA:1389,0
DA:1390,0
DA:1391,0
DA:1392,0
DA:1393,0
DA:1394,0
DA:1395,0
DA:1396,0
DA:1397,0
DA:1398,0
DA:1399,0
DA:1401,0
DA:1402,0
DA:1403,0
DA:1405,0
DA:1407,0
DA:1409,0
DA:1411,0
DA:1412,0
DA:1413,0
DA:1414,0
DA:1415,0
DA:1417,0
DA:1418,0
DA:1420,0
DA:1421,0
DA:1422,0
DA:1424,0
DA:1425,0
DA:1427,0
DA:1431,0
DA:1434,0
DA:1436,0
DA:1438,0
DA:1439,0
DA:1440,0
DA:1441,0
DA:1442,0
DA:1443,0
DA:1444,0
DA:1446,0
DA:1447,0
DA:1448,0
DA:1450,0
DA:1451,0
DA:1460,0
DA:1464,0
DA:1469,0
DA:1473,0
DA:1478,0
DA:1480,0
DA:1481,0
DA:1482,0
DA:1483,0
DA:1484,0
DA:1486,0
DA:1488,0
DA:1492,0
DA:1494,0
DA:1496,0
DA:1497,0
DA:1498,0
DA:1500,0
DA:1502,0
DA:1506,0
DA:1509,0
DA:1514,0
DA:1516,0
DA:1517,0
DA:1519,0
DA:1520,0
DA:1521,0
DA:1522,0
DA:1523,0
DA:1524,0
DA:1525,0
DA:1526,0
DA:1527,0
DA:1529,0
DA:1530,0
DA:1531,0
DA:1532,0
DA:1559,0
DA:1561,0
DA:1563,0
DA:1564,0
DA:1565,0
DA:1566,0
LF:869
LH:552
end_of_record
TN:
SF:/Users/mac/rustmap-clone/c-code/bzip2-1.0.8/compress.c
FN:106,115,makeMaps_e
FN:120,231,generateMTFValues
FN:239,598,sendMTFValues
FN:37,41,BZ2_bsInitWrite
FN:46,54,bsFinishWrite
FN:602,667,BZ2_compressBlock
FN:73,78,bsW
FN:83,89,bsPutUInt32
FN:94,97,bsPutUChar
FNDA:37,makeMaps_e
FNDA:37,generateMTFValues
FNDA:37,sendMTFValues
FNDA:28,BZ2_bsInitWrite
FNDA:28,bsFinishWrite
FNDA:37,BZ2_compressBlock
FNDA:1966081,bsW
FNDA:65,bsPutUInt32
FNDA:502,bsPutUChar
FNF:9
FNH:9
DA:37,28
DA:39,28
DA:40,28
DA:41,28
DA:46,28
DA:48,84
DA:49,56
DA:50,56
DA:51,56
DA:52,56
DA:54,28
DA:73,1966081
DA:75,2955208
DA:76,1966081
DA:77,1966081
DA:78,1966081
DA:83,65
DA:85,65
DA:86,65
DA:87,65
DA:88,65
DA:89,65
DA:94,502
DA:96,502
DA:97,502
DA:106,37
DA:108,37
DA:109,37
DA:110,9509
DA:111,16829
DA:112,7357
DA:113,7357
DA:114,7357
DA:115,37
DA:120,37
DA:122,37
DA:123,37
DA:124,37
DA:125,37
DA:126,37
DA:150,37
DA:151,37
DA:152,37
DA:154,37
DA:155,37
DA:157,7468
DA:159,37
DA:160,37
DA:161,7394
DA:163,3967145
DA:164,3967108
DA:166,3967108
DA:167,3967108
DA:170,3967108
DA:171,2714026
DA:172,2714026
DA:174,1253082
DA:175,367235
DA:176,559833
DA:177,559833
DA:178,180438
DA:179,180438
DA:180,180438
DA:181,379395
DA:182,379395
DA:184,559833
DA:185,192598
DA:187,367235
DA:188,367235
DA:190,1253082
DA:191,1253082
DA:192,1253082
DA:193,1253082
DA:194,1253082
DA:195,1253082
DA:196,1253082
DA:197,25671198
DA:198,24418116
DA:199,24418116
DA:200,24418116
DA:201,24418116
DA:202,24418116
DA:203,24418116
DA:204,1253082
DA:205,1253082
DA:206,1253082
DA:207,1253082
DA:210,3967108
DA:212,37
DA:213,0
DA:214,0
DA:215,0
DA:216,0
DA:217,0
DA:218,0
DA:219,0
DA:220,0
DA:222,0
DA:223,0
DA:225,0
DA:226,0
DA:228,37
DA:230,37
DA:231,37
DA:239,37
DA:241,37
DA:242,37
DA:243,37
DA:256,37
DA:257,37
DA:259,37
DA:261,37
DA:262,0
DA:266,37
DA:267,259
DA:268,44808
DA:269,44808
DA:272,37
DA:273,37
DA:274,37
DA:275,28
DA:276,28
DA:277,28
DA:281,37
DA:283,37
DA:284,37
DA:285,37
DA:286,232
DA:287,195
DA:288,195
DA:289,195
DA:290,7691
DA:291,7496
DA:292,7496
DA:295,307
DA:296,195
DA:297,149
DA:298,65
DA:299,65
DA:300,65
DA:302,195
DA:303,0
DA:308,43863
DA:309,87336
DA:310,7431
DA:311,36237
DA:313,195
DA:314,195
DA:315,195
DA:317,37
DA:322,185
DA:324,928
DA:326,928
DA:327,175452
DA:328,175452
DA:334,148
DA:335,28612
DA:336,28500
DA:337,28500
DA:338,28500
DA:339,28500
DA:340,112
DA:342,148
DA:343,148
DA:344,148
DA:345,145200
DA:348,145200
DA:349,145052
DA:350,145052
DA:356,1014716
DA:358,145052
DA:360,144764
DA:361,144764
DA:362,144764
DA:370,144764
DA:371,144764
DA:372,144764
DA:373,144764
DA:374,144764
DA:375,144764
DA:376,144764
DA:377,144764
DA:378,144764
DA:379,144764
DA:383,144764
DA:384,144764
DA:385,144764
DA:387,144764
DA:389,13896
DA:390,13608
DA:391,63720
DA:392,13608
DA:399,145052
DA:400,1014716
DA:401,869664
DA:402,145052
DA:403,145052
DA:404,145052
DA:405,145052
DA:410,145052
DA:415,144764
DA:416,144764
DA:417,144764
DA:418,144764
DA:419,144764
DA:420,144764
DA:421,144764
DA:422,144764
DA:423,144764
DA:424,144764
DA:428,144764
DA:430,13896
DA:431,13608
DA:434,145052
DA:436,148
DA:437,0
DA:439,0
DA:440,0
DA:441,0
DA:442,0
DA:449,928
DA:450,1560
DA:451,780
DA:452,148
DA:455,37
DA:456,37
DA:463,37
DA:464,232
DA:465,36300
DA:466,36263
DA:467,36263
DA:468,36263
DA:469,74385
DA:470,38122
DA:471,38122
DA:472,38122
DA:473,38122
DA:475,36263
DA:476,36263
DA:477,36263
DA:478,37
DA:481,232
DA:482,195
DA:483,195
DA:484,43863
DA:485,43668
DA:486,43668
DA:487,43668
DA:488,195
DA:489,195
DA:490,390
DA:491,195
DA:492,195
DA:496,37
DA:497,629
DA:498,592
DA:499,10064
DA:500,9472
DA:501,592
DA:503,37
DA:504,629
DA:505,592
DA:507,629
DA:508,1103
DA:509,8687
DA:510,8176
DA:511,8687
DA:513,37
DA:514,0
DA:515,37
DA:518,37
DA:519,37
DA:520,37
DA:521,36300
DA:522,74385
DA:523,36263
DA:524,36263
DA:525,37
DA:526,0
DA:529,37
DA:531,232
DA:532,195
DA:533,195
DA:534,43863
DA:535,57139
DA:536,55400
DA:537,43668
DA:538,43668
DA:539,195
DA:541,37
DA:542,0
DA:545,37
DA:546,37
DA:547,37
DA:548,36300
DA:549,36300
DA:550,36263
DA:551,36263
DA:552,36263
DA:554,36263
DA:556,36191
DA:557,72382
DA:558,36191
DA:559,72382
DA:560,36191
DA:568,36191
DA:569,36191
DA:570,36191
DA:571,36191
DA:572,36191
DA:573,36191
DA:574,36191
DA:575,36191
DA:576,36191
DA:577,36191
DA:581,36191
DA:583,3474
DA:584,6804
DA:585,3402
DA:586,3402
DA:587,3402
DA:591,36263
DA:592,36263
DA:594,37
DA:596,37
DA:597,0
DA:598,37
DA:602,37
DA:604,37
DA:606,37
DA:607,37
DA:608,37
DA:609,37
DA:611,37
DA:612,0
DA:616,37
DA:617,37
DA:619,37
DA:622,37
DA:623,28
DA:624,28
DA:625,28
DA:626,28
DA:627,28
DA:628,28
DA:630,37
DA:632,37
DA:633,37
DA:634,37
DA:637,37
DA:648,37
DA:650,37
DA:651,37
DA:652,37
DA:653,37
DA:657,37
DA:659,28
DA:660,28
DA:661,28
DA:662,28
DA:663,28
DA:664,0
DA:665,28
DA:666,28
DA:667,37
LF:365
LH:340
end_of_record
TN:
SF:/Users/mac/rustmap-clone/c-code/bzip2-1.0.8/decompress.c
FN:106,647,BZ2_decompress
FN:27,36,makeMaps_d
FNDA:135,BZ2_decompress
FNDA:20,makeMaps_d
FNF:2
FNH:2
DA:27,20
DA:29,20
DA:30,20
DA:31,5140
DA:32,9065
DA:33,3945
DA:34,3945
DA:35,3945
DA:36,20
DA:106,135
DA:108,135
DA:109,135
DA:110,135
DA:111,135
DA:114,135
DA:115,135
DA:116,135
DA:117,135
DA:118,135
DA:119,135
DA:120,135
DA:121,135
DA:122,135
DA:123,135
DA:124,135
DA:125,135
DA:126,135
DA:127,135
DA:128,135
DA:129,135
DA:130,135
DA:131,135
DA:132,135
DA:133,135
DA:134,135
DA:135,135
DA:136,135
DA:137,135
DA:139,135
DA:141,15
DA:142,15
DA:143,15
DA:144,15
DA:145,15
DA:146,15
DA:147,15
DA:148,15
DA:149,15
DA:150,15
DA:151,15
DA:152,15
DA:153,15
DA:154,15
DA:155,15
DA:156,15
DA:157,15
DA:158,15
DA:159,15
DA:160,15
DA:161,15
DA:162,15
DA:163,15
DA:164,15
DA:165,15
DA:168,135
DA:169,135
DA:170,135
DA:171,135
DA:172,135
DA:173,135
DA:174,135
DA:175,135
DA:176,135
DA:177,135
DA:178,135
DA:179,135
DA:180,135
DA:181,135
DA:182,135
DA:183,135
DA:184,135
DA:185,135
DA:186,135
DA:187,135
DA:188,135
DA:189,135
DA:190,135
DA:191,135
DA:193,135
DA:195,135
DA:197,30
DA:198,15
DA:200,30
DA:201,15
DA:203,30
DA:204,15
DA:206,30
DA:207,15
DA:208,15
DA:209,15
DA:211,30
DA:212,5
DA:213,5
DA:216,5
DA:217,5
DA:218,10
DA:219,10
DA:222,70
DA:224,35
DA:225,20
DA:226,40
DA:227,20
DA:228,40
DA:229,20
DA:230,40
DA:231,20
DA:232,40
DA:233,20
DA:234,40
DA:235,20
DA:237,20
DA:238,20
DA:239,0
DA:241,20
DA:242,40
DA:243,20
DA:244,40
DA:245,20
DA:246,40
DA:247,20
DA:248,40
DA:249,20
DA:251,40
DA:253,20
DA:254,40
DA:255,20
DA:256,40
DA:257,20
DA:258,40
DA:259,20
DA:261,20
DA:262,0
DA:263,20
DA:264,0
DA:267,340
DA:268,360
DA:269,320
DA:270,275
DA:271,45
DA:272,320
DA:274,5140
DA:276,340
DA:277,595
DA:278,4675
DA:279,4950
DA:280,4400
DA:281,4675
DA:282,20
DA:283,20
DA:284,20
DA:287,20
DA:288,20
DA:289,60
DA:290,20
DA:291,19505
DA:292,19485
DA:293,39895
DA:294,44885
DA:295,39895
DA:296,20410
DA:297,20410
DA:302,19485
DA:303,19485
DA:304,19485
DA:305,20
DA:306,0
DA:310,20
DA:311,125
DA:313,19505
DA:314,19485
DA:315,19485
DA:316,39895
DA:317,19485
DA:318,19485
DA:319,19485
DA:320,20
DA:323,125
DA:324,145
DA:325,23505
DA:326,36810
DA:327,36810
DA:328,41435
DA:329,36810
DA:330,15085
DA:331,13410
DA:333,23400
DA:334,23400
DA:335,105
DA:338,125
DA:339,105
DA:340,105
DA:341,23505
DA:342,23400
DA:343,23400
DA:344,23400
DA:345,105
DA:346,105
DA:347,105
DA:348,105
DA:349,105
DA:350,105
DA:352,105
DA:353,105
DA:357,20
DA:358,20
DA:359,20
DA:360,20
DA:362,5140
DA:366,20
DA:367,20
DA:368,340
DA:369,5440
DA:370,5120
DA:371,5120
DA:372,5120
DA:373,320
DA:374,320
DA:375,20
DA:378,20
DA:379,165
DA:381,870695
DA:383,870695
DA:385,870675
DA:387,197265
DA:388,197265
DA:389,197265
DA:396,300710
DA:397,300710
DA:398,96975
DA:399,300710
DA:400,1054480
DA:401,601420
DA:402,300710
DA:404,197265
DA:405,197265
DA:406,197265
DA:408,197265
DA:409,600430
DA:410,600235
DA:411,600235
DA:412,600235
DA:413,600235
DA:416,1072835
DA:417,875765
DA:418,875765
DA:419,875765
DA:420,875765
DA:423,197265
DA:427,673410
DA:431,673410
DA:432,673410
DA:433,673410
DA:435,673410
DA:437,530445
DA:438,530445
DA:439,877055
DA:440,346610
DA:441,346610
DA:442,346610
DA:443,346610
DA:444,346610
DA:445,346610
DA:446,346610
DA:447,1313790
DA:448,783345
DA:450,530445
DA:451,530445
DA:453,142965
DA:454,142965
DA:455,142965
DA:456,142965
DA:457,1085605
DA:458,942640
DA:460,142965
DA:461,814445
DA:462,671480
DA:463,671480
DA:464,1342960
DA:465,671480
DA:467,142965
DA:468,142965
DA:469,142965
DA:470,30
DA:471,510
DA:472,8160
DA:473,7680
DA:474,7680
DA:475,7680
DA:476,480
DA:477,480
DA:478,30
DA:480,673410
DA:483,673410
DA:484,673410
DA:485,985
DA:486,672425
DA:487,673410
DA:489,2319485
DA:490,673410
DA:497,20
DA:498,0
DA:502,5140
DA:503,5120
DA:504,0
DA:505,5120
DA:507,20
DA:508,5140
DA:509,5140
DA:511,5160
DA:512,5140
DA:514,0
DA:516,5140
DA:518,5140
DA:519,5120
DA:520,0
DA:522,5120
DA:524,20
DA:525,20
DA:526,20
DA:527,20
DA:528,20
DA:530,20
DA:533,1290
DA:536,601225
DA:537,601220
DA:538,601220
DA:539,601220
DA:540,601220
DA:543,5
DA:544,5
DA:545,5
DA:546,601220
DA:547,601220
DA:548,601220
DA:549,601220
DA:550,601220
DA:551,601220
DA:553,5
DA:554,5
DA:555,5
DA:556,0
DA:557,0
DA:558,0
DA:559,0
DA:560,5
DA:563,5
DA:566,1548205
DA:567,1548190
DA:568,1548190
DA:569,1548190
DA:570,1548190
DA:572,15
DA:573,15
DA:574,15
DA:575,0
DA:576,0
DA:577,0
DA:578,0
DA:579,15
DA:584,35
DA:590,30
DA:591,15
DA:592,30
DA:593,15
DA:594,30
DA:595,15
DA:596,30
DA:597,15
DA:598,30
DA:599,15
DA:601,15
DA:602,30
DA:603,15
DA:604,30
DA:605,15
DA:606,30
DA:607,15
DA:608,30
DA:609,15
DA:611,15
DA:612,15
DA:614,0
DA:615,0
DA:617,0
DA:621,135
DA:622,135
DA:623,135
DA:624,135
DA:625,135
DA:626,135
DA:627,135
DA:628,135
DA:629,135
DA:630,135
DA:631,135
DA:632,135
DA:633,135
DA:634,135
DA:635,135
DA:636,135
DA:637,135
DA:638,135
DA:639,135
DA:640,135
DA:641,135
DA:642,135
DA:643,135
DA:644,135
DA:646,135
DA:647,135
LF:420
LH:401
end_of_record
TN:
SF:/Users/mac/rustmap-clone/c-code/bzip2-1.0.8/huffman.c
FN:152,166,BZ2_hbAssignCodes
FN:170,200,BZ2_hbCreateDecodeTables
FN:63,148,BZ2_hbMakeCodeLengths
FNDA:195,BZ2_hbAssignCodes
FNDA:105,BZ2_hbCreateDecodeTables
FNDA:780,BZ2_hbMakeCodeLengths
FNF:3
FNH:3
DA:63,780
DA:72,780
DA:73,780
DA:75,780
DA:76,780
DA:77,780
DA:79,175452
DA:80,174672
DA:82,780
DA:84,780
DA:85,780
DA:87,780
DA:88,780
DA:89,780
DA:91,175452
DA:92,174672
DA:93,174672
DA:94,174672
DA:95,452100
DA:96,174672
DA:98,780
DA:100,174672
DA:101,1103477
DA:102,1089403
DA:103,173892
DA:104,173892
DA:105,173892
DA:106,173892
DA:107,173892
DA:108,173892
DA:109,194499
DA:112,780
DA:114,780
DA:115,175452
DA:116,174672
DA:117,174672
DA:118,2033388
DA:119,174672
DA:120,174672
DA:121,174672
DA:123,780
DA:142,0
DA:143,0
DA:144,0
DA:145,0
DA:146,0
DA:148,780
DA:152,195
DA:158,195
DA:160,195
DA:161,2156
DA:162,473006
DA:163,471045
DA:164,1961
DA:165,1961
DA:166,195
DA:170,105
DA:178,105
DA:180,105
DA:181,1155
DA:182,252565
DA:183,252565
DA:185,2520
DA:186,23505
DA:188,2415
DA:190,2520
DA:191,105
DA:193,1155
DA:194,1050
DA:195,1050
DA:196,1050
DA:197,1050
DA:198,1050
DA:199,945
DA:200,105
LF:75
LH:70
end_of_record
