TN:
SF:/Library/Developer/CommandLineTools/SDKs/MacOSX.sdk/usr/include/_ctype.h
FN:135,137,isascii
FN:153,159,__istype
FN:164,170,__isctype
FN:237,239,isdigit
FN:267,269,isspace
FNDA:0,isascii
FNDA:0,__istype
FNDA:0,__isctype
FNDA:0,isdigit
FNDA:0,isspace
FNF:5
FNH:0
DA:135,0
DA:137,0
DA:153,0
DA:158,0
DA:159,0
DA:164,0
DA:169,0
DA:170,0
DA:237,0
DA:239,0
DA:267,0
DA:269,0
LF:12
LH:0
end_of_record
TN:
SF:/Users/mac/rustmap-clone/c-code/bzip2-1.0.8/blocksort.c
FN:1031,1089,BZ2_blockSort
FN:212,329,fallbackSort
FN:32,59,fallbackSimpleSort
FN:347,469,mainGtU
FN:485,555,mainSimpleSort
FN:583,592,mmed3
FN:621,717,mainQSort3
FN:751,1011,mainSort
FN:93,180,fallbackQSort3
FNDA:49,BZ2_blockSort
FNDA:12,fallbackSort
FNDA:415728,fallbackSimpleSort
FNDA:5154244,mainGtU
FNDA:266416,mainSimpleSort
FNDA:130989,mmed3
FNDA:51414,mainQSort3
FNDA:49,mainSort
FNDA:1920,fallbackQSort3
FNF:9
FNH:9
DA:32,415728
DA:37,415728
DA:38,415728
DA:40,415728
DA:42,412428
DA:43,598920
DA:44,457464
DA:45,457464
DA:46,462576
DA:47,5112
DA:48,457464
DA:49,457464
DA:50,141456
DA:52,1297368
DA:53,884940
DA:54,884940
DA:55,905580
DA:56,20640
DA:57,884940
DA:58,884940
DA:59,415728
DA:93,1920
DA:98,1920
DA:99,1920
DA:100,1920
DA:101,1920
DA:102,1920
DA:104,1920
DA:106,1920
DA:107,1920
DA:109,831504
DA:111,829584
DA:113,829584
DA:114,829584
DA:115,415728
DA:116,415728
DA:126,413856
DA:127,413856
DA:128,413856
DA:129,277548
DA:130,137076
DA:132,413856
DA:133,413856
DA:135,2033892
DA:136,38466276
DA:137,38466276
DA:138,38326572
DA:139,38326572
DA:140,21873300
DA:141,21873300
DA:142,21873300
DA:144,16453272
DA:145,14559084
DA:147,16478700
DA:148,16478700
DA:149,16064844
DA:150,16064844
DA:151,7740
DA:152,7740
DA:153,7740
DA:155,16057104
DA:156,14437068
DA:158,2033892
DA:159,1620036
DA:164,413856
DA:166,1473588
DA:167,421572
DA:169,413832
DA:170,413832
DA:172,413832
DA:173,139236
DA:174,139236
DA:175,139236
DA:176,274596
DA:177,274596
DA:180,1920
DA:212,12
DA:218,12
DA:219,12
DA:220,12
DA:221,12
DA:222,12
DA:223,12
DA:229,12
DA:230,0
DA:231,3096
DA:232,1442940
DA:233,3084
DA:234,3084
DA:236,1442940
DA:237,1442928
DA:238,1442928
DA:239,1442928
DA:240,1442928
DA:241,1442928
DA:243,12
DA:244,45120
DA:245,3084
DA:254,396
DA:255,384
DA:256,384
DA:257,384
DA:260,12
DA:261,204
DA:263,204
DA:264,0
DA:266,204
DA:267,24529980
DA:268,24529776
DA:269,24529776
DA:270,24529776
DA:271,24529776
DA:273,204
DA:274,204
DA:275,2124
DA:278,2124
DA:279,12720
DA:280,2124
DA:281,50712
DA:282,13872
DA:283,852
DA:284,2124
DA:285,2124
DA:286,16224
DA:287,1920
DA:288,715932
DA:289,16812
DA:290,912
DA:291,1920
DA:292,1920
DA:295,1920
DA:296,1920
DA:297,1920
DA:300,1920
DA:301,22914684
DA:302,22912764
DA:303,22912764
DA:304,22912764
DA:305,1920
DA:308,204
DA:309,0
DA:311,204
DA:312,204
DA:320,12
DA:321,0
DA:322,12
DA:323,1442940
DA:324,1444380
DA:325,1442928
DA:326,1442928
DA:327,1442928
DA:328,12
DA:329,12
DA:347,5154244
DA:354,5154244
DA:355,5154244
DA:356,5154244
DA:360,5154244
DA:361,5154244
DA:362,3120271
DA:364,3120271
DA:365,3120271
DA:366,2046765
DA:368,2046765
DA:369,2046765
DA:370,1495503
DA:372,1495503
DA:373,1495503
DA:374,1116920
DA:376,1116920
DA:377,1116920
DA:378,850245
DA:380,850245
DA:381,850245
DA:382,681891
DA:384,681891
DA:385,681891
DA:386,554559
DA:388,554559
DA:389,554559
DA:390,442630
DA:392,442630
DA:393,442630
DA:394,359491
DA:396,359491
DA:397,359491
DA:398,293518
DA:400,293518
DA:401,293518
DA:402,241873
DA:404,241873
DA:405,241873
DA:406,202466
DA:408,202466
DA:410,202466
DA:412,13480969
DA:413,13480969
DA:414,13442797
DA:415,13442797
DA:416,13401030
DA:418,13401030
DA:419,13401030
DA:420,13380054
DA:421,13380054
DA:422,13363108
DA:424,13363108
DA:425,13363108
DA:426,13350126
DA:427,13350126
DA:428,13339572
DA:430,13339572
DA:431,13339572
DA:432,13327926
DA:433,13327926
DA:434,13321418
DA:436,13321418
DA:437,13321418
DA:438,13307120
DA:439,13307120
DA:440,13301891
DA:442,13301891
DA:443,13301891
DA:444,13295511
DA:445,13295511
DA:446,13291100
DA:448,13291100
DA:449,13291100
DA:450,13286559
DA:451,13286559
DA:452,13283538
DA:454,13283538
DA:455,13283538
DA:456,13280279
DA:457,13280279
DA:458,13278503
DA:460,13278503
DA:461,13278503
DA:463,13278503
DA:464,13278503
DA:465,13278503
DA:466,13278503
DA:468,0
DA:469,5154244
DA:485,266416
DA:494,266416
DA:495,266416
DA:497,266416
DA:498,266416
DA:500,216460
DA:501,629506
DA:502,216460
DA:504,629398
DA:505,412950
DA:507,412950
DA:508,1254404
DA:511,1254404
DA:512,1136916
DA:513,1136916
DA:514,1798608
DA:515,1798608
DA:517,951871
DA:518,951871
DA:519,951871
DA:521,1136916
DA:522,1136916
DA:525,1136916
DA:526,967171
DA:527,967171
DA:528,1714940
DA:529,1714940
DA:531,947551
DA:532,947551
DA:533,947551
DA:535,967171
DA:536,967171
DA:539,967171
DA:540,841466
DA:541,841466
DA:542,1640696
DA:543,1640696
DA:545,953944
DA:546,953944
DA:547,953944
DA:549,841466
DA:550,841466
DA:552,841466
DA:554,412938
DA:555,266416
DA:583,130989
DA:585,130989
DA:586,130989
DA:587,130989
DA:588,47643
DA:589,47643
DA:590,47643
DA:591,261978
DA:592,130989
DA:621,51414
DA:630,51414
DA:631,51414
DA:633,51414
DA:634,51414
DA:635,51414
DA:637,51414
DA:638,51414
DA:639,51414
DA:641,51414
DA:642,51414
DA:644,448807
DA:646,397405
DA:648,397405
DA:649,397405
DA:650,131320
DA:651,266416
DA:652,266416
DA:653,266404
DA:656,130989
DA:657,261978
DA:658,130989
DA:659,130989
DA:661,130989
DA:662,130989
DA:664,895288
DA:665,10162184
DA:666,10162184
DA:667,10086134
DA:668,10086134
DA:669,7547362
DA:670,7547362
DA:672,2538772
DA:673,1719534
DA:675,3969268
DA:676,3969268
DA:677,3838279
DA:678,3838279
DA:679,1329352
DA:680,1329352
DA:682,2508927
DA:683,1744628
DA:685,895288
DA:686,764299
DA:691,130989
DA:692,23488
DA:693,23488
DA:696,984889
DA:697,939766
DA:699,107501
DA:700,107501
DA:702,107501
DA:703,107501
DA:704,107501
DA:706,107501
DA:707,107501
DA:708,107501
DA:713,107501
DA:714,107501
DA:715,107501
DA:717,51414
DA:751,49
DA:759,49
DA:760,49
DA:761,49
DA:762,49
DA:763,49
DA:764,49
DA:765,49
DA:766,49
DA:767,49
DA:770,3211362
DA:772,49
DA:773,49
DA:774,1314219
DA:775,1314170
DA:776,1314170
DA:777,1314170
DA:778,1314170
DA:779,1314170
DA:780,1314170
DA:781,1314170
DA:782,1314170
DA:783,1314170
DA:784,1314170
DA:785,1314170
DA:786,1314170
DA:787,1314170
DA:788,123
DA:789,74
DA:790,74
DA:791,74
DA:792,74
DA:795,1715
DA:796,1666
DA:797,1666
DA:798,1666
DA:800,49
DA:803,3211313
DA:805,49
DA:806,49
DA:807,1314219
DA:808,1314170
DA:809,1314170
DA:810,1314170
DA:811,1314170
DA:812,1314170
DA:813,1314170
DA:814,1314170
DA:815,1314170
DA:816,1314170
DA:817,1314170
DA:818,1314170
DA:819,1314170
DA:820,1314170
DA:821,1314170
DA:822,1314170
DA:823,1314170
DA:824,1314170
DA:825,123
DA:826,74
DA:827,74
DA:828,74
DA:829,74
DA:830,74
DA:837,12593
DA:838,12544
DA:839,12544
DA:840,12544
DA:843,49
DA:844,49
DA:845,245
DA:846,49
DA:847,245
DA:848,54194
DA:849,53949
DA:850,53949
DA:851,97704
DA:852,49398
DA:853,49398
DA:854,49398
DA:857,53949
DA:858,53949
DA:859,245
DA:860,49
DA:866,49
DA:868,12545
DA:876,12508
DA:886,3212732
DA:887,3200236
DA:888,3187728
DA:889,3187728
DA:890,1599312
DA:891,1599312
DA:892,1599312
DA:893,51414
DA:894,0
DA:897,51414
DA:898,51414
DA:899,51414
DA:901,51414
DA:902,51414
DA:903,51402
DA:904,1599312
DA:905,3187716
DA:906,3187716
DA:907,3200224
DA:909,12496
DA:919,3211472
DA:920,3198976
DA:921,3198976
DA:922,3198976
DA:923,1719927
DA:924,1707431
DA:925,1707431
DA:926,1707431
DA:927,795826
DA:928,1707431
DA:929,2121519
DA:930,2109023
DA:931,2109023
DA:932,2109023
DA:933,1067843
DA:934,2109023
DA:937,12496
DA:946,3211472
DA:987,12496
DA:989,12496
DA:990,12459
DA:991,12459
DA:992,12459
DA:994,12459
DA:996,3544395
DA:997,3531936
DA:998,3531936
DA:999,3531936
DA:1000,3531936
DA:1001,1630
DA:1002,3531936
DA:1003,12459
DA:1004,12459
DA:1006,12496
DA:1008,37
DA:1009,0
DA:1011,49
DA:1031,49
DA:1033,49
DA:1034,49
DA:1035,49
DA:1036,49
DA:1037,49
DA:1038,49
DA:1039,49
DA:1040,49
DA:1041,49
DA:1042,49
DA:1044,49
DA:1045,0
DA:1046,0
DA:1052,49
DA:1053,49
DA:1054,49
DA:1063,49
DA:1064,49
DA:1065,49
DA:1066,49
DA:1068,49
DA:1069,49
DA:1070,0
DA:1075,49
DA:1076,12
DA:1077,0
DA:1079,12
DA:1080,12
DA:1083,49
DA:1084,4117170
DA:1085,4117170
DA:1086,49
DA:1088,49
DA:1089,49
LF:537
LH:526
end_of_record
TN:
SF:/Users/mac/rustmap-clone/c-code/bzip2-1.0.8/bzip2.c
FN:1038,1046,saveInputFileMetaInfo
FN:1050,1062,applySavedTimeInfoToOutputFile
FN:1065,1078,applySavedFileAttrToOutputFile
FN:1083,1089,containsDubiousChars
FN:1110,1117,hasSuffix
FN:1120,1128,mapSuffix
FN:1133,1309,compress
FN:1314,1507,uncompress
FN:1512,1596,testf
FN:1601,1621,license
FN:1626,1665,usage
FN:1670,1676,redundant
FN:1704,1711,myMalloc
FN:1716,1724,mkCell
FN:1729,1742,snocString
FN:1747,1770,addFlagsFromEnvVar
FN:1776,2031,main
FN:238,248,uInt64_from_UInt32s
FN:252,262,uInt64_to_double
FN:266,272,uInt64_isZero
FN:277,288,uInt64_qrm10
FN:295,309,uInt64_toAscii
FN:318,324,myfeof
FN:329,427,compressStream
FN:433,549,uncompressStream
FN:554,642,testStream
FN:651,654,setExit
FN:659,669,cadvise
FN:674,682,showFileNames
FN:687,740,cleanUpAndFail
FN:746,755,panic
FN:761,768,crcError
FN:774,785,compressedStreamEOF
FN:791,799,ioError
FN:805,810,mySignalCatcher
FN:816,866,mySIGSEGVorSIGBUScatcher
FN:872,878,outOfMemory
FN:884,893,configError
FN:908,914,pad
FN:919,935,copyFileName
FN:940,946,fileExists
FN:960,973,fopen_output_safely
FN:981,990,notAStandardFile
FN:998,1006,countHardLinks
FNDA:0,saveInputFileMetaInfo
FNDA:0,applySavedTimeInfoToOutputFile
FNDA:0,applySavedFileAttrToOutputFile
FNDA:0,containsDubiousChars
FNDA:148,hasSuffix
FNDA:0,mapSuffix
FNDA:37,compress
FNDA:15,uncompress
FNDA:0,testf
FNDA:0,license
FNDA:0,usage
FNDA:0,redundant
FNDA:104,myMalloc
FNDA:52,mkCell
FNDA:52,snocString
FNDA:104,addFlagsFromEnvVar
FNDA:52,main
FNDA:0,uInt64_from_UInt32s
FNDA:0,uInt64_to_double
FNDA:0,uInt64_isZero
FNDA:0,uInt64_qrm10
FNDA:0,uInt64_toAscii
FNDA:1128,myfeof
FNDA:37,compressStream
FNDA:15,uncompressStream
FNDA:0,testStream
FNDA:0,setExit
FNDA:0,cadvise
FNDA:0,showFileNames
FNDA:0,cleanUpAndFail
FNDA:0,panic
FNDA:0,crcError
FNDA:0,compressedStreamEOF
FNDA:0,ioError
FNDA:0,mySignalCatcher
FNDA:0,mySIGSEGVorSIGBUScatcher
FNDA:0,outOfMemory
FNDA:0,configError
FNDA:0,pad
FNDA:260,copyFileName
FNDA:0,fileExists
FNDA:0,fopen_output_safely
FNDA:0,notAStandardFile
FNDA:0,countHardLinks
FNF:44
FNH:12
DA:238,0
DA:240,0
DA:241,0
DA:242,0
DA:243,0
DA:244,0
DA:245,0
DA:246,0
DA:247,0
DA:248,0
DA:252,0
DA:254,0
DA:255,0
DA:256,0
DA:257,0
DA:258,0
DA:259,0
DA:260,0
DA:261,0
DA:262,0
DA:266,0
DA:268,0
DA:269,0
DA:270,0
DA:271,0
DA:272,0
DA:277,0
DA:279,0
DA:280,0
DA:281,0
DA:282,0
DA:283,0
DA:284,0
DA:285,0
DA:286,0
DA:287,0
DA:288,0
DA:295,0
DA:297,0
DA:298,0
DA:299,0
DA:300,0
DA:301,0
DA:302,0
DA:303,0
DA:304,0
DA:305,0
DA:306,0
DA:307,0
DA:308,0
DA:309,0
DA:318,1128
DA:320,1128
DA:321,1128
DA:322,1076
DA:323,1076
DA:324,1128
DA:329,37
DA:331,37
DA:332,37
DA:333,37
DA:334,37
DA:335,37
DA:336,37
DA:341,37
DA:342,37
DA:344,74
DA:345,37
DA:346,37
DA:348,37
DA:350,1113
DA:352,1113
DA:353,1076
DA:354,1076
DA:355,1076
DA:356,1076
DA:360,37
DA:363,37
DA:365,37
DA:366,37
DA:367,37
DA:368,37
DA:369,0
DA:370,0
DA:371,0
DA:372,0
DA:373,0
DA:374,0
DA:375,0
DA:376,37
DA:377,37
DA:378,37
DA:379,37
DA:381,37
DA:382,0
DA:383,0
DA:384,0
DA:385,0
DA:386,0
DA:387,0
DA:388,0
DA:389,0
DA:390,0
DA:391,0
DA:392,0
DA:393,0
DA:394,0
DA:395,0
DA:396,0
DA:398,0
DA:399,0
DA:400,0
DA:401,0
DA:402,0
DA:404,0
DA:405,0
DA:407,37
DA:410,0
DA:413,0
DA:415,0
DA:417,0
DA:420,0
DA:422,0
DA:427,37
DA:433,15
DA:435,15
DA:436,15
DA:437,15
DA:438,15
DA:439,15
DA:440,15
DA:441,15
DA:443,15
DA:444,15
DA:449,15
DA:450,15
DA:452,30
DA:454,15
DA:455,15
DA:456,15
DA:458,15
DA:459,15
DA:461,455
DA:462,440
DA:463,440
DA:464,440
DA:465,440
DA:466,440
DA:468,15
DA:470,15
DA:471,15
DA:473,15
DA:474,15
DA:476,15
DA:477,15
DA:479,15
DA:483,15
DA:484,15
DA:485,0
DA:486,0
DA:487,0
DA:488,0
DA:489,15
DA:490,15
DA:492,15
DA:493,15
DA:494,15
DA:495,15
DA:496,0
DA:497,0
DA:498,0
DA:499,0
DA:500,15
DA:501,15
DA:502,15
DA:505,0
DA:506,0
DA:507,0
DA:508,0
DA:509,0
DA:510,0
DA:511,0
DA:512,0
DA:514,0
DA:518,0
DA:519,0
DA:521,0
DA:524,0
DA:526,0
DA:528,0
DA:530,0
DA:532,0
DA:533,0
DA:534,0
DA:535,0
DA:537,0
DA:538,0
DA:540,0
DA:541,0
DA:544,0
DA:549,15
DA:554,0
DA:556,0
DA:557,0
DA:558,0
DA:559,0
DA:560,0
DA:561,0
DA:562,0
DA:564,0
DA:565,0
DA:568,0
DA:570,0
DA:572,0
DA:573,0
DA:574,0
DA:576,0
DA:577,0
DA:579,0
DA:580,0
DA:581,0
DA:583,0
DA:585,0
DA:586,0
DA:588,0
DA:589,0
DA:591,0
DA:592,0
DA:593,0
DA:597,0
DA:598,0
DA:599,0
DA:601,0
DA:602,0
DA:605,0
DA:606,0
DA:607,0
DA:608,0
DA:610,0
DA:613,0
DA:615,0
DA:617,0
DA:619,0
DA:621,0
DA:623,0
DA:625,0
DA:626,0
DA:627,0
DA:629,0
DA:631,0
DA:632,0
DA:634,0
DA:637,0
DA:642,0
DA:651,0
DA:653,0
DA:654,0
DA:659,0
DA:661,0
DA:662,0
DA:663,0
DA:669,0
DA:674,0
DA:676,0
DA:677,0
DA:678,0
DA:682,0
DA:687,0
DA:689,0
DA:690,0
DA:692,0
DA:693,0
DA:694,0
DA:701,0
DA:702,0
DA:703,0
DA:704,0
DA:706,0
DA:707,0
DA:708,0
DA:709,0
DA:710,0
DA:711,0
DA:714,0
DA:715,0
DA:716,0
DA:718,0
DA:719,0
DA:721,0
DA:722,0
DA:724,0
DA:725,0
DA:728,0
DA:730,0
DA:732,0
DA:733,0
DA:736,0
DA:737,0
DA:738,0
DA:739,0
DA:740,0
DA:746,0
DA:748,0
DA:753,0
DA:754,0
DA:755,0
DA:761,0
DA:763,0
DA:765,0
DA:766,0
DA:767,0
DA:768,0
DA:774,0
DA:776,0
DA:777,0
DA:780,0
DA:781,0
DA:782,0
DA:783,0
DA:784,0
DA:785,0
DA:791,0
DA:793,0
DA:796,0
DA:797,0
DA:798,0
DA:799,0
DA:805,0
DA:807,0
DA:809,0
DA:810,0
DA:816,0
DA:818,0
DA:819,0
DA:820,0
DA:838,0
DA:840,0
DA:841,0
DA:861,0
DA:863,0
DA:864,0
DA:865,0
DA:866,0
DA:872,0
DA:874,0
DA:876,0
DA:877,0
DA:878,0
DA:884,0
DA:886,0
DA:892,0
DA:893,0
DA:908,0
DA:910,0
DA:911,0
DA:912,0
DA:913,0
DA:914,0
DA:919,260
DA:921,260
DA:922,0
DA:923,0
DA:927,0
DA:929,0
DA:930,0
DA:933,260
DA:934,260
DA:935,260
DA:940,0
DA:942,0
DA:943,0
DA:944,0
DA:945,0
DA:946,0
DA:960,0
DA:963,0
DA:964,0
DA:965,0
DA:966,0
DA:967,0
DA:968,0
DA:969,0
DA:973,0
DA:981,0
DA:983,0
DA:984,0
DA:986,0
DA:987,0
DA:988,0
DA:989,0
DA:990,0
DA:998,0
DA:1000,0
DA:1001,0
DA:1003,0
DA:1004,0
DA:1005,0
DA:1006,0
DA:1038,0
DA:1041,0
DA:1043,0
DA:1044,0
DA:1046,0
DA:1050,0
DA:1053,0
DA:1054,0
DA:1056,0
DA:1057,0
DA:1059,0
DA:1060,0
DA:1062,0
DA:1065,0
DA:1068,0
DA:1070,0
DA:1071,0
DA:1073,0
DA:1078,0
DA:1083,0
DA:1089,0
DA:1110,148
DA:1112,148
DA:1113,148
DA:1114,148
DA:1115,148
DA:1116,148
DA:1117,148
DA:1120,0
DA:1124,0
DA:1125,0
DA:1126,0
DA:1127,0
DA:1128,0
DA:1133,37
DA:1135,37
DA:1136,37
DA:1137,37
DA:1138,37
DA:1140,37
DA:1142,37
DA:1143,0
DA:1145,37
DA:1147,37
DA:1148,37
DA:1149,37
DA:1151,0
DA:1152,0
DA:1153,0
DA:1154,0
DA:1156,0
DA:1157,0
DA:1158,0
DA:1161,37
DA:1162,0
DA:1163,0
DA:1164,0
DA:1165,0
DA:1166,0
DA:1168,37
DA:1169,0
DA:1170,0
DA:1171,0
DA:1172,0
DA:1174,185
DA:1175,148
DA:1176,0
DA:1177,0
DA:1179,0
DA:1180,0
DA:1181,0
DA:1183,148
DA:1184,37
DA:1185,0
DA:1186,0
DA:1187,0
DA:1189,0
DA:1190,0
DA:1191,0
DA:1193,0
DA:1194,37
DA:1195,0
DA:1196,0
DA:1197,0
DA:1198,0
DA:1199,0
DA:1201,37
DA:1202,0
DA:1203,0
DA:1204,0
DA:1205,0
DA:1206,0
DA:1207,0
DA:1208,0
DA:1210,0
DA:1211,37
DA:1212,0
DA:1213,0
DA:1214,0
DA:1215,0
DA:1216,0
DA:1219,37
DA:1222,0
DA:1223,0
DA:1225,37
DA:1228,37
DA:1229,37
DA:1230,37
DA:1231,0
DA:1233,0
DA:1234,0
DA:1235,0
DA:1236,0
DA:1237,0
DA:1239,37
DA:1242,0
DA:1243,0
DA:1244,0
DA:1245,0
DA:1247,0
DA:1248,0
DA:1249,0
DA:1250,0
DA:1251,0
DA:1252,0
DA:1254,0
DA:1255,0
DA:1256,0
DA:1257,0
DA:1258,0
DA:1260,0
DA:1263,0
DA:1264,0
DA:1265,0
DA:1266,0
DA:1267,0
DA:1268,0
DA:1269,0
DA:1270,0
DA:1272,0
DA:1273,0
DA:1274,0
DA:1275,0
DA:1276,0
DA:1277,0
DA:1279,0
DA:1282,0
DA:1286,37
DA:1287,0
DA:1288,0
DA:1289,0
DA:1290,0
DA:1293,37
DA:1294,37
DA:1295,37
DA:1296,37
DA:1299,37
DA:1300,0
DA:1301,0
DA:1302,0
DA:1303,0
DA:1304,0
DA:1305,0
DA:1306,0
DA:1308,37
DA:1309,37
DA:1314,15
DA:1316,15
DA:1317,15
DA:1318,15
DA:1319,15
DA:1320,15
DA:1321,15
DA:1323,15
DA:1325,15
DA:1326,0
DA:1328,15
DA:1329,15
DA:1331,15
DA:1332,15
DA:1333,15
DA:1335,0
DA:1336,0
DA:1337,0
DA:1338,0
DA:1339,0
DA:1340,0
DA:1341,0
DA:1342,0
DA:1344,0
DA:1345,0
DA:1346,0
DA:1347,15
DA:1350,15
DA:1351,0
DA:1352,0
DA:1353,0
DA:1354,0
DA:1355,0
DA:1357,15
DA:1358,0
DA:1359,0
DA:1360,0
DA:1361,0
DA:1363,15
DA:1364,0
DA:1365,0
DA:1366,0
DA:1368,0
DA:1369,0
DA:1370,0
DA:1372,0
DA:1373,15
DA:1374,0
DA:1375,0
DA:1376,0
DA:1377,0
DA:1378,0
DA:1380,15
DA:1381,0
DA:1382,0
DA:1384,0
DA:1386,0
DA:1387,15
DA:1388,0
DA:1389,0
DA:1390,0
DA:1391,0
DA:1392,0
DA:1393,0
DA:1394,0
DA:1396,0
DA:1397,15
DA:1398,0
DA:1399,0
DA:1400,0
DA:1401,0
DA:1402,0
DA:1405,15
DA:1408,0
DA:1409,0
DA:1411,15
DA:1414,15
DA:1415,15
DA:1416,15
DA:1417,0
DA:1419,0
DA:1420,0
DA:1421,0
DA:1422,0
DA:1423,0
DA:1425,15
DA:1428,0
DA:1429,0
DA:1430,0
DA:1431,0
DA:1432,0
DA:1433,0
DA:1434,0
DA:1435,0
DA:1437,0
DA:1440,0
DA:1441,0
DA:1442,0
DA:1443,0
DA:1444,0
DA:1445,0
DA:1446,0
DA:1447,0
DA:1449,0
DA:1450,0
DA:1451,0
DA:1452,0
DA:1453,0
DA:1454,0
DA:1456,0
DA:1459,0
DA:1463,15
DA:1464,0
DA:1465,0
DA:1466,0
DA:1467,0
DA:1470,15
DA:1471,15
DA:1472,15
DA:1473,15
DA:1476,15
DA:1477,15
DA:1478,0
DA:1479,0
DA:1480,0
DA:1481,0
DA:1482,0
DA:1483,0
DA:1484,0
DA:1485,15
DA:1486,0
DA:1487,0
DA:1488,0
DA:1489,0
DA:1490,0
DA:1491,0
DA:1493,15
DA:1495,15
DA:1496,15
DA:1497,0
DA:1498,15
DA:1499,0
DA:1500,0
DA:1501,0
DA:1502,0
DA:1504,0
DA:1507,15
DA:1512,0
DA:1514,0
DA:1515,0
DA:1516,0
DA:1518,0
DA:1520,0
DA:1521,0
DA:1523,0
DA:1524,0
DA:1525,0
DA:1526,0
DA:1527,0
DA:1530,0
DA:1531,0
DA:1532,0
DA:1533,0
DA:1534,0
DA:1535,0
DA:1537,0
DA:1538,0
DA:1539,0
DA:1540,0
DA:1541,0
DA:1543,0
DA:1544,0
DA:1545,0
DA:1546,0
DA:1548,0
DA:1549,0
DA:1550,0
DA:1552,0
DA:1554,0
DA:1557,0
DA:1558,0
DA:1560,0
DA:1561,0
DA:1562,0
DA:1563,0
DA:1564,0
DA:1566,0
DA:1567,0
DA:1570,0
DA:1571,0
DA:1572,0
DA:1573,0
DA:1574,0
DA:1575,0
DA:1577,0
DA:1580,0
DA:1584,0
DA:1585,0
DA:1586,0
DA:1587,0
DA:1588,0
DA:1591,0
DA:1592,0
DA:1594,0
DA:1595,0
DA:1596,0
DA:1601,0
DA:1603,0
DA:1619,0
DA:1621,0
DA:1626,0
DA:1628,0
DA:1629,0
DA:1662,0
DA:1663,0
DA:1665,0
DA:1670,0
DA:1672,0
DA:1673,0
DA:1675,0
DA:1676,0
DA:1704,104
DA:1706,104
DA:1708,104
DA:1709,104
DA:1710,208
DA:1711,104
DA:1716,52
DA:1718,52
DA:1720,52
DA:1721,52
DA:1722,52
DA:1723,104
DA:1724,52
DA:1729,52
DA:1731,52
DA:1732,52
DA:1733,52
DA:1734,52
DA:1735,52
DA:1736,52
DA:1737,0
DA:1738,0
DA:1739,0
DA:1740,0
DA:1741,0
DA:1742,52
DA:1747,104
DA:1749,104
DA:1750,104
DA:1752,104
DA:1753,104
DA:1754,0
DA:1755,0
DA:1756,0
DA:1757,0
DA:1758,0
DA:1759,0
DA:1760,0
DA:1761,0
DA:1762,0
DA:1763,0
DA:1764,0
DA:1765,0
DA:1766,0
DA:1767,0
DA:1769,0
DA:1770,104
DA:1776,52
DA:1778,52
DA:1779,52
DA:1780,52
DA:1781,52
DA:1782,52
DA:1791,52
DA:1792,52
DA:1793,52
DA:1794,52
DA:1795,52
DA:1796,52
DA:1797,52
DA:1798,52
DA:1799,52
DA:1800,52
DA:1801,52
DA:1802,52
DA:1803,52
DA:1804,52
DA:1805,52
DA:1808,52
DA:1811,52
DA:1815,52
DA:1816,52
DA:1818,52
DA:1819,52
DA:1820,416
DA:1821,364
DA:1827,52
DA:1828,52
DA:1829,52
DA:1830,104
DA:1831,52
DA:1835,52
DA:1836,52
DA:1837,52
DA:1838,104
DA:1839,52
DA:1840,52
DA:1841,0
DA:1842,0
DA:1843,0
DA:1844,0
DA:1848,52
DA:1849,52
DA:1854,52
DA:1856,52
DA:1857,52
DA:1858,0
DA:1860,104
DA:1861,52
DA:1862,52
DA:1863,52
DA:1864,0
DA:1865,0
DA:1866,0
DA:1870,104
DA:1871,52
DA:1872,52
DA:1873,109
DA:1874,57
DA:1875,0
DA:1876,15
DA:1877,0
DA:1878,0
DA:1879,0
DA:1880,0
DA:1881,5
DA:1882,0
DA:1883,13
DA:1884,12
DA:1885,12
DA:1886,0
DA:1887,0
DA:1888,0
DA:1889,0
DA:1890,0
DA:1891,0
DA:1893,0
DA:1894,0
DA:1895,0
DA:1896,0
DA:1898,0
DA:1899,0
DA:1900,0
DA:1901,0
DA:1904,57
DA:1905,52
DA:1906,52
DA:1909,104
DA:1910,52
DA:1911,52
DA:1912,52
DA:1913,52
DA:1914,52
DA:1915,52
DA:1916,52
DA:1917,52
DA:1918,52
DA:1919,52
DA:1920,52
DA:1921,52
DA:1922,52
DA:1923,52
DA:1924,52
DA:1925,52
DA:1926,52
DA:1927,52
DA:1929,52
DA:1930,0
DA:1931,0
DA:1932,0
DA:1934,52
DA:1936,52
DA:1937,52
DA:1938,0
DA:1940,52
DA:1941,0
DA:1942,0
DA:1943,0
DA:1946,52
DA:1947,0
DA:1949,52
DA:1951,52
DA:1952,0
DA:1953,0
DA:1955,0
DA:1957,0
DA:1959,52
DA:1960,37
DA:1961,37
DA:1962,37
DA:1963,0
DA:1964,0
DA:1965,0
DA:1966,0
DA:1967,0
DA:1968,0
DA:1969,0
DA:1971,37
DA:1974,15
DA:1975,15
DA:1976,15
DA:1977,15
DA:1978,15
DA:1979,0
DA:1980,0
DA:1981,0
DA:1982,0
DA:1983,0
DA:1984,0
DA:1985,0
DA:1987,15
DA:1988,0
DA:1989,0
DA:1991,15
DA:1994,0
DA:1995,0
DA:1996,0
DA:1997,0
DA:1998,0
DA:1999,0
DA:2000,0
DA:2001,0
DA:2002,0
DA:2003,0
DA:2004,0
DA:2006,0
DA:2007,0
DA:2008,0
DA:2013,0
DA:2014,0
DA:2015,0
DA:2022,52
DA:2023,104
DA:2024,52
DA:2025,52
DA:2026,52
DA:2027,52
DA:2028,52
DA:2030,104
DA:2031,52
LF:1015
LH:306
end_of_record
TN:
SF:/Users/mac/rustmap-clone/c-code/bzip2-1.0.8/bzlib.c
FN:1009,1018,BZ2_bzWriteClose
FN:102,106,default_bzalloc
FN:1021,1083,BZ2_bzWriteClose64
FN:1087,1139,BZ2_bzReadOpen
FN:109,112,default_bzfree
FN:1143,1157,BZ2_bzReadClose
FN:1161,1217,BZ2_bzRead
FN:117,126,prepare_new_block
FN:1221,1238,BZ2_bzReadGetUnused
FN:1247,1295,BZ2_bzBuffToBuffCompress
FN:1299,1348,BZ2_bzBuffToBuffDecompress
FN:131,135,init_RL
FN:1366,1368,BZ2_bzlibVersion
FN:1383,1451,bzopen_or_bzdopen
FN:139,144,isempty_RL
FN:1460,1464,BZ2_bzopen
FN:1469,1473,BZ2_bzdopen
FN:1478,1488,BZ2_bzread
FN:148,211,BZ2_bzCompressInit
FN:1492,1502,BZ2_bzwrite
FN:1506,1509,BZ2_bzflush
FN:1514,1532,BZ2_bzclose
FN:1559,1566,BZ2_bzerror
FN:216,247,add_pair_to_block
FN:252,256,flush_RL
FN:289,329,copy_input_until_stop
FN:334,356,copy_output_until_stop
FN:361,403,handle_compress
FN:407,464,BZ2_bzCompress
FN:41,84,BZ2_bz__AssertH__fail
FN:468,484,BZ2_bzCompressEnd
FN:492,528,BZ2_bzDecompressInit
FN:536,682,unRLE_obuf_to_output_FAST
FN:687,698,BZ2_indexIntoF
FN:706,804,unRLE_obuf_to_output_SMALL
FN:808,858,BZ2_bzDecompress
FN:862,878,BZ2_bzDecompressEnd
FN:906,912,myfeof
FN:91,96,bz_config_ok
FN:916,959,BZ2_bzWriteOpen
FN:964,1005,BZ2_bzWrite
FNDA:0,BZ2_bzWriteClose
FNDA:183,default_bzalloc
FNDA:37,BZ2_bzWriteClose64
FNDA:15,BZ2_bzReadOpen
FNDA:183,default_bzfree
FNDA:15,BZ2_bzReadClose
FNDA:440,BZ2_bzRead
FNDA:49,prepare_new_block
FNDA:15,BZ2_bzReadGetUnused
FNDA:0,BZ2_bzBuffToBuffCompress
FNDA:0,BZ2_bzBuffToBuffDecompress
FNDA:74,init_RL
FNDA:0,BZ2_bzlibVersion
FNDA:0,bzopen_or_bzdopen
FNDA:164,isempty_RL
FNDA:0,BZ2_bzopen
FNDA:0,BZ2_bzdopen
FNDA:0,BZ2_bzread
FNDA:37,BZ2_bzCompressInit
FNDA:0,BZ2_bzwrite
FNDA:0,BZ2_bzflush
FNDA:0,BZ2_bzclose
FNDA:0,BZ2_bzerror
FNDA:65928,add_pair_to_block
FNDA:37,flush_RL
FNDA:1125,copy_input_until_stop
FNDA:295,copy_output_until_stop
FNDA:1359,handle_compress
FNDA:1359,BZ2_bzCompress
FNDA:0,BZ2_bz__AssertH__fail
FNDA:37,BZ2_bzCompressEnd
FNDA:15,BZ2_bzDecompressInit
FNDA:320,unRLE_obuf_to_output_FAST
FNDA:601225,BZ2_indexIntoF
FNDA:125,unRLE_obuf_to_output_SMALL
FNDA:540,BZ2_bzDecompress
FNDA:15,BZ2_bzDecompressEnd
FNDA:640,myfeof
FNDA:52,bz_config_ok
FNDA:37,BZ2_bzWriteOpen
FNDA:1076,BZ2_bzWrite
FNF:41
FNH:28
DA:41,0
DA:43,0
DA:52,0
DA:53,0
DA:56,0
DA:57,0
DA:82,0
DA:84,0
DA:91,52
DA:96,52
DA:102,183
DA:104,183
DA:105,366
DA:106,183
DA:109,183
DA:111,183
DA:112,183
DA:117,49
DA:119,49
DA:120,49
DA:121,49
DA:122,49
DA:123,49
DA:124,12593
DA:125,49
DA:126,49
DA:131,74
DA:133,74
DA:134,74
DA:135,74
DA:139,164
DA:141,164
DA:142,0
DA:143,164
DA:144,164
DA:148,37
DA:154,37
DA:155,37
DA:157,37
DA:159,74
DA:160,37
DA:161,37
DA:162,0
DA:164,37
DA:165,37
DA:166,37
DA:168,37
DA:169,37
DA:170,37
DA:172,37
DA:173,37
DA:174,37
DA:176,37
DA:177,37
DA:178,37
DA:179,37
DA:181,37
DA:182,0
DA:183,0
DA:184,0
DA:185,0
DA:186,0
DA:189,37
DA:190,37
DA:191,37
DA:192,37
DA:193,37
DA:194,37
DA:195,37
DA:196,37
DA:198,37
DA:199,37
DA:200,37
DA:201,37
DA:203,37
DA:204,37
DA:205,37
DA:206,37
DA:207,37
DA:208,37
DA:209,37
DA:210,37
DA:211,37
DA:216,65928
DA:218,65928
DA:219,65928
DA:220,237989
DA:221,172061
DA:222,172061
DA:223,65928
DA:224,65928
DA:226,12
DA:227,12
DA:229,53189
DA:230,53189
DA:231,53189
DA:233,7633
DA:234,7633
DA:235,7633
DA:236,7633
DA:238,5094
DA:239,5094
DA:240,5094
DA:241,5094
DA:242,5094
DA:243,5094
DA:244,5094
DA:245,5094
DA:247,65928
DA:252,37
DA:254,37
DA:255,37
DA:256,37
DA:289,1125
DA:291,1125
DA:293,1125
DA:296,5275144
DA:298,5275144
DA:300,5275132
DA:301,5274056
DA:302,5446117
DA:303,5274056
DA:304,5274056
DA:305,5274056
DA:306,5274056
DA:309,1088
DA:312,37
DA:314,37
DA:316,37
DA:318,0
DA:319,0
DA:320,0
DA:321,0
DA:322,0
DA:323,0
DA:324,0
DA:325,0
DA:328,2250
DA:329,1125
DA:334,295
DA:336,295
DA:338,1308423
DA:341,1308423
DA:344,1308177
DA:346,1308128
DA:347,1308128
DA:348,1308128
DA:349,1308128
DA:350,1308128
DA:351,1308128
DA:352,1308128
DA:355,590
DA:356,295
DA:361,1359
DA:363,1359
DA:364,1359
DA:365,1359
DA:367,1408
DA:369,1408
DA:370,295
DA:371,295
DA:372,86
DA:373,37
DA:374,37
DA:375,12
DA:376,12
DA:377,12
DA:378,0
DA:379,0
DA:380,12
DA:382,1125
DA:383,1125
DA:384,1125
DA:385,37
DA:386,37
DA:387,37
DA:388,37
DA:390,1088
DA:391,12
DA:392,12
DA:393,12
DA:395,1076
DA:396,1076
DA:398,49
DA:402,1359
DA:403,1359
DA:407,1359
DA:409,1359
DA:410,1359
DA:411,1359
DA:412,1359
DA:413,1359
DA:414,1359
DA:417,1396
DA:420,0
DA:423,1269
DA:424,1232
DA:425,1232
DA:428,37
DA:429,0
DA:430,0
DA:431,0
DA:434,37
DA:435,37
DA:436,37
DA:437,37
DA:440,0
DA:443,0
DA:444,0
DA:445,0
DA:446,0
DA:447,0
DA:448,0
DA:449,0
DA:450,0
DA:453,127
DA:454,127
DA:455,0
DA:456,127
DA:457,127
DA:458,127
DA:459,127
DA:460,37
DA:461,37
DA:463,0
DA:464,1359
DA:468,37
DA:470,37
DA:471,37
DA:472,37
DA:473,37
DA:474,37
DA:476,37
DA:477,37
DA:478,37
DA:479,37
DA:481,37
DA:483,37
DA:484,37
DA:492,15
DA:497,15
DA:499,15
DA:501,15
DA:502,15
DA:503,15
DA:505,15
DA:506,15
DA:508,15
DA:509,15
DA:510,15
DA:511,15
DA:512,15
DA:513,15
DA:514,15
DA:515,15
DA:516,15
DA:517,15
DA:518,15
DA:519,15
DA:520,15
DA:521,15
DA:522,15
DA:523,15
DA:524,15
DA:525,15
DA:527,15
DA:528,15
DA:536,320
DA:538,320
DA:540,320
DA:542,0
DA:544,0
DA:545,0
DA:546,0
DA:547,0
DA:548,0
DA:549,0
DA:550,0
DA:551,0
DA:552,0
DA:553,0
DA:557,0
DA:560,0
DA:561,0
DA:563,0
DA:564,0
DA:565,0
DA:566,0
DA:567,0
DA:568,0
DA:570,0
DA:571,0
DA:572,0
DA:573,0
DA:574,0
DA:576,0
DA:577,0
DA:578,0
DA:579,0
DA:580,0
DA:582,0
DA:583,0
DA:584,0
DA:585,0
DA:586,0
DA:592,320
DA:593,320
DA:594,320
DA:595,320
DA:596,320
DA:597,320
DA:598,320
DA:599,320
DA:600,320
DA:601,320
DA:604,320
DA:605,320
DA:606,320
DA:608,27045
DA:611,27045
DA:612,97105
DA:613,70090
DA:614,70075
DA:615,43060
DA:616,43060
DA:617,43060
DA:618,43060
DA:619,43060
DA:623,1512410
DA:624,290
DA:626,1512120
DA:627,1512120
DA:628,1512120
DA:629,1512120
DA:631,1512120
DA:633,1512135
DA:634,0
DA:637,1512135
DA:638,15
DA:640,1512120
DA:641,1512120
DA:642,1512120
DA:643,1485395
DA:645,26725
DA:646,0
DA:648,26725
DA:649,26725
DA:650,26725
DA:651,26725
DA:653,5175
DA:654,5175
DA:655,5175
DA:656,5175
DA:658,2085
DA:659,2085
DA:660,2085
DA:664,320
DA:665,320
DA:666,320
DA:667,0
DA:670,320
DA:671,320
DA:672,320
DA:673,320
DA:674,320
DA:675,320
DA:676,320
DA:677,320
DA:678,320
DA:680,320
DA:681,320
DA:682,320
DA:687,601225
DA:689,601225
DA:690,601225
DA:691,601225
DA:692,601225
DA:693,4809800
DA:694,4809800
DA:695,4809800
DA:696,4809800
DA:697,1202450
DA:698,601225
DA:706,125
DA:708,125
DA:710,125
DA:712,0
DA:714,0
DA:715,0
DA:716,0
DA:717,0
DA:718,0
DA:719,0
DA:720,0
DA:721,0
DA:722,0
DA:723,0
DA:727,0
DA:730,0
DA:731,0
DA:733,0
DA:734,0
DA:735,0
DA:736,0
DA:737,0
DA:738,0
DA:740,0
DA:741,0
DA:742,0
DA:743,0
DA:744,0
DA:746,0
DA:747,0
DA:748,0
DA:749,0
DA:750,0
DA:752,0
DA:753,0
DA:754,0
DA:755,0
DA:756,0
DA:761,601305
DA:763,1202525
DA:764,1202525
DA:765,1202405
DA:766,601220
DA:767,601220
DA:768,601220
DA:769,601220
DA:770,601220
DA:771,601220
DA:772,601220
DA:776,601185
DA:779,601180
DA:780,0
DA:782,601180
DA:783,601180
DA:784,601180
DA:785,601180
DA:786,601175
DA:788,40
DA:789,40
DA:790,40
DA:791,40
DA:793,0
DA:794,0
DA:795,0
DA:796,0
DA:798,0
DA:799,0
DA:800,0
DA:804,125
DA:808,540
DA:810,540
DA:811,540
DA:812,540
DA:813,540
DA:814,540
DA:815,540
DA:817,560
DA:818,560
DA:819,560
DA:820,445
DA:821,125
DA:822,320
DA:823,445
DA:824,445
DA:825,20
DA:826,20
DA:827,0
DA:829,20
DA:830,20
DA:831,0
DA:832,20
DA:833,60
DA:834,20
DA:835,20
DA:836,20
DA:837,20
DA:838,425
DA:840,20
DA:841,135
DA:842,135
DA:843,135
DA:844,15
DA:845,0
DA:847,15
DA:848,0
DA:849,15
DA:851,120
DA:852,135
DA:858,540
DA:862,15
DA:864,15
DA:865,15
DA:866,15
DA:867,15
DA:868,15
DA:870,15
DA:871,15
DA:872,15
DA:874,15
DA:875,15
DA:877,15
DA:878,15
DA:906,640
DA:908,640
DA:909,640
DA:910,415
DA:911,415
DA:912,640
DA:916,37
DA:923,37
DA:924,37
DA:926,37
DA:928,74
DA:929,37
DA:930,37
DA:931,37
DA:932,0
DA:934,37
DA:935,0
DA:937,37
DA:938,37
DA:939,0
DA:941,37
DA:942,37
DA:943,37
DA:944,37
DA:945,37
DA:946,37
DA:947,37
DA:948,37
DA:950,37
DA:951,74
DA:952,37
DA:953,37
DA:954,0
DA:956,37
DA:957,37
DA:958,37
DA:959,37
DA:964,1076
DA:970,1076
DA:971,1076
DA:973,1076
DA:974,1076
DA:975,0
DA:976,1076
DA:977,0
DA:978,1076
DA:979,0
DA:981,1076
DA:982,0
DA:984,1076
DA:985,1076
DA:987,1232
DA:988,1232
DA:989,1232
DA:990,1232
DA:991,1232
DA:992,0
DA:994,1232
DA:995,168
DA:996,336
DA:997,168
DA:998,168
DA:999,0
DA:1000,168
DA:1002,1232
DA:1003,1076
DA:1005,1076
DA:1009,0
DA:1016,0
DA:1017,0
DA:1018,0
DA:1021,37
DA:1030,37
DA:1031,37
DA:1033,37
DA:1034,0
DA:1035,37
DA:1036,0
DA:1037,37
DA:1038,0
DA:1040,37
DA:1041,37
DA:1042,37
DA:1043,37
DA:1045,37
DA:1046,127
DA:1047,127
DA:1048,127
DA:1049,127
DA:1050,127
DA:1051,0
DA:1053,127
DA:1054,127
DA:1055,254
DA:1056,127
DA:1057,127
DA:1058,0
DA:1059,127
DA:1061,127
DA:1063,37
DA:1065,37
DA:1066,37
DA:1067,37
DA:1068,0
DA:1069,37
DA:1071,37
DA:1072,37
DA:1073,37
DA:1074,37
DA:1075,37
DA:1076,37
DA:1077,37
DA:1078,37
DA:1080,37
DA:1081,37
DA:1082,37
DA:1083,37
DA:1087,15
DA:1095,15
DA:1096,15
DA:1098,15
DA:1100,30
DA:1101,15
DA:1102,15
DA:1103,15
DA:1104,15
DA:1105,0
DA:1107,15
DA:1108,0
DA:1110,15
DA:1111,15
DA:1112,0
DA:1114,15
DA:1116,15
DA:1117,15
DA:1118,15
DA:1119,15
DA:1120,15
DA:1121,15
DA:1122,15
DA:1124,15
DA:1125,0
DA:1126,0
DA:1127,0
DA:1130,15
DA:1131,15
DA:1132,0
DA:1134,15
DA:1135,15
DA:1137,15
DA:1138,15
DA:1139,15
DA:1143,15
DA:1145,15
DA:1147,15
DA:1148,15
DA:1149,0
DA:1151,15
DA:1152,0
DA:1154,15
DA:1155,15
DA:1156,15
DA:1157,15
DA:1161,440
DA:1167,440
DA:1168,440
DA:1170,440
DA:1172,440
DA:1173,0
DA:1175,440
DA:1176,0
DA:1178,440
DA:1179,0
DA:1181,440
DA:1182,440
DA:1184,540
DA:1186,540
DA:1187,0
DA:1189,540
DA:1190,230
DA:1191,115
DA:1192,115
DA:1193,0
DA:1194,115
DA:1195,115
DA:1196,115
DA:1197,115
DA:1199,540
DA:1201,540
DA:1202,0
DA:1204,540
DA:1205,225
DA:1206,0
DA:1208,540
DA:1209,15
DA:1210,15
DA:1211,525
DA:1212,425
DA:1217,440
DA:1221,15
DA:1227,15
DA:1228,15
DA:1229,0
DA:1230,15
DA:1231,0
DA:1232,15
DA:1233,0
DA:1235,15
DA:1236,15
DA:1237,15
DA:1238,15
DA:1247,0
DA:1256,0
DA:1257,0
DA:1259,0
DA:1260,0
DA:1261,0
DA:1262,0
DA:1263,0
DA:1264,0
DA:1266,0
DA:1267,0
DA:1268,0
DA:1269,0
DA:1270,0
DA:1271,0
DA:1272,0
DA:1274,0
DA:1275,0
DA:1276,0
DA:1277,0
DA:1279,0
DA:1280,0
DA:1281,0
DA:1284,0
DA:1285,0
DA:1286,0
DA:1289,0
DA:1290,0
DA:1293,0
DA:1294,0
DA:1295,0
DA:1299,0
DA:1307,0
DA:1308,0
DA:1310,0
DA:1311,0
DA:1312,0
DA:1313,0
DA:1314,0
DA:1316,0
DA:1317,0
DA:1318,0
DA:1319,0
DA:1320,0
DA:1322,0
DA:1323,0
DA:1324,0
DA:1325,0
DA:1327,0
DA:1328,0
DA:1329,0
DA:1332,0
DA:1333,0
DA:1334,0
DA:1337,0
DA:1338,0
DA:1339,0
DA:1341,0
DA:1342,0
DA:1346,0
DA:1347,0
DA:1348,0
DA:1366,0
DA:1368,0
DA:1383,0
DA:1389,0
DA:1390,0
DA:1391,0
DA:1392,0
DA:1393,0
DA:1394,0
DA:1395,0
DA:1396,0
DA:1397,0
DA:1398,0
DA:1399,0
DA:1401,0
DA:1402,0
DA:1403,0
DA:1405,0
DA:1407,0
DA:1409,0
DA:1411,0
DA:1412,0
DA:1413,0
DA:1414,0
DA:1415,0
DA:1417,0
DA:1418,0
DA:1420,0
DA:1421,0
DA:1422,0
DA:1424,0
DA:1425,0
DA:1427,0
DA:1431,0
DA:1434,0
DA:1436,0
DA:1438,0
DA:1439,0
DA:1440,0
DA:1441,0
DA:1442,0
DA:1443,0
DA:1444,0
DA:1446,0
DA:1447,0
DA:1448,0
DA:1450,0
DA:1451,0
DA:1460,0
DA:1464,0
DA:1469,0
DA:1473,0
DA:1478,0
DA:1480,0
DA:1481,0
DA:1482,0
DA:1483,0
DA:1484,0
DA:1486,0
DA:1488,0
DA:1492,0
DA:1494,0
DA:1496,0
DA:1497,0
DA:1498,0
DA:1500,0
DA:1502,0
DA:1506,0
DA:1509,0
DA:1514,0
DA:1516,0
DA:1517,0
DA:1519,0
DA:1520,0
DA:1521,0
DA:1522,0
DA:1523,0
DA:1524,0
DA:1525,0
DA:1526,0
DA:1527,0
DA:1529,0
DA:1530,0
DA:1531,0
DA:1532,0
DA:1559,0
DA:1561,0
DA:1563,0
DA:1564,0
DA:1565,0
DA:1566,0
LF:869
LH:552
end_of_record
TN:
SF:/Users/mac/rustmap-clone/c-code/bzip2-1.0.8/compress.c
FN:106,115,makeMaps_e
FN:120,231,generateMTFValues
FN:239,598,sendMTFValues
FN:37,41,BZ2_bsInitWrite
FN:46,54,bsFinishWrite
FN:602,667,BZ2_compressBlock
FN:73,78,bsW
FN:83,89,bsPutUInt32
FN:94,97,bsPutUChar
FNDA:49,makeMaps_e
FNDA:49,generateMTFValues
FNDA:49,sendMTFValues
FNDA:37,BZ2_bsInitWrite
FNDA:37,bsFinishWrite
FNDA:49,BZ2_compressBlock
FNDA:2599777,bsW
FNDA:86,bsPutUInt32
FNDA:664,bsPutUChar
FNF:9
FNH:9
DA:37,37
DA:39,37
DA:40,37
DA:41,37
DA:46,37
DA:48,111
DA:49,74
DA:50,74
DA:51,74
DA:52,74
DA:54,37
DA:73,2599777
DA:75,3907831
DA:76,2599777
DA:77,2599777
DA:78,2599777
DA:83,86
DA:85,86
DA:86,86
DA:87,86
DA:88,86
DA:89,86
DA:94,664
DA:96,664
DA:97,664
DA:106,49
DA:108,49
DA:109,49
DA:110,12593
DA:111,22268
DA:112,9724
DA:113,9724
DA:114,9724
DA:115,49
DA:120,49
DA:122,49
DA:123,49
DA:124,49
DA:125,49
DA:126,49
DA:150,49
DA:151,49
DA:152,49
DA:154,49
DA:155,49
DA:157,9871
DA:159,49
DA:160,49
DA:161,9773
DA:163,5256803
DA:164,5256754
DA:166,5256754
DA:167,5256754
DA:170,5256754
DA:171,3599626
DA:172,3599626
DA:174,1657128
DA:175,485594
DA:176,740259
DA:177,740259
DA:178,238623
DA:179,238623
DA:180,238623
DA:181,501636
DA:182,501636
DA:184,740259
DA:185,254665
DA:187,485594
DA:188,485594
DA:190,1657128
DA:191,1657128
DA:192,1657128
DA:193,1657128
DA:194,1657128
DA:195,1657128
DA:196,1657128
DA:197,33984861
DA:198,32327733
DA:199,32327733
DA:200,32327733
DA:201,32327733
DA:202,32327733
DA:203,32327733
DA:204,1657128
DA:205,1657128
DA:206,1657128
DA:207,1657128
DA:210,5256754
DA:212,49
DA:213,0
DA:214,0
DA:215,0
DA:216,0
DA:217,0
DA:218,0
DA:219,0
DA:220,0
DA:222,0
DA:223,0
DA:225,0
DA:226,0
DA:228,49
DA:230,49
DA:231,49
DA:239,49
DA:241,49
DA:242,49
DA:243,49
DA:256,49
DA:257,49
DA:259,49
DA:261,49
DA:262,0
DA:266,49
DA:267,343
DA:268,59226
DA:269,59226
DA:272,49
DA:273,49
DA:274,49
DA:275,37
DA:276,37
DA:277,37
DA:281,49
DA:283,49
DA:284,49
DA:285,49
DA:286,307
DA:287,258
DA:288,258
DA:289,258
DA:290,10166
DA:291,9908
DA:292,9908
DA:295,406
DA:296,258
DA:297,197
DA:298,86
DA:299,86
DA:300,86
DA:302,258
DA:303,0
DA:308,57966
DA:309,115416
DA:310,9822
DA:311,47886
DA:313,258
DA:314,258
DA:315,258
DA:317,49
DA:322,245
DA:324,1228
DA:326,1228
DA:327,231864
DA:328,231864
DA:334,196
DA:335,37804
DA:336,37656
DA:337,37656
DA:338,37656
DA:339,37656
DA:340,148
DA:342,196
DA:343,196
DA:344,196
DA:345,192012
DA:348,192012
DA:349,191816
DA:350,191816
DA:356,1341848
DA:358,191816
DA:360,191432
DA:361,191432
DA:362,191432
DA:370,191432
DA:371,191432
DA:372,191432
DA:373,191432
DA:374,191432
DA:375,191432
DA:376,191432
DA:377,191432
DA:378,191432
DA:379,191432
DA:383,191432
DA:384,191432
DA:385,191432
DA:387,191432
DA:389,18528
DA:390,18144
DA:391,84960
DA:392,18144
DA:399,191816
DA:400,1341848
DA:401,1150032
DA:402,191816
DA:403,191816
DA:404,191816
DA:405,191816
DA:410,191816
DA:415,191432
DA:416,191432
DA:417,191432
DA:418,191432
DA:419,191432
DA:420,191432
DA:421,191432
DA:422,191432
DA:423,191432
DA:424,191432
DA:428,191432
DA:430,18528
DA:431,18144
DA:434,191816
DA:436,196
DA:437,0
DA:439,0
DA:440,0
DA:441,0
DA:442,0
DA:449,1228
DA:450,2064
DA:451,1032
DA:452,196
DA:455,49
DA:456,49
DA:463,49
DA:464,307
DA:465,48003
DA:466,47954
DA:467,47954
DA:468,47954
DA:469,98322
DA:470,50368
DA:471,50368
DA:472,50368
DA:473,50368
DA:475,47954
DA:476,47954
DA:477,47954
DA:478,49
DA:481,307
DA:482,258
DA:483,258
DA:484,57966
DA:485,57708
DA:486,57708
DA:487,57708
DA:488,258
DA:489,258
DA:490,516
DA:491,258
DA:492,258
DA:496,49
DA:497,833
DA:498,784
DA:499,13328
DA:500,12544
DA:501,784
DA:503,49
DA:504,833
DA:505,784
DA:507,833
DA:508,1460
DA:509,11492
DA:510,10816
DA:511,11492
DA:513,49
DA:514,0
DA:515,49
DA:518,49
DA:519,49
DA:520,49
DA:521,48003
DA:522,98322
DA:523,47954
DA:524,47954
DA:525,49
DA:526,0
DA:529,49
DA:531,307
DA:532,258
DA:533,258
DA:534,57966
DA:535,75481
DA:536,73184
DA:537,57708
DA:538,57708
DA:539,258
DA:541,49
DA:542,0
DA:545,49
DA:546,49
DA:547,49
DA:548,48003
DA:549,48003
DA:550,47954
DA:551,47954
DA:552,47954
DA:554,47954
DA:556,47858
DA:557,95716
DA:558,47858
DA:559,95716
DA:560,47858
DA:568,47858
DA:569,47858
DA:570,47858
DA:571,47858
DA:572,47858
DA:573,47858
DA:574,47858
DA:575,47858
DA:576,47858
DA:577,47858
DA:581,47858
DA:583,4632
DA:584,9072
DA:585,4536
DA:586,4536
DA:587,4536
DA:591,47954
DA:592,47954
DA:594,49
DA:596,49
DA:597,0
DA:598,49
DA:602,49
DA:604,49
DA:606,49
DA:607,49
DA:608,49
DA:609,49
DA:611,49
DA:612,0
DA:616,49
DA:617,49
DA:619,49
DA:622,49
DA:623,37
DA:624,37
DA:625,37
DA:626,37
DA:627,37
DA:628,37
DA:630,49
DA:632,49
DA:633,49
DA:634,49
DA:637,49
DA:648,49
DA:650,49
DA:651,49
DA:652,49
DA:653,49
DA:657,49
DA:659,37
DA:660,37
DA:661,37
DA:662,37
DA:663,37
DA:664,0
DA:665,37
DA:666,37
DA:667,49
LF:365
LH:340
end_of_record
TN:
SF:/Users/mac/rustmap-clone/c-code/bzip2-1.0.8/decompress.c
FN:106,647,BZ2_decompress
FN:27,36,makeMaps_d
FNDA:135,BZ2_decompress
FNDA:20,makeMaps_d
FNF:2
FNH:2
DA:27,20
DA:29,20
DA:30,20
DA:31,5140
DA:32,9065
DA:33,3945
DA:34,3945
DA:35,3945
DA:36,20
DA:106,135
DA:108,135
DA:109,135
DA:110,135
DA:111,135
DA:114,135
DA:115,135
DA:116,135
DA:117,135
DA:118,135
DA:119,135
DA:120,135
DA:121,135
DA:122,135
DA:123,135
DA:124,135
DA:125,135
DA:126,135
DA:127,135
DA:128,135
DA:129,135
DA:130,135
DA:131,135
DA:132,135
DA:133,135
DA:134,135
DA:135,135
DA:136,135
DA:137,135
DA:139,135
DA:141,15
DA:142,15
DA:143,15
DA:144,15
DA:145,15
DA:146,15
DA:147,15
DA:148,15
DA:149,15
DA:150,15
DA:151,15
DA:152,15
DA:153,15
DA:154,15
DA:155,15
DA:156,15
DA:157,15
DA:158,15
DA:159,15
DA:160,15
DA:161,15
DA:162,15
DA:163,15
DA:164,15
DA:165,15
DA:168,135
DA:169,135
DA:170,135
DA:171,135
DA:172,135
DA:173,135
DA:174,135
DA:175,135
DA:176,135
DA:177,135
DA:178,135
DA:179,135
DA:180,135
DA:181,135
DA:182,135
DA:183,135
DA:184,135
DA:185,135
DA:186,135
DA:187,135
DA:188,135
DA:189,135
DA:190,135
DA:191,135
DA:193,135
DA:195,135
DA:197,30
DA:198,15
DA:200,30
DA:201,15
DA:203,30
DA:204,15
DA:206,30
DA:207,15
DA:208,15
DA:209,15
DA:211,30
DA:212,5
DA:213,5
DA:216,5
DA:217,5
DA:218,10
DA:219,10
DA:222,70
DA:224,35
DA:225,20
DA:226,40
DA:227,20
DA:228,40
DA:229,20
DA:230,40
DA:231,20
DA:232,40
DA:233,20
DA:234,40
DA:235,20
DA:237,20
DA:238,20
DA:239,0
DA:241,20
DA:242,40
DA:243,20
DA:244,40
DA:245,20
DA:246,40
DA:247,20
DA:248,40
DA:249,20
DA:251,40
DA:253,20
DA:254,40
DA:255,20
DA:256,40
DA:257,20
DA:258,40
DA:259,20
DA:261,20
DA:262,0
DA:263,20
DA:264,0
DA:267,340
DA:268,360
DA:269,320
DA:270,275
DA:271,45
DA:272,320
DA:274,5140
DA:276,340
DA:277,595
DA:278,4675
DA:279,4950
DA:280,4400
DA:281,4675
DA:282,20
DA:283,20
DA:284,20
DA:287,20
DA:288,20
DA:289,60
DA:290,20
DA:291,19505
DA:292,19485
DA:293,39895
DA:294,44885
DA:295,39895
DA:296,20410
DA:297,20410
DA:302,19485
DA:303,19485
DA:304,19485
DA:305,20
DA:306,0
DA:310,20
DA:311,125
DA:313,19505
DA:314,19485
DA:315,19485
DA:316,39895
DA:317,19485
DA:318,19485
DA:319,19485
DA:320,20
DA:323,125
DA:324,145
DA:325,23505
DA:326,36810
DA:327,36810
DA:328,41435
DA:329,36810
DA:330,15085
DA:331,13410
DA:333,23400
DA:334,23400
DA:335,105
DA:338,125
DA:339,105
DA:340,105
DA:341,23505
DA:342,23400
DA:343,23400
DA:344,23400
DA:345,105
DA:346,105
DA:347,105
DA:348,105
DA:349,105
DA:350,105
DA:352,105
DA:353,105
DA:357,20
DA:358,20
DA:359,20
DA:360,20
DA:362,5140
DA:366,20
DA:367,20
DA:368,340
DA:369,5440
DA:370,5120
DA:371,5120
DA:372,5120
DA:373,320
DA:374,320
DA:375,20
DA:378,20
DA:379,165
DA:381,870695
DA:383,870695
DA:385,870675
DA:387,197265
DA:388,197265
DA:389,197265
DA:396,300710
DA:397,300710
DA:398,96975
DA:399,300710
DA:400,1054480
DA:401,601420
DA:402,300710
DA:404,197265
DA:405,197265
DA:406,197265
DA:408,197265
DA:409,600430
DA:410,600235
DA:411,600235
DA:412,600235
DA:413,600235
DA:416,1072835
DA:417,875765
DA:418,875765
DA:419,875765
DA:420,875765
DA:423,197265
DA:427,673410
DA:431,673410
DA:432,673410
DA:433,673410
DA:435,673410
DA:437,530445
DA:438,530445
DA:439,877055
DA:440,346610
DA:441,346610
DA:442,346610
DA:443,346610
DA:444,346610
DA:445,346610
DA:446,346610
DA:447,1313790
DA:448,783345
DA:450,530445
DA:451,530445
DA:453,142965
DA:454,142965
DA:455,142965
DA:456,142965
DA:457,1085605
DA:458,942640
DA:460,142965
DA:461,814445
DA:462,671480
DA:463,671480
DA:464,1342960
DA:465,671480
DA:467,142965
DA:468,142965
DA:469,142965
DA:470,30
DA:471,510
DA:472,8160
DA:473,7680
DA:474,7680
DA:475,7680
DA:476,480
DA:477,480
DA:478,30
DA:480,673410
DA:483,673410
DA:484,673410
DA:485,985
DA:486,672425
DA:487,673410
DA:489,2319485
DA:490,673410
DA:497,20
DA:498,0
DA:502,5140
DA:503,5120
DA:504,0
DA:505,5120
DA:507,20
DA:508,5140
DA:509,5140
DA:511,5160
DA:512,5140
DA:514,0
DA:516,5140
DA:518,5140
DA:519,5120
DA:520,0
DA:522,5120
DA:524,20
DA:525,20
DA:526,20
DA:527,20
DA:528,20
DA:530,20
DA:533,1290
DA:536,601225
DA:537,601220
DA:538,601220
DA:539,601220
DA:540,601220
DA:543,5
DA:544,5
DA:545,5
DA:546,601220
DA:547,601220
DA:548,601220
DA:549,601220
DA:550,601220
DA:551,601220
DA:553,5
DA:554,5
DA:555,5
DA:556,0
DA:557,0
DA:558,0
DA:559,0
DA:560,5
DA:563,5
DA:566,1548205
DA:567,1548190
DA:568,1548190
DA:569,1548190
DA:570,1548190
DA:572,15
DA:573,15
DA:574,15
DA:575,0
DA:576,0
DA:577,0
DA:578,0
DA:579,15
DA:584,35
DA:590,30
DA:591,15
DA:592,30
DA:593,15
DA:594,30
DA:595,15
DA:596,30
DA:597,15
DA:598,30
DA:599,15
DA:601,15
DA:602,30
DA:603,15
DA:604,30
DA:605,15
DA:606,30
DA:607,15
DA:608,30
DA:609,15
DA:611,15
DA:612,15
DA:614,0
DA:615,0
DA:617,0
DA:621,135
DA:622,135
DA:623,135
DA:624,135
DA:625,135
DA:626,135
DA:627,135
DA:628,135
DA:629,135
DA:630,135
DA:631,135
DA:632,135
DA:633,135
DA:634,135
DA:635,135
DA:636,135
DA:637,135
DA:638,135
DA:639,135
DA:640,135
DA:641,135
DA:642,135
DA:643,135
DA:644,135
DA:646,135
DA:647,135
LF:420
LH:401
end_of_record
TN:
SF:/Users/mac/rustmap-clone/c-code/bzip2-1.0.8/huffman.c
FN:152,166,BZ2_hbAssignCodes
FN:170,200,BZ2_hbCreateDecodeTables
FN:63,148,BZ2_hbMakeCodeLengths
FNDA:258,BZ2_hbAssignCodes
FNDA:105,BZ2_hbCreateDecodeTables
FNDA:1032,BZ2_hbMakeCodeLengths
FNF:3
FNH:3
DA:63,1032
DA:72,1032
DA:73,1032
DA:75,1032
DA:76,1032
DA:77,1032
DA:79,231864
DA:80,230832
DA:82,1032
DA:84,1032
DA:85,1032
DA:87,1032
DA:88,1032
DA:89,1032
DA:91,231864
DA:92,230832
DA:93,230832
DA:94,230832
DA:95,597087
DA:96,230832
DA:98,1032
DA:100,230832
DA:101,1458257
DA:102,1439473
DA:103,229800
DA:104,229800
DA:105,229800
DA:106,229800
DA:107,229800
DA:108,229800
DA:109,256971
DA:112,1032
DA:114,1032
DA:115,231864
DA:116,230832
DA:117,230832
DA:118,2686209
DA:119,230832
DA:120,230832
DA:121,230832
DA:123,1032
DA:142,0
DA:143,0
DA:144,0
DA:145,0
DA:146,0
DA:148,1032
DA:152,258
DA:158,258
DA:160,258
DA:161,2849
DA:162,624545
DA:163,621954
DA:164,2591
DA:165,2591
DA:166,258
DA:170,105
DA:178,105
DA:180,105
DA:181,1155
DA:182,252565
DA:183,252565
DA:185,2520
DA:186,23505
DA:188,2415
DA:190,2520
DA:191,105
DA:193,1155
DA:194,1050
DA:195,1050
DA:196,1050
DA:197,1050
DA:198,1050
DA:199,945
DA:200,105
LF:75
LH:70
end_of_record
